2020-10-27 08:27:38 INFO  main cc.mrbird.febs.FebsShiroApplication Starting FebsShiroApplication on LAPTOP-JVB4VUNK with PID 23488 (C:\Users\spring\Desktop\日程管理\febs\target\classes started by 姑娘脸红晕如潮 in C:\Users\spring\Desktop\日程管理\febs)
2020-10-27 08:27:38 INFO  main cc.mrbird.febs.FebsShiroApplication The following profiles are active: dev
2020-10-27 08:27:43 INFO  main org.springframework.data.repository.config.RepositoryConfigurationDelegate Multiple Spring Data modules found, entering strict repository configuration mode!
2020-10-27 08:27:43 INFO  main org.springframework.data.repository.config.RepositoryConfigurationDelegate Bootstrapping Spring Data Redis repositories in DEFAULT mode.
2020-10-27 08:27:43 INFO  main org.springframework.data.repository.config.RepositoryConfigurationDelegate Finished Spring Data repository scanning in 124ms. Found 0 Redis repository interfaces.
2020-10-27 08:27:44 INFO  main org.springframework.context.support.PostProcessorRegistrationDelegate$BeanPostProcessorChecker Bean 'febsProperties' of type [cc.mrbird.febs.common.properties.FebsProperties$$EnhancerBySpringCGLIB$$868d24ed] is not eligible for getting processed by all BeanPostProcessors (for example: not eligible for auto-proxying)
2020-10-27 08:27:44 INFO  main org.springframework.context.support.PostProcessorRegistrationDelegate$BeanPostProcessorChecker Bean 'shiroConfig' of type [cc.mrbird.febs.common.authentication.ShiroConfig$$EnhancerBySpringCGLIB$$8746071a] is not eligible for getting processed by all BeanPostProcessors (for example: not eligible for auto-proxying)
2020-10-27 08:27:45 INFO  main org.springframework.context.support.PostProcessorRegistrationDelegate$BeanPostProcessorChecker Bean 'mybatis-plus-com.baomidou.mybatisplus.autoconfigure.MybatisPlusProperties' of type [com.baomidou.mybatisplus.autoconfigure.MybatisPlusProperties] is not eligible for getting processed by all BeanPostProcessors (for example: not eligible for auto-proxying)
2020-10-27 08:27:45 INFO  main org.springframework.context.support.PostProcessorRegistrationDelegate$BeanPostProcessorChecker Bean 'mybatisPlusConfigure' of type [cc.mrbird.febs.common.configure.MybatisPlusConfigure$$EnhancerBySpringCGLIB$$8323ab9e] is not eligible for getting processed by all BeanPostProcessors (for example: not eligible for auto-proxying)
2020-10-27 08:27:45 INFO  main org.springframework.context.support.PostProcessorRegistrationDelegate$BeanPostProcessorChecker Bean 'dataPermissionInterceptor' of type [cc.mrbird.febs.common.interceptor.DataPermissionInterceptor] is not eligible for getting processed by all BeanPostProcessors (for example: not eligible for auto-proxying)
2020-10-27 08:27:45 INFO  main org.springframework.context.support.PostProcessorRegistrationDelegate$BeanPostProcessorChecker Bean 'desensitizationInterceptor' of type [cc.mrbird.febs.common.interceptor.DesensitizationInterceptor] is not eligible for getting processed by all BeanPostProcessors (for example: not eligible for auto-proxying)
2020-10-27 08:27:45 INFO  main org.springframework.context.support.PostProcessorRegistrationDelegate$BeanPostProcessorChecker Bean 'paginationInterceptor' of type [com.baomidou.mybatisplus.extension.plugins.PaginationInterceptor] is not eligible for getting processed by all BeanPostProcessors (for example: not eligible for auto-proxying)
2020-10-27 08:27:45 INFO  main org.springframework.context.support.PostProcessorRegistrationDelegate$BeanPostProcessorChecker Bean 'optimisticLockerInterceptor' of type [com.baomidou.mybatisplus.extension.plugins.OptimisticLockerInterceptor] is not eligible for getting processed by all BeanPostProcessors (for example: not eligible for auto-proxying)
2020-10-27 08:27:45 INFO  main org.springframework.context.support.PostProcessorRegistrationDelegate$BeanPostProcessorChecker Bean 'com.baomidou.mybatisplus.autoconfigure.MybatisPlusAutoConfiguration' of type [com.baomidou.mybatisplus.autoconfigure.MybatisPlusAutoConfiguration$$EnhancerBySpringCGLIB$$598e720b] is not eligible for getting processed by all BeanPostProcessors (for example: not eligible for auto-proxying)
2020-10-27 08:27:45 INFO  main org.springframework.context.support.PostProcessorRegistrationDelegate$BeanPostProcessorChecker Bean 'org.springframework.boot.autoconfigure.jdbc.DataSourceConfiguration$Hikari' of type [org.springframework.boot.autoconfigure.jdbc.DataSourceConfiguration$Hikari] is not eligible for getting processed by all BeanPostProcessors (for example: not eligible for auto-proxying)
2020-10-27 08:27:45 INFO  main org.springframework.context.support.PostProcessorRegistrationDelegate$BeanPostProcessorChecker Bean 'spring.datasource-org.springframework.boot.autoconfigure.jdbc.DataSourceProperties' of type [org.springframework.boot.autoconfigure.jdbc.DataSourceProperties] is not eligible for getting processed by all BeanPostProcessors (for example: not eligible for auto-proxying)
2020-10-27 08:27:45 INFO  main org.springframework.context.support.PostProcessorRegistrationDelegate$BeanPostProcessorChecker Bean 'dataSource' of type [com.zaxxer.hikari.HikariDataSource] is not eligible for getting processed by all BeanPostProcessors (for example: not eligible for auto-proxying)
2020-10-27 08:27:45 INFO  main org.springframework.context.support.PostProcessorRegistrationDelegate$BeanPostProcessorChecker Bean 'org.springframework.boot.autoconfigure.jdbc.DataSourceInitializerInvoker' of type [org.springframework.boot.autoconfigure.jdbc.DataSourceInitializerInvoker] is not eligible for getting processed by all BeanPostProcessors (for example: not eligible for auto-proxying)
2020-10-27 08:27:45 INFO  main org.springframework.context.support.PostProcessorRegistrationDelegate$BeanPostProcessorChecker Bean 'oracleKeyGenerator' of type [com.baomidou.mybatisplus.extension.incrementer.OracleKeyGenerator] is not eligible for getting processed by all BeanPostProcessors (for example: not eligible for auto-proxying)
2020-10-27 08:27:47 INFO  main org.springframework.context.support.PostProcessorRegistrationDelegate$BeanPostProcessorChecker Bean 'sqlSessionFactory' of type [org.apache.ibatis.session.defaults.DefaultSqlSessionFactory] is not eligible for getting processed by all BeanPostProcessors (for example: not eligible for auto-proxying)
2020-10-27 08:27:47 INFO  main org.springframework.context.support.PostProcessorRegistrationDelegate$BeanPostProcessorChecker Bean 'sqlSessionTemplate' of type [org.mybatis.spring.SqlSessionTemplate] is not eligible for getting processed by all BeanPostProcessors (for example: not eligible for auto-proxying)
2020-10-27 08:27:47 INFO  main org.springframework.context.support.PostProcessorRegistrationDelegate$BeanPostProcessorChecker Bean 'userDataPermissionMapper' of type [org.mybatis.spring.mapper.MapperFactoryBean] is not eligible for getting processed by all BeanPostProcessors (for example: not eligible for auto-proxying)
2020-10-27 08:27:47 INFO  main org.springframework.context.support.PostProcessorRegistrationDelegate$BeanPostProcessorChecker Bean 'userDataPermissionMapper' of type [com.sun.proxy.$Proxy114] is not eligible for getting processed by all BeanPostProcessors (for example: not eligible for auto-proxying)
2020-10-27 08:27:47 INFO  main org.springframework.context.support.PostProcessorRegistrationDelegate$BeanPostProcessorChecker Bean 'userDataPermissionService' of type [cc.mrbird.febs.system.service.impl.UserDataPermissionServiceImpl] is not eligible for getting processed by all BeanPostProcessors (for example: not eligible for auto-proxying)
2020-10-27 08:27:48 INFO  main org.springframework.context.support.PostProcessorRegistrationDelegate$BeanPostProcessorChecker Bean 'roleMenuMapper' of type [org.mybatis.spring.mapper.MapperFactoryBean] is not eligible for getting processed by all BeanPostProcessors (for example: not eligible for auto-proxying)
2020-10-27 08:27:48 INFO  main org.springframework.context.support.PostProcessorRegistrationDelegate$BeanPostProcessorChecker Bean 'roleMenuMapper' of type [com.sun.proxy.$Proxy116] is not eligible for getting processed by all BeanPostProcessors (for example: not eligible for auto-proxying)
2020-10-27 08:27:48 INFO  main org.springframework.context.support.PostProcessorRegistrationDelegate$BeanPostProcessorChecker Bean 'roleMenuServiceImpl' of type [cc.mrbird.febs.system.service.impl.RoleMenuServiceImpl] is not eligible for getting processed by all BeanPostProcessors (for example: not eligible for auto-proxying)
2020-10-27 08:27:48 INFO  main org.springframework.context.support.PostProcessorRegistrationDelegate$BeanPostProcessorChecker Bean 'menuMapper' of type [org.mybatis.spring.mapper.MapperFactoryBean] is not eligible for getting processed by all BeanPostProcessors (for example: not eligible for auto-proxying)
2020-10-27 08:27:48 INFO  main org.springframework.context.support.PostProcessorRegistrationDelegate$BeanPostProcessorChecker Bean 'menuMapper' of type [com.sun.proxy.$Proxy118] is not eligible for getting processed by all BeanPostProcessors (for example: not eligible for auto-proxying)
2020-10-27 08:27:48 INFO  main org.springframework.context.support.PostProcessorRegistrationDelegate$BeanPostProcessorChecker Bean 'menuServiceImpl' of type [cc.mrbird.febs.system.service.impl.MenuServiceImpl] is not eligible for getting processed by all BeanPostProcessors (for example: not eligible for auto-proxying)
2020-10-27 08:27:48 INFO  main org.springframework.context.support.PostProcessorRegistrationDelegate$BeanPostProcessorChecker Bean 'userRoleMapper' of type [org.mybatis.spring.mapper.MapperFactoryBean] is not eligible for getting processed by all BeanPostProcessors (for example: not eligible for auto-proxying)
2020-10-27 08:27:48 INFO  main org.springframework.context.support.PostProcessorRegistrationDelegate$BeanPostProcessorChecker Bean 'userRoleMapper' of type [com.sun.proxy.$Proxy120] is not eligible for getting processed by all BeanPostProcessors (for example: not eligible for auto-proxying)
2020-10-27 08:27:48 INFO  main org.springframework.context.support.PostProcessorRegistrationDelegate$BeanPostProcessorChecker Bean 'userRoleServiceImpl' of type [cc.mrbird.febs.system.service.impl.UserRoleServiceImpl] is not eligible for getting processed by all BeanPostProcessors (for example: not eligible for auto-proxying)
2020-10-27 08:27:48 INFO  main org.springframework.context.support.PostProcessorRegistrationDelegate$BeanPostProcessorChecker Bean 'userMapper' of type [org.mybatis.spring.mapper.MapperFactoryBean] is not eligible for getting processed by all BeanPostProcessors (for example: not eligible for auto-proxying)
2020-10-27 08:27:48 INFO  main org.springframework.context.support.PostProcessorRegistrationDelegate$BeanPostProcessorChecker Bean 'userMapper' of type [com.sun.proxy.$Proxy122] is not eligible for getting processed by all BeanPostProcessors (for example: not eligible for auto-proxying)
2020-10-27 08:27:48 INFO  main org.springframework.context.support.PostProcessorRegistrationDelegate$BeanPostProcessorChecker Bean 'userServiceImpl' of type [cc.mrbird.febs.system.service.impl.UserServiceImpl] is not eligible for getting processed by all BeanPostProcessors (for example: not eligible for auto-proxying)
2020-10-27 08:27:48 INFO  main org.springframework.context.support.PostProcessorRegistrationDelegate$BeanPostProcessorChecker Bean 'roleMapper' of type [org.mybatis.spring.mapper.MapperFactoryBean] is not eligible for getting processed by all BeanPostProcessors (for example: not eligible for auto-proxying)
2020-10-27 08:27:48 INFO  main org.springframework.context.support.PostProcessorRegistrationDelegate$BeanPostProcessorChecker Bean 'roleMapper' of type [com.sun.proxy.$Proxy125] is not eligible for getting processed by all BeanPostProcessors (for example: not eligible for auto-proxying)
2020-10-27 08:27:48 INFO  main org.springframework.context.support.PostProcessorRegistrationDelegate$BeanPostProcessorChecker Bean 'roleServiceImpl' of type [cc.mrbird.febs.system.service.impl.RoleServiceImpl] is not eligible for getting processed by all BeanPostProcessors (for example: not eligible for auto-proxying)
2020-10-27 08:27:48 INFO  main org.springframework.context.support.PostProcessorRegistrationDelegate$BeanPostProcessorChecker Bean 'shiroRealm' of type [cc.mrbird.febs.common.authentication.ShiroRealm] is not eligible for getting processed by all BeanPostProcessors (for example: not eligible for auto-proxying)
2020-10-27 08:27:49 INFO  main org.springframework.context.support.PostProcessorRegistrationDelegate$BeanPostProcessorChecker Bean 'redisSessionDAO' of type [org.crazycake.shiro.RedisSessionDAO] is not eligible for getting processed by all BeanPostProcessors (for example: not eligible for auto-proxying)
2020-10-27 08:27:49 INFO  main org.springframework.context.support.PostProcessorRegistrationDelegate$BeanPostProcessorChecker Bean 'sessionManager' of type [org.apache.shiro.web.session.mgt.DefaultWebSessionManager] is not eligible for getting processed by all BeanPostProcessors (for example: not eligible for auto-proxying)
2020-10-27 08:27:49 INFO  main org.springframework.context.support.PostProcessorRegistrationDelegate$BeanPostProcessorChecker Bean 'securityManager' of type [org.apache.shiro.web.mgt.DefaultWebSecurityManager] is not eligible for getting processed by all BeanPostProcessors (for example: not eligible for auto-proxying)
2020-10-27 08:27:49 INFO  main org.springframework.context.support.PostProcessorRegistrationDelegate$BeanPostProcessorChecker Bean 'authorizationAttributeSourceAdvisor' of type [org.apache.shiro.spring.security.interceptor.AuthorizationAttributeSourceAdvisor] is not eligible for getting processed by all BeanPostProcessors (for example: not eligible for auto-proxying)
2020-10-27 08:27:50 INFO  main org.springframework.boot.web.embedded.tomcat.TomcatWebServer Tomcat initialized with port(s): 8081 (http)
2020-10-27 08:27:50 INFO  main org.apache.coyote.http11.Http11NioProtocol Initializing ProtocolHandler ["http-nio-8081"]
2020-10-27 08:27:50 INFO  main org.apache.catalina.core.StandardService Starting service [Tomcat]
2020-10-27 08:27:50 INFO  main org.apache.catalina.core.StandardEngine Starting Servlet engine: [Apache Tomcat/9.0.31]
2020-10-27 08:27:50 INFO  main org.apache.catalina.core.ContainerBase.[Tomcat].[localhost].[/] Initializing Spring embedded WebApplicationContext
2020-10-27 08:27:50 INFO  main org.springframework.boot.web.servlet.context.ServletWebServerApplicationContext Root WebApplicationContext: initialization completed in 11844 ms
2020-10-27 08:27:50 INFO  main cc.mrbird.febs.common.xss.XssFilter ------------ xss filter init ------------
2020-10-27 08:27:51 INFO  main com.zaxxer.hikari.HikariDataSource HikariPool-1 - Starting...
2020-10-27 08:27:51 INFO  main com.zaxxer.hikari.pool.PoolBase HikariPool-1 - Driver does not support get/set network timeout for connections. (oracle.jdbc.driver.T4CConnection.getNetworkTimeout()I)
2020-10-27 08:27:51 INFO  main com.zaxxer.hikari.HikariDataSource HikariPool-1 - Start completed.
2020-10-27 08:27:53 INFO  main org.springframework.boot.actuate.endpoint.web.EndpointLinksResolver Exposing 2 endpoint(s) beneath base path '/actuator'
2020-10-27 08:27:53 INFO  main springfox.documentation.spring.web.PropertySourcedRequestMappingHandlerMapping Mapped URL path [/v2/api-docs] onto method [springfox.documentation.swagger2.web.Swagger2Controller#getDocumentation(String, HttpServletRequest)]
2020-10-27 08:27:53 INFO  main org.springframework.scheduling.concurrent.ThreadPoolTaskExecutor Initializing ExecutorService
2020-10-27 08:27:53 INFO  main org.springframework.scheduling.concurrent.ThreadPoolTaskExecutor Initializing ExecutorService 'febsAsyncThreadPool'
2020-10-27 08:27:53 INFO  main org.springframework.boot.autoconfigure.web.servlet.WelcomePageHandlerMapping Adding welcome page template: index
2020-10-27 08:27:54 INFO  main org.quartz.impl.StdSchedulerFactory Using default implementation for ThreadExecutor
2020-10-27 08:27:54 INFO  main org.quartz.core.SchedulerSignalerImpl Initialized Scheduler Signaller of type: class org.quartz.core.SchedulerSignalerImpl
2020-10-27 08:27:54 INFO  main org.quartz.core.QuartzScheduler Quartz Scheduler v.2.3.2 created.
2020-10-27 08:27:54 INFO  main org.quartz.simpl.RAMJobStore RAMJobStore initialized.
2020-10-27 08:27:54 INFO  main org.quartz.core.QuartzScheduler Scheduler meta-data: Quartz Scheduler (v2.3.2) 'quartzScheduler' with instanceId 'NON_CLUSTERED'
  Scheduler class: 'org.quartz.core.QuartzScheduler' - running locally.
  NOT STARTED.
  Currently in standby mode.
  Number of jobs executed: 0
  Using thread pool 'org.quartz.simpl.SimpleThreadPool' - with 10 threads.
  Using job-store 'org.quartz.simpl.RAMJobStore' - which does not support persistence. and is not clustered.

2020-10-27 08:27:54 INFO  main org.quartz.impl.StdSchedulerFactory Quartz scheduler 'quartzScheduler' initialized from an externally provided properties instance.
2020-10-27 08:27:54 INFO  main org.quartz.impl.StdSchedulerFactory Quartz scheduler version: 2.3.2
2020-10-27 08:27:54 INFO  main org.quartz.core.QuartzScheduler JobFactory set to: org.springframework.scheduling.quartz.SpringBeanJobFactory@5cba890e
2020-10-27 08:27:54 INFO  main org.springframework.scheduling.concurrent.ThreadPoolTaskScheduler Initializing ExecutorService 'taskScheduler'
2020-10-27 08:27:54 INFO  main org.apache.coyote.http11.Http11NioProtocol Starting ProtocolHandler ["http-nio-8081"]
2020-10-27 08:27:54 INFO  main org.apache.catalina.core.ContainerBase.[Tomcat].[localhost].[/] Initializing Spring DispatcherServlet 'dispatcherServlet'
2020-10-27 08:27:54 INFO  main org.springframework.web.servlet.DispatcherServlet Initializing Servlet 'dispatcherServlet'
2020-10-27 08:27:54 INFO  main org.springframework.web.servlet.DispatcherServlet Completed initialization in 7 ms
2020-10-27 08:27:54 INFO  main org.springframework.boot.web.embedded.tomcat.TomcatWebServer Tomcat started on port(s): 8081 (http) with context path ''
2020-10-27 08:27:54 INFO  main springfox.documentation.spring.web.plugins.DocumentationPluginsBootstrapper Context refreshed
2020-10-27 08:27:54 INFO  main springfox.documentation.spring.web.plugins.DocumentationPluginsBootstrapper Found 1 custom documentation plugin(s)
2020-10-27 08:27:54 INFO  main springfox.documentation.spring.web.scanners.ApiListingReferenceScanner Scanning for api listing references
2020-10-27 08:27:54 INFO  main springfox.documentation.spring.web.readers.operation.CachingOperationNameGenerator Generating unique operation named: getDeptTreeUsingGET_1
2020-10-27 08:27:54 INFO  main springfox.documentation.spring.web.readers.operation.CachingOperationNameGenerator Generating unique operation named: exportUsingGET_1
2020-10-27 08:27:54 INFO  main springfox.documentation.spring.web.readers.operation.CachingOperationNameGenerator Generating unique operation named: exportUsingGET_2
2020-10-27 08:27:54 INFO  main springfox.documentation.spring.web.readers.operation.CachingOperationNameGenerator Generating unique operation named: exportUsingGET_3
2020-10-27 08:27:54 INFO  main springfox.documentation.spring.web.readers.operation.CachingOperationNameGenerator Generating unique operation named: addMatterRemindUsingGET_1
2020-10-27 08:27:54 INFO  main springfox.documentation.spring.web.readers.operation.CachingOperationNameGenerator Generating unique operation named: getDeptTreeUsingGET_2
2020-10-27 08:27:54 INFO  main springfox.documentation.spring.web.readers.operation.CachingOperationNameGenerator Generating unique operation named: exportUsingGET_4
2020-10-27 08:27:54 INFO  main springfox.documentation.spring.web.readers.operation.CachingOperationNameGenerator Generating unique operation named: exportUsingPOST_1
2020-10-27 08:27:54 INFO  main springfox.documentation.spring.web.readers.operation.CachingOperationNameGenerator Generating unique operation named: exportUsingGET_5
2020-10-27 08:27:54 INFO  main springfox.documentation.spring.web.readers.operation.CachingOperationNameGenerator Generating unique operation named: addCycleUsingGET_1
2020-10-27 08:27:54 INFO  main springfox.documentation.spring.web.readers.operation.CachingOperationNameGenerator Generating unique operation named: indexUsingGET_1
2020-10-27 08:27:55 INFO  main springfox.documentation.spring.web.readers.operation.CachingOperationNameGenerator Generating unique operation named: systemMatterAdderUsingGET_1
2020-10-27 08:27:55 INFO  main org.springframework.scheduling.quartz.SchedulerFactoryBean Starting Quartz Scheduler now
2020-10-27 08:27:55 INFO  main org.quartz.core.QuartzScheduler Scheduler quartzScheduler_$_NON_CLUSTERED started.
2020-10-27 08:27:55 INFO  main cc.mrbird.febs.FebsShiroApplication Started FebsShiroApplication in 18.329 seconds (JVM running for 21.548)
2020-10-27 08:27:56 INFO  main cc.mrbird.febs.common.runner.FebsStartedUpRunner  __    ___   _      ___   _     ____ _____  ____ 
2020-10-27 08:27:56 INFO  main cc.mrbird.febs.common.runner.FebsStartedUpRunner / /`  / / \ | |\/| | |_) | |   | |_   | |  | |_  
2020-10-27 08:27:56 INFO  main cc.mrbird.febs.common.runner.FebsStartedUpRunner \_\_, \_\_/ |_|  | |_|   |_|__ |_|__  |_|  |_|__ 
2020-10-27 08:27:56 INFO  main cc.mrbird.febs.common.runner.FebsStartedUpRunner                                                       
2020-10-27 08:27:56 INFO  main cc.mrbird.febs.common.runner.FebsStartedUpRunner FEBS 权限系统启动完毕，地址：http://192.168.56.1:8081/login
2020-10-27 08:27:57 INFO  http-nio-8081-exec-1 org.apache.shiro.session.mgt.AbstractValidatingSessionManager Enabling session validation scheduler...
2020-10-27 08:27:58 INFO  http-nio-8081-exec-2 cc.mrbird.febs.common.aspect.LimitAspect IP:192.168.56.1 第 1 次访问key为 [limit_get_captcha192.168.56.1]，描述为 [获取验证码] 的接口
2020-10-27 08:32:11 INFO  main cc.mrbird.febs.FebsShiroApplication Starting FebsShiroApplication on LAPTOP-JVB4VUNK with PID 15712 (C:\Users\spring\Desktop\日程管理\febs\target\classes started by 姑娘脸红晕如潮 in C:\Users\spring\Desktop\日程管理\febs)
2020-10-27 08:32:11 INFO  main cc.mrbird.febs.FebsShiroApplication The following profiles are active: dev
2020-10-27 08:32:13 INFO  main org.springframework.data.repository.config.RepositoryConfigurationDelegate Multiple Spring Data modules found, entering strict repository configuration mode!
2020-10-27 08:32:13 INFO  main org.springframework.data.repository.config.RepositoryConfigurationDelegate Bootstrapping Spring Data Redis repositories in DEFAULT mode.
2020-10-27 08:32:13 INFO  main org.springframework.data.repository.config.RepositoryConfigurationDelegate Finished Spring Data repository scanning in 115ms. Found 0 Redis repository interfaces.
2020-10-27 08:32:14 INFO  main org.springframework.context.support.PostProcessorRegistrationDelegate$BeanPostProcessorChecker Bean 'febsProperties' of type [cc.mrbird.febs.common.properties.FebsProperties$$EnhancerBySpringCGLIB$$b6a73c19] is not eligible for getting processed by all BeanPostProcessors (for example: not eligible for auto-proxying)
2020-10-27 08:32:14 INFO  main org.springframework.context.support.PostProcessorRegistrationDelegate$BeanPostProcessorChecker Bean 'shiroConfig' of type [cc.mrbird.febs.common.authentication.ShiroConfig$$EnhancerBySpringCGLIB$$b7601e46] is not eligible for getting processed by all BeanPostProcessors (for example: not eligible for auto-proxying)
2020-10-27 08:32:14 INFO  main org.springframework.context.support.PostProcessorRegistrationDelegate$BeanPostProcessorChecker Bean 'mybatis-plus-com.baomidou.mybatisplus.autoconfigure.MybatisPlusProperties' of type [com.baomidou.mybatisplus.autoconfigure.MybatisPlusProperties] is not eligible for getting processed by all BeanPostProcessors (for example: not eligible for auto-proxying)
2020-10-27 08:32:14 INFO  main org.springframework.context.support.PostProcessorRegistrationDelegate$BeanPostProcessorChecker Bean 'mybatisPlusConfigure' of type [cc.mrbird.febs.common.configure.MybatisPlusConfigure$$EnhancerBySpringCGLIB$$b33dc2ca] is not eligible for getting processed by all BeanPostProcessors (for example: not eligible for auto-proxying)
2020-10-27 08:32:14 INFO  main org.springframework.context.support.PostProcessorRegistrationDelegate$BeanPostProcessorChecker Bean 'dataPermissionInterceptor' of type [cc.mrbird.febs.common.interceptor.DataPermissionInterceptor] is not eligible for getting processed by all BeanPostProcessors (for example: not eligible for auto-proxying)
2020-10-27 08:32:14 INFO  main org.springframework.context.support.PostProcessorRegistrationDelegate$BeanPostProcessorChecker Bean 'desensitizationInterceptor' of type [cc.mrbird.febs.common.interceptor.DesensitizationInterceptor] is not eligible for getting processed by all BeanPostProcessors (for example: not eligible for auto-proxying)
2020-10-27 08:32:14 INFO  main org.springframework.context.support.PostProcessorRegistrationDelegate$BeanPostProcessorChecker Bean 'paginationInterceptor' of type [com.baomidou.mybatisplus.extension.plugins.PaginationInterceptor] is not eligible for getting processed by all BeanPostProcessors (for example: not eligible for auto-proxying)
2020-10-27 08:32:14 INFO  main org.springframework.context.support.PostProcessorRegistrationDelegate$BeanPostProcessorChecker Bean 'optimisticLockerInterceptor' of type [com.baomidou.mybatisplus.extension.plugins.OptimisticLockerInterceptor] is not eligible for getting processed by all BeanPostProcessors (for example: not eligible for auto-proxying)
2020-10-27 08:32:14 INFO  main org.springframework.context.support.PostProcessorRegistrationDelegate$BeanPostProcessorChecker Bean 'com.baomidou.mybatisplus.autoconfigure.MybatisPlusAutoConfiguration' of type [com.baomidou.mybatisplus.autoconfigure.MybatisPlusAutoConfiguration$$EnhancerBySpringCGLIB$$89a88937] is not eligible for getting processed by all BeanPostProcessors (for example: not eligible for auto-proxying)
2020-10-27 08:32:14 INFO  main org.springframework.context.support.PostProcessorRegistrationDelegate$BeanPostProcessorChecker Bean 'org.springframework.boot.autoconfigure.jdbc.DataSourceConfiguration$Hikari' of type [org.springframework.boot.autoconfigure.jdbc.DataSourceConfiguration$Hikari] is not eligible for getting processed by all BeanPostProcessors (for example: not eligible for auto-proxying)
2020-10-27 08:32:14 INFO  main org.springframework.context.support.PostProcessorRegistrationDelegate$BeanPostProcessorChecker Bean 'spring.datasource-org.springframework.boot.autoconfigure.jdbc.DataSourceProperties' of type [org.springframework.boot.autoconfigure.jdbc.DataSourceProperties] is not eligible for getting processed by all BeanPostProcessors (for example: not eligible for auto-proxying)
2020-10-27 08:32:14 INFO  main org.springframework.context.support.PostProcessorRegistrationDelegate$BeanPostProcessorChecker Bean 'dataSource' of type [com.zaxxer.hikari.HikariDataSource] is not eligible for getting processed by all BeanPostProcessors (for example: not eligible for auto-proxying)
2020-10-27 08:32:14 INFO  main org.springframework.context.support.PostProcessorRegistrationDelegate$BeanPostProcessorChecker Bean 'org.springframework.boot.autoconfigure.jdbc.DataSourceInitializerInvoker' of type [org.springframework.boot.autoconfigure.jdbc.DataSourceInitializerInvoker] is not eligible for getting processed by all BeanPostProcessors (for example: not eligible for auto-proxying)
2020-10-27 08:32:14 INFO  main org.springframework.context.support.PostProcessorRegistrationDelegate$BeanPostProcessorChecker Bean 'oracleKeyGenerator' of type [com.baomidou.mybatisplus.extension.incrementer.OracleKeyGenerator] is not eligible for getting processed by all BeanPostProcessors (for example: not eligible for auto-proxying)
2020-10-27 08:32:15 INFO  main org.springframework.context.support.PostProcessorRegistrationDelegate$BeanPostProcessorChecker Bean 'sqlSessionFactory' of type [org.apache.ibatis.session.defaults.DefaultSqlSessionFactory] is not eligible for getting processed by all BeanPostProcessors (for example: not eligible for auto-proxying)
2020-10-27 08:32:15 INFO  main org.springframework.context.support.PostProcessorRegistrationDelegate$BeanPostProcessorChecker Bean 'sqlSessionTemplate' of type [org.mybatis.spring.SqlSessionTemplate] is not eligible for getting processed by all BeanPostProcessors (for example: not eligible for auto-proxying)
2020-10-27 08:32:15 INFO  main org.springframework.context.support.PostProcessorRegistrationDelegate$BeanPostProcessorChecker Bean 'userDataPermissionMapper' of type [org.mybatis.spring.mapper.MapperFactoryBean] is not eligible for getting processed by all BeanPostProcessors (for example: not eligible for auto-proxying)
2020-10-27 08:32:15 INFO  main org.springframework.context.support.PostProcessorRegistrationDelegate$BeanPostProcessorChecker Bean 'userDataPermissionMapper' of type [com.sun.proxy.$Proxy114] is not eligible for getting processed by all BeanPostProcessors (for example: not eligible for auto-proxying)
2020-10-27 08:32:15 INFO  main org.springframework.context.support.PostProcessorRegistrationDelegate$BeanPostProcessorChecker Bean 'userDataPermissionService' of type [cc.mrbird.febs.system.service.impl.UserDataPermissionServiceImpl] is not eligible for getting processed by all BeanPostProcessors (for example: not eligible for auto-proxying)
2020-10-27 08:32:15 INFO  main org.springframework.context.support.PostProcessorRegistrationDelegate$BeanPostProcessorChecker Bean 'userRoleMapper' of type [org.mybatis.spring.mapper.MapperFactoryBean] is not eligible for getting processed by all BeanPostProcessors (for example: not eligible for auto-proxying)
2020-10-27 08:32:15 INFO  main org.springframework.context.support.PostProcessorRegistrationDelegate$BeanPostProcessorChecker Bean 'userRoleMapper' of type [com.sun.proxy.$Proxy116] is not eligible for getting processed by all BeanPostProcessors (for example: not eligible for auto-proxying)
2020-10-27 08:32:15 INFO  main org.springframework.context.support.PostProcessorRegistrationDelegate$BeanPostProcessorChecker Bean 'userRoleServiceImpl' of type [cc.mrbird.febs.system.service.impl.UserRoleServiceImpl] is not eligible for getting processed by all BeanPostProcessors (for example: not eligible for auto-proxying)
2020-10-27 08:32:15 INFO  main org.springframework.context.support.PostProcessorRegistrationDelegate$BeanPostProcessorChecker Bean 'userMapper' of type [org.mybatis.spring.mapper.MapperFactoryBean] is not eligible for getting processed by all BeanPostProcessors (for example: not eligible for auto-proxying)
2020-10-27 08:32:15 INFO  main org.springframework.context.support.PostProcessorRegistrationDelegate$BeanPostProcessorChecker Bean 'userMapper' of type [com.sun.proxy.$Proxy118] is not eligible for getting processed by all BeanPostProcessors (for example: not eligible for auto-proxying)
2020-10-27 08:32:15 INFO  main org.springframework.context.support.PostProcessorRegistrationDelegate$BeanPostProcessorChecker Bean 'userServiceImpl' of type [cc.mrbird.febs.system.service.impl.UserServiceImpl] is not eligible for getting processed by all BeanPostProcessors (for example: not eligible for auto-proxying)
2020-10-27 08:32:15 INFO  main org.springframework.context.support.PostProcessorRegistrationDelegate$BeanPostProcessorChecker Bean 'roleMenuMapper' of type [org.mybatis.spring.mapper.MapperFactoryBean] is not eligible for getting processed by all BeanPostProcessors (for example: not eligible for auto-proxying)
2020-10-27 08:32:15 INFO  main org.springframework.context.support.PostProcessorRegistrationDelegate$BeanPostProcessorChecker Bean 'roleMenuMapper' of type [com.sun.proxy.$Proxy121] is not eligible for getting processed by all BeanPostProcessors (for example: not eligible for auto-proxying)
2020-10-27 08:32:15 INFO  main org.springframework.context.support.PostProcessorRegistrationDelegate$BeanPostProcessorChecker Bean 'roleMenuServiceImpl' of type [cc.mrbird.febs.system.service.impl.RoleMenuServiceImpl] is not eligible for getting processed by all BeanPostProcessors (for example: not eligible for auto-proxying)
2020-10-27 08:32:15 INFO  main org.springframework.context.support.PostProcessorRegistrationDelegate$BeanPostProcessorChecker Bean 'roleMapper' of type [org.mybatis.spring.mapper.MapperFactoryBean] is not eligible for getting processed by all BeanPostProcessors (for example: not eligible for auto-proxying)
2020-10-27 08:32:15 INFO  main org.springframework.context.support.PostProcessorRegistrationDelegate$BeanPostProcessorChecker Bean 'roleMapper' of type [com.sun.proxy.$Proxy123] is not eligible for getting processed by all BeanPostProcessors (for example: not eligible for auto-proxying)
2020-10-27 08:32:15 INFO  main org.springframework.context.support.PostProcessorRegistrationDelegate$BeanPostProcessorChecker Bean 'roleServiceImpl' of type [cc.mrbird.febs.system.service.impl.RoleServiceImpl] is not eligible for getting processed by all BeanPostProcessors (for example: not eligible for auto-proxying)
2020-10-27 08:32:15 INFO  main org.springframework.context.support.PostProcessorRegistrationDelegate$BeanPostProcessorChecker Bean 'menuMapper' of type [org.mybatis.spring.mapper.MapperFactoryBean] is not eligible for getting processed by all BeanPostProcessors (for example: not eligible for auto-proxying)
2020-10-27 08:32:15 INFO  main org.springframework.context.support.PostProcessorRegistrationDelegate$BeanPostProcessorChecker Bean 'menuMapper' of type [com.sun.proxy.$Proxy125] is not eligible for getting processed by all BeanPostProcessors (for example: not eligible for auto-proxying)
2020-10-27 08:32:15 INFO  main org.springframework.context.support.PostProcessorRegistrationDelegate$BeanPostProcessorChecker Bean 'menuServiceImpl' of type [cc.mrbird.febs.system.service.impl.MenuServiceImpl] is not eligible for getting processed by all BeanPostProcessors (for example: not eligible for auto-proxying)
2020-10-27 08:32:15 INFO  main org.springframework.context.support.PostProcessorRegistrationDelegate$BeanPostProcessorChecker Bean 'shiroRealm' of type [cc.mrbird.febs.common.authentication.ShiroRealm] is not eligible for getting processed by all BeanPostProcessors (for example: not eligible for auto-proxying)
2020-10-27 08:32:16 INFO  main org.springframework.context.support.PostProcessorRegistrationDelegate$BeanPostProcessorChecker Bean 'redisSessionDAO' of type [org.crazycake.shiro.RedisSessionDAO] is not eligible for getting processed by all BeanPostProcessors (for example: not eligible for auto-proxying)
2020-10-27 08:32:16 INFO  main org.springframework.context.support.PostProcessorRegistrationDelegate$BeanPostProcessorChecker Bean 'sessionManager' of type [org.apache.shiro.web.session.mgt.DefaultWebSessionManager] is not eligible for getting processed by all BeanPostProcessors (for example: not eligible for auto-proxying)
2020-10-27 08:32:16 INFO  main org.springframework.context.support.PostProcessorRegistrationDelegate$BeanPostProcessorChecker Bean 'securityManager' of type [org.apache.shiro.web.mgt.DefaultWebSecurityManager] is not eligible for getting processed by all BeanPostProcessors (for example: not eligible for auto-proxying)
2020-10-27 08:32:16 INFO  main org.springframework.context.support.PostProcessorRegistrationDelegate$BeanPostProcessorChecker Bean 'authorizationAttributeSourceAdvisor' of type [org.apache.shiro.spring.security.interceptor.AuthorizationAttributeSourceAdvisor] is not eligible for getting processed by all BeanPostProcessors (for example: not eligible for auto-proxying)
2020-10-27 08:32:16 INFO  main org.springframework.boot.web.embedded.tomcat.TomcatWebServer Tomcat initialized with port(s): 8081 (http)
2020-10-27 08:32:16 INFO  main org.apache.coyote.http11.Http11NioProtocol Initializing ProtocolHandler ["http-nio-8081"]
2020-10-27 08:32:16 INFO  main org.apache.catalina.core.StandardService Starting service [Tomcat]
2020-10-27 08:32:16 INFO  main org.apache.catalina.core.StandardEngine Starting Servlet engine: [Apache Tomcat/9.0.31]
2020-10-27 08:32:16 INFO  main org.apache.catalina.core.ContainerBase.[Tomcat].[localhost].[/] Initializing Spring embedded WebApplicationContext
2020-10-27 08:32:16 INFO  main org.springframework.boot.web.servlet.context.ServletWebServerApplicationContext Root WebApplicationContext: initialization completed in 4918 ms
2020-10-27 08:32:16 INFO  main cc.mrbird.febs.common.xss.XssFilter ------------ xss filter init ------------
2020-10-27 08:32:17 INFO  main com.zaxxer.hikari.HikariDataSource HikariPool-1 - Starting...
2020-10-27 08:32:17 INFO  main com.zaxxer.hikari.pool.PoolBase HikariPool-1 - Driver does not support get/set network timeout for connections. (oracle.jdbc.driver.T4CConnection.getNetworkTimeout()I)
2020-10-27 08:32:17 INFO  main com.zaxxer.hikari.HikariDataSource HikariPool-1 - Start completed.
2020-10-27 08:32:18 INFO  main org.springframework.boot.actuate.endpoint.web.EndpointLinksResolver Exposing 2 endpoint(s) beneath base path '/actuator'
2020-10-27 08:32:18 INFO  main springfox.documentation.spring.web.PropertySourcedRequestMappingHandlerMapping Mapped URL path [/v2/api-docs] onto method [springfox.documentation.swagger2.web.Swagger2Controller#getDocumentation(String, HttpServletRequest)]
2020-10-27 08:32:18 INFO  main org.springframework.scheduling.concurrent.ThreadPoolTaskExecutor Initializing ExecutorService
2020-10-27 08:32:18 INFO  main org.springframework.scheduling.concurrent.ThreadPoolTaskExecutor Initializing ExecutorService 'febsAsyncThreadPool'
2020-10-27 08:32:19 INFO  main org.springframework.boot.autoconfigure.web.servlet.WelcomePageHandlerMapping Adding welcome page template: index
2020-10-27 08:32:19 INFO  main org.quartz.impl.StdSchedulerFactory Using default implementation for ThreadExecutor
2020-10-27 08:32:19 INFO  main org.quartz.core.SchedulerSignalerImpl Initialized Scheduler Signaller of type: class org.quartz.core.SchedulerSignalerImpl
2020-10-27 08:32:19 INFO  main org.quartz.core.QuartzScheduler Quartz Scheduler v.2.3.2 created.
2020-10-27 08:32:19 INFO  main org.quartz.simpl.RAMJobStore RAMJobStore initialized.
2020-10-27 08:32:19 INFO  main org.quartz.core.QuartzScheduler Scheduler meta-data: Quartz Scheduler (v2.3.2) 'quartzScheduler' with instanceId 'NON_CLUSTERED'
  Scheduler class: 'org.quartz.core.QuartzScheduler' - running locally.
  NOT STARTED.
  Currently in standby mode.
  Number of jobs executed: 0
  Using thread pool 'org.quartz.simpl.SimpleThreadPool' - with 10 threads.
  Using job-store 'org.quartz.simpl.RAMJobStore' - which does not support persistence. and is not clustered.

2020-10-27 08:32:19 INFO  main org.quartz.impl.StdSchedulerFactory Quartz scheduler 'quartzScheduler' initialized from an externally provided properties instance.
2020-10-27 08:32:19 INFO  main org.quartz.impl.StdSchedulerFactory Quartz scheduler version: 2.3.2
2020-10-27 08:32:19 INFO  main org.quartz.core.QuartzScheduler JobFactory set to: org.springframework.scheduling.quartz.SpringBeanJobFactory@10ad95cd
2020-10-27 08:32:19 INFO  main org.springframework.scheduling.concurrent.ThreadPoolTaskScheduler Initializing ExecutorService 'taskScheduler'
2020-10-27 08:32:19 INFO  main org.apache.coyote.http11.Http11NioProtocol Starting ProtocolHandler ["http-nio-8081"]
2020-10-27 08:32:19 INFO  main org.apache.catalina.core.ContainerBase.[Tomcat].[localhost].[/] Initializing Spring DispatcherServlet 'dispatcherServlet'
2020-10-27 08:32:19 INFO  main org.springframework.web.servlet.DispatcherServlet Initializing Servlet 'dispatcherServlet'
2020-10-27 08:32:19 INFO  main org.springframework.web.servlet.DispatcherServlet Completed initialization in 7 ms
2020-10-27 08:32:19 INFO  main org.springframework.boot.web.embedded.tomcat.TomcatWebServer Tomcat started on port(s): 8081 (http) with context path ''
2020-10-27 08:32:19 INFO  main springfox.documentation.spring.web.plugins.DocumentationPluginsBootstrapper Context refreshed
2020-10-27 08:32:19 INFO  main springfox.documentation.spring.web.plugins.DocumentationPluginsBootstrapper Found 1 custom documentation plugin(s)
2020-10-27 08:32:19 INFO  main springfox.documentation.spring.web.scanners.ApiListingReferenceScanner Scanning for api listing references
2020-10-27 08:32:19 INFO  main springfox.documentation.spring.web.readers.operation.CachingOperationNameGenerator Generating unique operation named: getDeptTreeUsingGET_1
2020-10-27 08:32:19 INFO  main springfox.documentation.spring.web.readers.operation.CachingOperationNameGenerator Generating unique operation named: exportUsingGET_1
2020-10-27 08:32:19 INFO  main springfox.documentation.spring.web.readers.operation.CachingOperationNameGenerator Generating unique operation named: exportUsingGET_2
2020-10-27 08:32:19 INFO  main springfox.documentation.spring.web.readers.operation.CachingOperationNameGenerator Generating unique operation named: exportUsingGET_3
2020-10-27 08:32:19 INFO  main springfox.documentation.spring.web.readers.operation.CachingOperationNameGenerator Generating unique operation named: addMatterRemindUsingGET_1
2020-10-27 08:32:19 INFO  main springfox.documentation.spring.web.readers.operation.CachingOperationNameGenerator Generating unique operation named: getDeptTreeUsingGET_2
2020-10-27 08:32:19 INFO  main springfox.documentation.spring.web.readers.operation.CachingOperationNameGenerator Generating unique operation named: exportUsingGET_4
2020-10-27 08:32:19 INFO  main springfox.documentation.spring.web.readers.operation.CachingOperationNameGenerator Generating unique operation named: exportUsingPOST_1
2020-10-27 08:32:19 INFO  main springfox.documentation.spring.web.readers.operation.CachingOperationNameGenerator Generating unique operation named: exportUsingGET_5
2020-10-27 08:32:19 INFO  main springfox.documentation.spring.web.readers.operation.CachingOperationNameGenerator Generating unique operation named: addCycleUsingGET_1
2020-10-27 08:32:20 INFO  main springfox.documentation.spring.web.readers.operation.CachingOperationNameGenerator Generating unique operation named: indexUsingGET_1
2020-10-27 08:32:20 INFO  main springfox.documentation.spring.web.readers.operation.CachingOperationNameGenerator Generating unique operation named: systemMatterAdderUsingGET_1
2020-10-27 08:32:20 INFO  main org.springframework.scheduling.quartz.SchedulerFactoryBean Starting Quartz Scheduler now
2020-10-27 08:32:20 INFO  main org.quartz.core.QuartzScheduler Scheduler quartzScheduler_$_NON_CLUSTERED started.
2020-10-27 08:32:20 INFO  main cc.mrbird.febs.FebsShiroApplication Started FebsShiroApplication in 9.426 seconds (JVM running for 11.483)
2020-10-27 08:32:21 INFO  main cc.mrbird.febs.common.runner.FebsStartedUpRunner  __    ___   _      ___   _     ____ _____  ____ 
2020-10-27 08:32:21 INFO  main cc.mrbird.febs.common.runner.FebsStartedUpRunner / /`  / / \ | |\/| | |_) | |   | |_   | |  | |_  
2020-10-27 08:32:21 INFO  main cc.mrbird.febs.common.runner.FebsStartedUpRunner \_\_, \_\_/ |_|  | |_|   |_|__ |_|__  |_|  |_|__ 
2020-10-27 08:32:21 INFO  main cc.mrbird.febs.common.runner.FebsStartedUpRunner                                                       
2020-10-27 08:32:21 INFO  main cc.mrbird.febs.common.runner.FebsStartedUpRunner FEBS 权限系统启动完毕，地址：http://192.168.56.1:8081/login
2020-10-27 08:32:21 INFO  http-nio-8081-exec-1 org.apache.shiro.session.mgt.AbstractValidatingSessionManager Enabling session validation scheduler...
2020-10-27 08:32:23 INFO  http-nio-8081-exec-2 cc.mrbird.febs.common.aspect.LimitAspect IP:192.168.56.1 第 1 次访问key为 [limit_get_captcha192.168.56.1]，描述为 [获取验证码] 的接口
2020-10-27 08:38:48 INFO  http-nio-8081-exec-6 cc.mrbird.febs.common.aspect.LimitAspect IP:192.168.56.1 第 1 次访问key为 [limit_get_captcha192.168.56.1]，描述为 [获取验证码] 的接口
2020-10-27 08:39:12 INFO  http-nio-8081-exec-10 cc.mrbird.febs.common.aspect.LimitAspect IP:192.168.56.1 第 2 次访问key为 [limit_get_captcha192.168.56.1]，描述为 [获取验证码] 的接口
2020-10-27 08:39:17 INFO  http-nio-8081-exec-8 cc.mrbird.febs.common.aspect.LimitAspect IP:192.168.56.1 第 1 次访问key为 [limit_login192.168.56.1]，描述为 [登录接口] 的接口
2020-10-27 08:48:02 INFO  http-nio-8081-exec-3 cc.mrbird.febs.common.aspect.LimitAspect IP:192.168.56.1 第 1 次访问key为 [limit_get_captcha192.168.56.1]，描述为 [获取验证码] 的接口
2020-10-27 08:48:04 INFO  http-nio-8081-exec-4 cc.mrbird.febs.common.aspect.LimitAspect IP:192.168.56.1 第 2 次访问key为 [limit_get_captcha192.168.56.1]，描述为 [获取验证码] 的接口
2020-10-27 08:48:30 INFO  http-nio-8081-exec-4 cc.mrbird.febs.common.aspect.LimitAspect IP:192.168.56.1 第 3 次访问key为 [limit_get_captcha192.168.56.1]，描述为 [获取验证码] 的接口
2020-10-27 08:48:38 INFO  http-nio-8081-exec-9 cc.mrbird.febs.common.aspect.LimitAspect IP:192.168.56.1 第 1 次访问key为 [limit_login192.168.56.1]，描述为 [登录接口] 的接口
2020-10-27 09:32:21 INFO  SessionValidationThread-1 org.apache.shiro.session.mgt.AbstractValidatingSessionManager Validating all active sessions...
2020-10-27 09:32:21 INFO  SessionValidationThread-1 org.apache.shiro.session.mgt.AbstractValidatingSessionManager Finished session validation.  No sessions were stopped.
2020-10-27 10:32:21 INFO  SessionValidationThread-1 org.apache.shiro.session.mgt.AbstractValidatingSessionManager Validating all active sessions...
2020-10-27 10:32:21 INFO  SessionValidationThread-1 org.apache.shiro.session.mgt.AbstractValidatingSessionManager Finished session validation.  No sessions were stopped.
2020-10-27 11:00:54 INFO  http-nio-8081-exec-5 cc.mrbird.febs.common.aspect.LimitAspect IP:192.168.56.1 第 1 次访问key为 [limit_get_captcha192.168.56.1]，描述为 [获取验证码] 的接口
2020-10-27 11:03:51 INFO  http-nio-8081-exec-6 cc.mrbird.febs.common.aspect.LimitAspect IP:192.168.56.1 第 1 次访问key为 [limit_login192.168.56.1]，描述为 [登录接口] 的接口
2020-10-27 11:03:51 INFO  http-nio-8081-exec-4 cc.mrbird.febs.common.aspect.LimitAspect IP:192.168.56.1 第 1 次访问key为 [limit_get_captcha192.168.56.1]，描述为 [获取验证码] 的接口
2020-10-27 11:04:08 INFO  http-nio-8081-exec-8 cc.mrbird.febs.common.aspect.LimitAspect IP:192.168.56.1 第 2 次访问key为 [limit_login192.168.56.1]，描述为 [登录接口] 的接口
2020-10-27 11:32:21 INFO  SessionValidationThread-1 org.apache.shiro.session.mgt.AbstractValidatingSessionManager Validating all active sessions...
2020-10-27 11:32:21 INFO  SessionValidationThread-1 org.apache.shiro.session.mgt.AbstractValidatingSessionManager Finished session validation.  No sessions were stopped.
2020-10-27 11:37:43 INFO  http-nio-8081-exec-4 cc.mrbird.febs.common.aspect.LimitAspect IP:192.168.56.1 第 1 次访问key为 [limit_get_captcha192.168.56.1]，描述为 [获取验证码] 的接口
2020-10-27 11:37:52 INFO  http-nio-8081-exec-3 cc.mrbird.febs.common.aspect.LimitAspect IP:192.168.56.1 第 1 次访问key为 [limit_login192.168.56.1]，描述为 [登录接口] 的接口
2020-10-27 11:46:10 INFO  http-nio-8081-exec-3 cc.mrbird.febs.common.aspect.LimitAspect IP:192.168.56.1 第 1 次访问key为 [limit_get_captcha192.168.56.1]，描述为 [获取验证码] 的接口
2020-10-27 11:46:22 INFO  http-nio-8081-exec-1 cc.mrbird.febs.common.aspect.LimitAspect IP:192.168.56.1 第 1 次访问key为 [limit_login192.168.56.1]，描述为 [登录接口] 的接口
2020-10-27 13:45:24 INFO  http-nio-8081-exec-2 cc.mrbird.febs.common.aspect.LimitAspect IP:192.168.56.1 第 1 次访问key为 [limit_get_captcha192.168.56.1]，描述为 [获取验证码] 的接口
2020-10-27 13:45:42 INFO  http-nio-8081-exec-10 cc.mrbird.febs.common.aspect.LimitAspect IP:192.168.56.1 第 1 次访问key为 [limit_login192.168.56.1]，描述为 [登录接口] 的接口
2020-10-27 13:59:22 INFO  http-nio-8081-exec-2 cc.mrbird.febs.common.aspect.LimitAspect IP:192.168.56.1 第 1 次访问key为 [limit_get_captcha192.168.56.1]，描述为 [获取验证码] 的接口
2020-10-27 14:01:52 INFO  http-nio-8081-exec-5 cc.mrbird.febs.common.aspect.LimitAspect IP:192.168.56.1 第 1 次访问key为 [limit_get_captcha192.168.56.1]，描述为 [获取验证码] 的接口
2020-10-27 14:06:13 INFO  http-nio-8081-exec-7 cc.mrbird.febs.common.aspect.LimitAspect IP:192.168.56.1 第 1 次访问key为 [limit_login192.168.56.1]，描述为 [登录接口] 的接口
2020-10-27 14:06:13 INFO  http-nio-8081-exec-3 cc.mrbird.febs.common.aspect.LimitAspect IP:192.168.56.1 第 1 次访问key为 [limit_get_captcha192.168.56.1]，描述为 [获取验证码] 的接口
2020-10-27 14:06:16 INFO  http-nio-8081-exec-5 cc.mrbird.febs.common.aspect.LimitAspect IP:192.168.56.1 第 2 次访问key为 [limit_login192.168.56.1]，描述为 [登录接口] 的接口
2020-10-27 14:06:40 INFO  SessionValidationThread-1 org.apache.shiro.session.mgt.AbstractValidatingSessionManager Validating all active sessions...
2020-10-27 14:06:40 INFO  SessionValidationThread-1 org.apache.shiro.session.mgt.AbstractValidatingSessionManager Finished session validation.  No sessions were stopped.
2020-10-27 14:06:40 INFO  SessionValidationThread-1 org.apache.shiro.session.mgt.AbstractValidatingSessionManager Validating all active sessions...
2020-10-27 14:06:40 INFO  SessionValidationThread-1 org.apache.shiro.session.mgt.AbstractValidatingSessionManager Finished session validation.  No sessions were stopped.
2020-10-27 14:32:21 INFO  SessionValidationThread-1 org.apache.shiro.session.mgt.AbstractValidatingSessionManager Validating all active sessions...
2020-10-27 14:32:21 INFO  SessionValidationThread-1 org.apache.shiro.session.mgt.AbstractValidatingSessionManager Finished session validation.  No sessions were stopped.
2020-10-27 14:47:21 INFO  http-nio-8081-exec-4 cc.mrbird.febs.common.aspect.LimitAspect IP:192.168.56.1 第 1 次访问key为 [limit_get_captcha192.168.56.1]，描述为 [获取验证码] 的接口
2020-10-27 14:47:39 INFO  http-nio-8081-exec-6 cc.mrbird.febs.common.aspect.LimitAspect IP:192.168.56.1 第 1 次访问key为 [limit_login192.168.56.1]，描述为 [登录接口] 的接口
2020-10-27 14:55:09 INFO  http-nio-8081-exec-10 cc.mrbird.febs.common.aspect.LimitAspect IP:192.168.56.1 第 1 次访问key为 [limit_get_captcha192.168.56.1]，描述为 [获取验证码] 的接口
2020-10-27 14:57:54 INFO  http-nio-8081-exec-8 cc.mrbird.febs.common.aspect.LimitAspect IP:192.168.56.1 第 1 次访问key为 [limit_get_captcha192.168.56.1]，描述为 [获取验证码] 的接口
2020-10-27 14:57:55 INFO  http-nio-8081-exec-4 cc.mrbird.febs.common.aspect.LimitAspect IP:192.168.56.1 第 2 次访问key为 [limit_get_captcha192.168.56.1]，描述为 [获取验证码] 的接口
2020-10-27 14:57:55 INFO  http-nio-8081-exec-7 cc.mrbird.febs.common.aspect.LimitAspect IP:192.168.56.1 第 3 次访问key为 [limit_get_captcha192.168.56.1]，描述为 [获取验证码] 的接口
2020-10-27 14:57:55 INFO  http-nio-8081-exec-6 cc.mrbird.febs.common.aspect.LimitAspect IP:192.168.56.1 第 4 次访问key为 [limit_get_captcha192.168.56.1]，描述为 [获取验证码] 的接口
2020-10-27 14:57:55 INFO  http-nio-8081-exec-1 cc.mrbird.febs.common.aspect.LimitAspect IP:192.168.56.1 第 5 次访问key为 [limit_get_captcha192.168.56.1]，描述为 [获取验证码] 的接口
2020-10-27 14:57:56 INFO  http-nio-8081-exec-3 cc.mrbird.febs.common.aspect.LimitAspect IP:192.168.56.1 第 6 次访问key为 [limit_get_captcha192.168.56.1]，描述为 [获取验证码] 的接口
2020-10-27 14:57:56 INFO  http-nio-8081-exec-5 cc.mrbird.febs.common.aspect.LimitAspect IP:192.168.56.1 第 7 次访问key为 [limit_get_captcha192.168.56.1]，描述为 [获取验证码] 的接口
2020-10-27 14:57:56 INFO  http-nio-8081-exec-9 cc.mrbird.febs.common.aspect.LimitAspect IP:192.168.56.1 第 8 次访问key为 [limit_get_captcha192.168.56.1]，描述为 [获取验证码] 的接口
2020-10-27 14:57:56 INFO  http-nio-8081-exec-2 cc.mrbird.febs.common.aspect.LimitAspect IP:192.168.56.1 第 9 次访问key为 [limit_get_captcha192.168.56.1]，描述为 [获取验证码] 的接口
2020-10-27 14:57:56 INFO  http-nio-8081-exec-8 cc.mrbird.febs.common.aspect.LimitAspect IP:192.168.56.1 第 10 次访问key为 [limit_get_captcha192.168.56.1]，描述为 [获取验证码] 的接口
2020-10-27 14:57:57 INFO  http-nio-8081-exec-4 cc.mrbird.febs.common.aspect.LimitAspect IP:192.168.56.1 第 11 次访问key为 [limit_get_captcha192.168.56.1]，描述为 [获取验证码] 的接口
2020-10-27 14:57:58 INFO  http-nio-8081-exec-7 cc.mrbird.febs.common.aspect.LimitAspect IP:192.168.56.1 第 null 次访问key为 [limit_get_captcha192.168.56.1]，描述为 [获取验证码] 的接口
2020-10-27 14:57:59 INFO  http-nio-8081-exec-6 cc.mrbird.febs.common.aspect.LimitAspect IP:192.168.56.1 第 null 次访问key为 [limit_get_captcha192.168.56.1]，描述为 [获取验证码] 的接口
2020-10-27 14:58:00 INFO  http-nio-8081-exec-1 cc.mrbird.febs.common.aspect.LimitAspect IP:192.168.56.1 第 null 次访问key为 [limit_get_captcha192.168.56.1]，描述为 [获取验证码] 的接口
2020-10-27 14:58:01 INFO  http-nio-8081-exec-9 cc.mrbird.febs.common.aspect.LimitAspect IP:192.168.56.1 第 null 次访问key为 [limit_get_captcha192.168.56.1]，描述为 [获取验证码] 的接口
2020-10-27 14:58:02 INFO  http-nio-8081-exec-2 cc.mrbird.febs.common.aspect.LimitAspect IP:192.168.56.1 第 null 次访问key为 [limit_get_captcha192.168.56.1]，描述为 [获取验证码] 的接口
2020-10-27 14:58:04 INFO  http-nio-8081-exec-4 cc.mrbird.febs.common.aspect.LimitAspect IP:192.168.56.1 第 null 次访问key为 [limit_get_captcha192.168.56.1]，描述为 [获取验证码] 的接口
2020-10-27 14:58:11 INFO  http-nio-8081-exec-3 cc.mrbird.febs.common.aspect.LimitAspect IP:192.168.56.1 第 null 次访问key为 [limit_get_captcha192.168.56.1]，描述为 [获取验证码] 的接口
2020-10-27 14:58:13 INFO  http-nio-8081-exec-5 cc.mrbird.febs.common.aspect.LimitAspect IP:192.168.56.1 第 null 次访问key为 [limit_get_captcha192.168.56.1]，描述为 [获取验证码] 的接口
2020-10-27 14:58:13 INFO  http-nio-8081-exec-9 cc.mrbird.febs.common.aspect.LimitAspect IP:192.168.56.1 第 null 次访问key为 [limit_get_captcha192.168.56.1]，描述为 [获取验证码] 的接口
2020-10-27 14:58:14 INFO  http-nio-8081-exec-10 cc.mrbird.febs.common.aspect.LimitAspect IP:192.168.56.1 第 null 次访问key为 [limit_get_captcha192.168.56.1]，描述为 [获取验证码] 的接口
2020-10-27 14:58:20 INFO  http-nio-8081-exec-7 cc.mrbird.febs.common.aspect.LimitAspect IP:192.168.56.1 第 null 次访问key为 [limit_get_captcha192.168.56.1]，描述为 [获取验证码] 的接口
2020-10-27 15:32:21 INFO  SessionValidationThread-1 org.apache.shiro.session.mgt.AbstractValidatingSessionManager Validating all active sessions...
2020-10-27 15:32:21 INFO  SessionValidationThread-1 org.apache.shiro.session.mgt.AbstractValidatingSessionManager Finished session validation.  No sessions were stopped.
2020-10-27 15:56:45 INFO  http-nio-8081-exec-2 cc.mrbird.febs.common.aspect.LimitAspect IP:192.168.56.1 第 1 次访问key为 [limit_get_captcha192.168.56.1]，描述为 [获取验证码] 的接口
2020-10-27 15:56:59 INFO  http-nio-8081-exec-8 cc.mrbird.febs.common.aspect.LimitAspect IP:192.168.56.1 第 1 次访问key为 [limit_login192.168.56.1]，描述为 [登录接口] 的接口
2020-10-27 16:02:14 INFO  http-nio-8081-exec-8 cc.mrbird.febs.common.aspect.LimitAspect IP:192.168.56.1 第 1 次访问key为 [limit_get_captcha192.168.56.1]，描述为 [获取验证码] 的接口
2020-10-27 16:02:27 INFO  http-nio-8081-exec-4 cc.mrbird.febs.common.aspect.LimitAspect IP:192.168.56.1 第 1 次访问key为 [limit_login192.168.56.1]，描述为 [登录接口] 的接口
2020-10-27 16:11:58 INFO  http-nio-8081-exec-9 cc.mrbird.febs.common.aspect.LimitAspect IP:192.168.56.1 第 1 次访问key为 [limit_get_captcha192.168.56.1]，描述为 [获取验证码] 的接口
2020-10-27 16:12:08 INFO  http-nio-8081-exec-8 cc.mrbird.febs.common.aspect.LimitAspect IP:192.168.56.1 第 1 次访问key为 [limit_login192.168.56.1]，描述为 [登录接口] 的接口
2020-10-27 16:17:56 INFO  http-nio-8081-exec-4 cc.mrbird.febs.common.aspect.LimitAspect IP:192.168.56.1 第 1 次访问key为 [limit_get_captcha192.168.56.1]，描述为 [获取验证码] 的接口
2020-10-27 16:18:06 INFO  http-nio-8081-exec-6 cc.mrbird.febs.common.aspect.LimitAspect IP:192.168.56.1 第 1 次访问key为 [limit_login192.168.56.1]，描述为 [登录接口] 的接口
2020-10-27 16:19:15 INFO  http-nio-8081-exec-4 cc.mrbird.febs.common.aspect.LimitAspect IP:192.168.56.1 第 1 次访问key为 [limit_get_captcha192.168.56.1]，描述为 [获取验证码] 的接口
2020-10-27 16:19:23 INFO  http-nio-8081-exec-8 cc.mrbird.febs.common.aspect.LimitAspect IP:192.168.56.1 第 1 次访问key为 [limit_login192.168.56.1]，描述为 [登录接口] 的接口
2020-10-27 16:19:49 INFO  http-nio-8081-exec-7 cc.mrbird.febs.common.aspect.LimitAspect IP:192.168.56.1 第 2 次访问key为 [limit_get_captcha192.168.56.1]，描述为 [获取验证码] 的接口
2020-10-27 16:20:26 INFO  http-nio-8081-exec-3 cc.mrbird.febs.common.aspect.LimitAspect IP:192.168.56.1 第 1 次访问key为 [limit_login192.168.56.1]，描述为 [登录接口] 的接口
2020-10-27 16:32:21 INFO  SessionValidationThread-1 org.apache.shiro.session.mgt.AbstractValidatingSessionManager Validating all active sessions...
2020-10-27 16:32:21 INFO  SessionValidationThread-1 org.apache.shiro.session.mgt.AbstractValidatingSessionManager Finished session validation.  No sessions were stopped.
2020-10-27 16:35:10 INFO  http-nio-8081-exec-9 cc.mrbird.febs.common.aspect.LimitAspect IP:192.168.56.1 第 1 次访问key为 [limit_get_captcha192.168.56.1]，描述为 [获取验证码] 的接口
2020-10-27 16:35:21 INFO  http-nio-8081-exec-5 cc.mrbird.febs.common.aspect.LimitAspect IP:192.168.56.1 第 1 次访问key为 [limit_login192.168.56.1]，描述为 [登录接口] 的接口
2020-10-27 16:59:02 INFO  http-nio-8081-exec-2 cc.mrbird.febs.common.aspect.LimitAspect IP:192.168.56.1 第 1 次访问key为 [limit_get_captcha192.168.56.1]，描述为 [获取验证码] 的接口
2020-10-27 16:59:08 INFO  http-nio-8081-exec-1 cc.mrbird.febs.common.aspect.LimitAspect IP:192.168.56.1 第 1 次访问key为 [limit_login192.168.56.1]，描述为 [登录接口] 的接口
2020-10-27 17:32:21 INFO  SessionValidationThread-1 org.apache.shiro.session.mgt.AbstractValidatingSessionManager Validating all active sessions...
2020-10-27 17:32:21 INFO  SessionValidationThread-1 org.apache.shiro.session.mgt.AbstractValidatingSessionManager Finished session validation.  No sessions were stopped.
