2020-10-20 08:36:45 INFO  main cc.mrbird.febs.FebsShiroApplication Starting FebsShiroApplication on LAPTOP-JVB4VUNK with PID 19620 (C:\Users\spring\Desktop\日程管理\febs\target\classes started by 姑娘脸红晕如潮 in C:\Users\spring\Desktop\日程管理\febs)
2020-10-20 08:36:45 INFO  main cc.mrbird.febs.FebsShiroApplication The following profiles are active: dev
2020-10-20 08:36:46 INFO  main org.springframework.data.repository.config.RepositoryConfigurationDelegate Multiple Spring Data modules found, entering strict repository configuration mode!
2020-10-20 08:36:46 INFO  main org.springframework.data.repository.config.RepositoryConfigurationDelegate Bootstrapping Spring Data Redis repositories in DEFAULT mode.
2020-10-20 08:36:46 INFO  main org.springframework.data.repository.config.RepositoryConfigurationDelegate Finished Spring Data repository scanning in 92ms. Found 0 Redis repository interfaces.
2020-10-20 08:36:47 INFO  main org.springframework.context.support.PostProcessorRegistrationDelegate$BeanPostProcessorChecker Bean 'febsProperties' of type [cc.mrbird.febs.common.properties.FebsProperties$$EnhancerBySpringCGLIB$$a5e832cb] is not eligible for getting processed by all BeanPostProcessors (for example: not eligible for auto-proxying)
2020-10-20 08:36:47 INFO  main org.springframework.context.support.PostProcessorRegistrationDelegate$BeanPostProcessorChecker Bean 'shiroConfig' of type [cc.mrbird.febs.common.authentication.ShiroConfig$$EnhancerBySpringCGLIB$$a6a114f8] is not eligible for getting processed by all BeanPostProcessors (for example: not eligible for auto-proxying)
2020-10-20 08:36:47 INFO  main org.springframework.context.support.PostProcessorRegistrationDelegate$BeanPostProcessorChecker Bean 'mybatis-plus-com.baomidou.mybatisplus.autoconfigure.MybatisPlusProperties' of type [com.baomidou.mybatisplus.autoconfigure.MybatisPlusProperties] is not eligible for getting processed by all BeanPostProcessors (for example: not eligible for auto-proxying)
2020-10-20 08:36:47 INFO  main org.springframework.context.support.PostProcessorRegistrationDelegate$BeanPostProcessorChecker Bean 'mybatisPlusConfigure' of type [cc.mrbird.febs.common.configure.MybatisPlusConfigure$$EnhancerBySpringCGLIB$$a27eb97c] is not eligible for getting processed by all BeanPostProcessors (for example: not eligible for auto-proxying)
2020-10-20 08:36:47 INFO  main org.springframework.context.support.PostProcessorRegistrationDelegate$BeanPostProcessorChecker Bean 'dataPermissionInterceptor' of type [cc.mrbird.febs.common.interceptor.DataPermissionInterceptor] is not eligible for getting processed by all BeanPostProcessors (for example: not eligible for auto-proxying)
2020-10-20 08:36:47 INFO  main org.springframework.context.support.PostProcessorRegistrationDelegate$BeanPostProcessorChecker Bean 'desensitizationInterceptor' of type [cc.mrbird.febs.common.interceptor.DesensitizationInterceptor] is not eligible for getting processed by all BeanPostProcessors (for example: not eligible for auto-proxying)
2020-10-20 08:36:47 INFO  main org.springframework.context.support.PostProcessorRegistrationDelegate$BeanPostProcessorChecker Bean 'paginationInterceptor' of type [com.baomidou.mybatisplus.extension.plugins.PaginationInterceptor] is not eligible for getting processed by all BeanPostProcessors (for example: not eligible for auto-proxying)
2020-10-20 08:36:47 INFO  main org.springframework.context.support.PostProcessorRegistrationDelegate$BeanPostProcessorChecker Bean 'optimisticLockerInterceptor' of type [com.baomidou.mybatisplus.extension.plugins.OptimisticLockerInterceptor] is not eligible for getting processed by all BeanPostProcessors (for example: not eligible for auto-proxying)
2020-10-20 08:36:47 INFO  main org.springframework.context.support.PostProcessorRegistrationDelegate$BeanPostProcessorChecker Bean 'com.baomidou.mybatisplus.autoconfigure.MybatisPlusAutoConfiguration' of type [com.baomidou.mybatisplus.autoconfigure.MybatisPlusAutoConfiguration$$EnhancerBySpringCGLIB$$78e97fe9] is not eligible for getting processed by all BeanPostProcessors (for example: not eligible for auto-proxying)
2020-10-20 08:36:47 INFO  main org.springframework.context.support.PostProcessorRegistrationDelegate$BeanPostProcessorChecker Bean 'org.springframework.boot.autoconfigure.jdbc.DataSourceConfiguration$Hikari' of type [org.springframework.boot.autoconfigure.jdbc.DataSourceConfiguration$Hikari] is not eligible for getting processed by all BeanPostProcessors (for example: not eligible for auto-proxying)
2020-10-20 08:36:47 INFO  main org.springframework.context.support.PostProcessorRegistrationDelegate$BeanPostProcessorChecker Bean 'spring.datasource-org.springframework.boot.autoconfigure.jdbc.DataSourceProperties' of type [org.springframework.boot.autoconfigure.jdbc.DataSourceProperties] is not eligible for getting processed by all BeanPostProcessors (for example: not eligible for auto-proxying)
2020-10-20 08:36:47 INFO  main org.springframework.context.support.PostProcessorRegistrationDelegate$BeanPostProcessorChecker Bean 'dataSource' of type [com.zaxxer.hikari.HikariDataSource] is not eligible for getting processed by all BeanPostProcessors (for example: not eligible for auto-proxying)
2020-10-20 08:36:47 INFO  main org.springframework.context.support.PostProcessorRegistrationDelegate$BeanPostProcessorChecker Bean 'org.springframework.boot.autoconfigure.jdbc.DataSourceInitializerInvoker' of type [org.springframework.boot.autoconfigure.jdbc.DataSourceInitializerInvoker] is not eligible for getting processed by all BeanPostProcessors (for example: not eligible for auto-proxying)
2020-10-20 08:36:47 INFO  main org.springframework.context.support.PostProcessorRegistrationDelegate$BeanPostProcessorChecker Bean 'oracleKeyGenerator' of type [com.baomidou.mybatisplus.extension.incrementer.OracleKeyGenerator] is not eligible for getting processed by all BeanPostProcessors (for example: not eligible for auto-proxying)
2020-10-20 08:36:48 INFO  main org.springframework.context.support.PostProcessorRegistrationDelegate$BeanPostProcessorChecker Bean 'sqlSessionFactory' of type [org.apache.ibatis.session.defaults.DefaultSqlSessionFactory] is not eligible for getting processed by all BeanPostProcessors (for example: not eligible for auto-proxying)
2020-10-20 08:36:48 INFO  main org.springframework.context.support.PostProcessorRegistrationDelegate$BeanPostProcessorChecker Bean 'sqlSessionTemplate' of type [org.mybatis.spring.SqlSessionTemplate] is not eligible for getting processed by all BeanPostProcessors (for example: not eligible for auto-proxying)
2020-10-20 08:36:48 INFO  main org.springframework.context.support.PostProcessorRegistrationDelegate$BeanPostProcessorChecker Bean 'roleMenuMapper' of type [org.mybatis.spring.mapper.MapperFactoryBean] is not eligible for getting processed by all BeanPostProcessors (for example: not eligible for auto-proxying)
2020-10-20 08:36:48 INFO  main org.springframework.context.support.PostProcessorRegistrationDelegate$BeanPostProcessorChecker Bean 'roleMenuMapper' of type [com.sun.proxy.$Proxy114] is not eligible for getting processed by all BeanPostProcessors (for example: not eligible for auto-proxying)
2020-10-20 08:36:48 INFO  main org.springframework.context.support.PostProcessorRegistrationDelegate$BeanPostProcessorChecker Bean 'roleMenuServiceImpl' of type [cc.mrbird.febs.system.service.impl.RoleMenuServiceImpl] is not eligible for getting processed by all BeanPostProcessors (for example: not eligible for auto-proxying)
2020-10-20 08:36:48 INFO  main org.springframework.context.support.PostProcessorRegistrationDelegate$BeanPostProcessorChecker Bean 'menuMapper' of type [org.mybatis.spring.mapper.MapperFactoryBean] is not eligible for getting processed by all BeanPostProcessors (for example: not eligible for auto-proxying)
2020-10-20 08:36:48 INFO  main org.springframework.context.support.PostProcessorRegistrationDelegate$BeanPostProcessorChecker Bean 'menuMapper' of type [com.sun.proxy.$Proxy116] is not eligible for getting processed by all BeanPostProcessors (for example: not eligible for auto-proxying)
2020-10-20 08:36:48 INFO  main org.springframework.context.support.PostProcessorRegistrationDelegate$BeanPostProcessorChecker Bean 'menuServiceImpl' of type [cc.mrbird.febs.system.service.impl.MenuServiceImpl] is not eligible for getting processed by all BeanPostProcessors (for example: not eligible for auto-proxying)
2020-10-20 08:36:48 INFO  main org.springframework.context.support.PostProcessorRegistrationDelegate$BeanPostProcessorChecker Bean 'userRoleMapper' of type [org.mybatis.spring.mapper.MapperFactoryBean] is not eligible for getting processed by all BeanPostProcessors (for example: not eligible for auto-proxying)
2020-10-20 08:36:48 INFO  main org.springframework.context.support.PostProcessorRegistrationDelegate$BeanPostProcessorChecker Bean 'userRoleMapper' of type [com.sun.proxy.$Proxy118] is not eligible for getting processed by all BeanPostProcessors (for example: not eligible for auto-proxying)
2020-10-20 08:36:48 INFO  main org.springframework.context.support.PostProcessorRegistrationDelegate$BeanPostProcessorChecker Bean 'userRoleServiceImpl' of type [cc.mrbird.febs.system.service.impl.UserRoleServiceImpl] is not eligible for getting processed by all BeanPostProcessors (for example: not eligible for auto-proxying)
2020-10-20 08:36:48 INFO  main org.springframework.context.support.PostProcessorRegistrationDelegate$BeanPostProcessorChecker Bean 'userDataPermissionMapper' of type [org.mybatis.spring.mapper.MapperFactoryBean] is not eligible for getting processed by all BeanPostProcessors (for example: not eligible for auto-proxying)
2020-10-20 08:36:48 INFO  main org.springframework.context.support.PostProcessorRegistrationDelegate$BeanPostProcessorChecker Bean 'userDataPermissionMapper' of type [com.sun.proxy.$Proxy120] is not eligible for getting processed by all BeanPostProcessors (for example: not eligible for auto-proxying)
2020-10-20 08:36:48 INFO  main org.springframework.context.support.PostProcessorRegistrationDelegate$BeanPostProcessorChecker Bean 'userDataPermissionService' of type [cc.mrbird.febs.system.service.impl.UserDataPermissionServiceImpl] is not eligible for getting processed by all BeanPostProcessors (for example: not eligible for auto-proxying)
2020-10-20 08:36:48 INFO  main org.springframework.context.support.PostProcessorRegistrationDelegate$BeanPostProcessorChecker Bean 'userMapper' of type [org.mybatis.spring.mapper.MapperFactoryBean] is not eligible for getting processed by all BeanPostProcessors (for example: not eligible for auto-proxying)
2020-10-20 08:36:48 INFO  main org.springframework.context.support.PostProcessorRegistrationDelegate$BeanPostProcessorChecker Bean 'userMapper' of type [com.sun.proxy.$Proxy122] is not eligible for getting processed by all BeanPostProcessors (for example: not eligible for auto-proxying)
2020-10-20 08:36:48 INFO  main org.springframework.context.support.PostProcessorRegistrationDelegate$BeanPostProcessorChecker Bean 'userServiceImpl' of type [cc.mrbird.febs.system.service.impl.UserServiceImpl] is not eligible for getting processed by all BeanPostProcessors (for example: not eligible for auto-proxying)
2020-10-20 08:36:48 INFO  main org.springframework.context.support.PostProcessorRegistrationDelegate$BeanPostProcessorChecker Bean 'roleMapper' of type [org.mybatis.spring.mapper.MapperFactoryBean] is not eligible for getting processed by all BeanPostProcessors (for example: not eligible for auto-proxying)
2020-10-20 08:36:48 INFO  main org.springframework.context.support.PostProcessorRegistrationDelegate$BeanPostProcessorChecker Bean 'roleMapper' of type [com.sun.proxy.$Proxy125] is not eligible for getting processed by all BeanPostProcessors (for example: not eligible for auto-proxying)
2020-10-20 08:36:48 INFO  main org.springframework.context.support.PostProcessorRegistrationDelegate$BeanPostProcessorChecker Bean 'roleServiceImpl' of type [cc.mrbird.febs.system.service.impl.RoleServiceImpl] is not eligible for getting processed by all BeanPostProcessors (for example: not eligible for auto-proxying)
2020-10-20 08:36:48 INFO  main org.springframework.context.support.PostProcessorRegistrationDelegate$BeanPostProcessorChecker Bean 'shiroRealm' of type [cc.mrbird.febs.common.authentication.ShiroRealm] is not eligible for getting processed by all BeanPostProcessors (for example: not eligible for auto-proxying)
2020-10-20 08:36:49 INFO  main org.springframework.context.support.PostProcessorRegistrationDelegate$BeanPostProcessorChecker Bean 'redisSessionDAO' of type [org.crazycake.shiro.RedisSessionDAO] is not eligible for getting processed by all BeanPostProcessors (for example: not eligible for auto-proxying)
2020-10-20 08:36:49 INFO  main org.springframework.context.support.PostProcessorRegistrationDelegate$BeanPostProcessorChecker Bean 'sessionManager' of type [org.apache.shiro.web.session.mgt.DefaultWebSessionManager] is not eligible for getting processed by all BeanPostProcessors (for example: not eligible for auto-proxying)
2020-10-20 08:36:49 INFO  main org.springframework.context.support.PostProcessorRegistrationDelegate$BeanPostProcessorChecker Bean 'securityManager' of type [org.apache.shiro.web.mgt.DefaultWebSecurityManager] is not eligible for getting processed by all BeanPostProcessors (for example: not eligible for auto-proxying)
2020-10-20 08:36:49 INFO  main org.springframework.context.support.PostProcessorRegistrationDelegate$BeanPostProcessorChecker Bean 'authorizationAttributeSourceAdvisor' of type [org.apache.shiro.spring.security.interceptor.AuthorizationAttributeSourceAdvisor] is not eligible for getting processed by all BeanPostProcessors (for example: not eligible for auto-proxying)
2020-10-20 08:36:49 INFO  main org.springframework.boot.web.embedded.tomcat.TomcatWebServer Tomcat initialized with port(s): 8081 (http)
2020-10-20 08:36:49 INFO  main org.apache.coyote.http11.Http11NioProtocol Initializing ProtocolHandler ["http-nio-8081"]
2020-10-20 08:36:49 INFO  main org.apache.catalina.core.StandardService Starting service [Tomcat]
2020-10-20 08:36:49 INFO  main org.apache.catalina.core.StandardEngine Starting Servlet engine: [Apache Tomcat/9.0.31]
2020-10-20 08:36:49 INFO  main org.apache.catalina.core.ContainerBase.[Tomcat].[localhost].[/] Initializing Spring embedded WebApplicationContext
2020-10-20 08:36:49 INFO  main org.springframework.boot.web.servlet.context.ServletWebServerApplicationContext Root WebApplicationContext: initialization completed in 4529 ms
2020-10-20 08:36:49 INFO  main cc.mrbird.febs.common.xss.XssFilter ------------ xss filter init ------------
2020-10-20 08:36:50 INFO  main com.zaxxer.hikari.HikariDataSource HikariPool-1 - Starting...
2020-10-20 08:36:50 INFO  main com.zaxxer.hikari.pool.PoolBase HikariPool-1 - Driver does not support get/set network timeout for connections. (oracle.jdbc.driver.T4CConnection.getNetworkTimeout()I)
2020-10-20 08:36:50 INFO  main com.zaxxer.hikari.HikariDataSource HikariPool-1 - Start completed.
2020-10-20 08:36:51 INFO  main org.springframework.boot.actuate.endpoint.web.EndpointLinksResolver Exposing 2 endpoint(s) beneath base path '/actuator'
2020-10-20 08:36:51 INFO  main springfox.documentation.spring.web.PropertySourcedRequestMappingHandlerMapping Mapped URL path [/v2/api-docs] onto method [springfox.documentation.swagger2.web.Swagger2Controller#getDocumentation(String, HttpServletRequest)]
2020-10-20 08:36:51 INFO  main org.springframework.scheduling.concurrent.ThreadPoolTaskExecutor Initializing ExecutorService
2020-10-20 08:36:51 INFO  main org.springframework.scheduling.concurrent.ThreadPoolTaskExecutor Initializing ExecutorService 'febsAsyncThreadPool'
2020-10-20 08:36:52 INFO  main org.springframework.boot.autoconfigure.web.servlet.WelcomePageHandlerMapping Adding welcome page template: index
2020-10-20 08:36:52 INFO  main org.quartz.impl.StdSchedulerFactory Using default implementation for ThreadExecutor
2020-10-20 08:36:52 INFO  main org.quartz.core.SchedulerSignalerImpl Initialized Scheduler Signaller of type: class org.quartz.core.SchedulerSignalerImpl
2020-10-20 08:36:52 INFO  main org.quartz.core.QuartzScheduler Quartz Scheduler v.2.3.2 created.
2020-10-20 08:36:52 INFO  main org.quartz.simpl.RAMJobStore RAMJobStore initialized.
2020-10-20 08:36:52 INFO  main org.quartz.core.QuartzScheduler Scheduler meta-data: Quartz Scheduler (v2.3.2) 'quartzScheduler' with instanceId 'NON_CLUSTERED'
  Scheduler class: 'org.quartz.core.QuartzScheduler' - running locally.
  NOT STARTED.
  Currently in standby mode.
  Number of jobs executed: 0
  Using thread pool 'org.quartz.simpl.SimpleThreadPool' - with 10 threads.
  Using job-store 'org.quartz.simpl.RAMJobStore' - which does not support persistence. and is not clustered.

2020-10-20 08:36:52 INFO  main org.quartz.impl.StdSchedulerFactory Quartz scheduler 'quartzScheduler' initialized from an externally provided properties instance.
2020-10-20 08:36:52 INFO  main org.quartz.impl.StdSchedulerFactory Quartz scheduler version: 2.3.2
2020-10-20 08:36:52 INFO  main org.quartz.core.QuartzScheduler JobFactory set to: org.springframework.scheduling.quartz.SpringBeanJobFactory@39ac8c0c
2020-10-20 08:36:52 INFO  main org.springframework.scheduling.concurrent.ThreadPoolTaskScheduler Initializing ExecutorService 'taskScheduler'
2020-10-20 08:36:52 INFO  main org.apache.coyote.http11.Http11NioProtocol Starting ProtocolHandler ["http-nio-8081"]
2020-10-20 08:36:52 INFO  main org.apache.catalina.core.ContainerBase.[Tomcat].[localhost].[/] Initializing Spring DispatcherServlet 'dispatcherServlet'
2020-10-20 08:36:52 INFO  main org.springframework.web.servlet.DispatcherServlet Initializing Servlet 'dispatcherServlet'
2020-10-20 08:36:52 INFO  main org.springframework.web.servlet.DispatcherServlet Completed initialization in 7 ms
2020-10-20 08:36:52 INFO  main org.springframework.boot.web.embedded.tomcat.TomcatWebServer Tomcat started on port(s): 8081 (http) with context path ''
2020-10-20 08:36:52 INFO  main springfox.documentation.spring.web.plugins.DocumentationPluginsBootstrapper Context refreshed
2020-10-20 08:36:52 INFO  main springfox.documentation.spring.web.plugins.DocumentationPluginsBootstrapper Found 1 custom documentation plugin(s)
2020-10-20 08:36:52 INFO  main springfox.documentation.spring.web.scanners.ApiListingReferenceScanner Scanning for api listing references
2020-10-20 08:36:52 INFO  main springfox.documentation.spring.web.readers.operation.CachingOperationNameGenerator Generating unique operation named: getDeptTreeUsingGET_1
2020-10-20 08:36:52 INFO  main springfox.documentation.spring.web.readers.operation.CachingOperationNameGenerator Generating unique operation named: exportUsingGET_1
2020-10-20 08:36:52 INFO  main springfox.documentation.spring.web.readers.operation.CachingOperationNameGenerator Generating unique operation named: exportUsingGET_2
2020-10-20 08:36:52 INFO  main springfox.documentation.spring.web.readers.operation.CachingOperationNameGenerator Generating unique operation named: exportUsingGET_3
2020-10-20 08:36:52 INFO  main springfox.documentation.spring.web.readers.operation.CachingOperationNameGenerator Generating unique operation named: addMatterRemindUsingGET_1
2020-10-20 08:36:52 INFO  main springfox.documentation.spring.web.readers.operation.CachingOperationNameGenerator Generating unique operation named: getDeptTreeUsingGET_2
2020-10-20 08:36:52 INFO  main springfox.documentation.spring.web.readers.operation.CachingOperationNameGenerator Generating unique operation named: exportUsingGET_4
2020-10-20 08:36:52 INFO  main springfox.documentation.spring.web.readers.operation.CachingOperationNameGenerator Generating unique operation named: exportUsingPOST_1
2020-10-20 08:36:52 INFO  main springfox.documentation.spring.web.readers.operation.CachingOperationNameGenerator Generating unique operation named: exportUsingGET_5
2020-10-20 08:36:53 INFO  main springfox.documentation.spring.web.readers.operation.CachingOperationNameGenerator Generating unique operation named: addCycleUsingGET_1
2020-10-20 08:36:53 INFO  main springfox.documentation.spring.web.readers.operation.CachingOperationNameGenerator Generating unique operation named: indexUsingGET_1
2020-10-20 08:36:53 INFO  main springfox.documentation.spring.web.readers.operation.CachingOperationNameGenerator Generating unique operation named: systemMatterAdderUsingGET_1
2020-10-20 08:36:53 INFO  main org.springframework.scheduling.quartz.SchedulerFactoryBean Starting Quartz Scheduler now
2020-10-20 08:36:53 INFO  main org.quartz.core.QuartzScheduler Scheduler quartzScheduler_$_NON_CLUSTERED started.
2020-10-20 08:36:53 INFO  main cc.mrbird.febs.FebsShiroApplication Started FebsShiroApplication in 9.158 seconds (JVM running for 11.005)
2020-10-20 08:36:53 INFO  main cc.mrbird.febs.common.runner.FebsStartedUpRunner  __    ___   _      ___   _     ____ _____  ____ 
2020-10-20 08:36:53 INFO  main cc.mrbird.febs.common.runner.FebsStartedUpRunner / /`  / / \ | |\/| | |_) | |   | |_   | |  | |_  
2020-10-20 08:36:53 INFO  main cc.mrbird.febs.common.runner.FebsStartedUpRunner \_\_, \_\_/ |_|  | |_|   |_|__ |_|__  |_|  |_|__ 
2020-10-20 08:36:53 INFO  main cc.mrbird.febs.common.runner.FebsStartedUpRunner                                                       
2020-10-20 08:36:53 INFO  main cc.mrbird.febs.common.runner.FebsStartedUpRunner FEBS 权限系统启动完毕，地址：http://192.168.56.1:8081/login
2020-10-20 08:36:54 INFO  http-nio-8081-exec-1 org.apache.shiro.session.mgt.AbstractValidatingSessionManager Enabling session validation scheduler...
2020-10-20 08:36:55 INFO  http-nio-8081-exec-4 cc.mrbird.febs.common.aspect.LimitAspect IP:192.168.56.1 第 1 次访问key为 [limit_get_captcha192.168.56.1]，描述为 [获取验证码] 的接口
2020-10-20 08:37:54 INFO  http-nio-8081-exec-6 cc.mrbird.febs.common.aspect.LimitAspect IP:192.168.56.1 第 2 次访问key为 [limit_get_captcha192.168.56.1]，描述为 [获取验证码] 的接口
2020-10-20 08:38:01 INFO  http-nio-8081-exec-9 cc.mrbird.febs.common.aspect.LimitAspect IP:192.168.56.1 第 1 次访问key为 [limit_login192.168.56.1]，描述为 [登录接口] 的接口
2020-10-20 08:41:19 INFO  http-nio-8081-exec-3 cc.mrbird.febs.common.aspect.LimitAspect IP:192.168.56.1 第 1 次访问key为 [limit_get_captcha192.168.56.1]，描述为 [获取验证码] 的接口
2020-10-20 08:45:59 INFO  http-nio-8081-exec-10 org.apache.coyote.http11.Http11Processor Error parsing HTTP request header
 Note: further occurrences of HTTP request parsing errors will be logged at DEBUG level.
java.lang.IllegalArgumentException: The HTTP header line [host:3b36e36273.wicp.vipp0x0d0x0aConnection: keep-alive] does not conform to RFC 7230 and has been ignored.
	at org.apache.coyote.http11.Http11InputBuffer.skipLine(Http11InputBuffer.java:986)
	at org.apache.coyote.http11.Http11InputBuffer.parseHeader(Http11InputBuffer.java:905)
	at org.apache.coyote.http11.Http11InputBuffer.parseHeaders(Http11InputBuffer.java:565)
	at org.apache.coyote.http11.Http11Processor.service(Http11Processor.java:277)
	at org.apache.coyote.AbstractProcessorLight.process(AbstractProcessorLight.java:65)
	at org.apache.coyote.AbstractProtocol$ConnectionHandler.process(AbstractProtocol.java:868)
	at org.apache.tomcat.util.net.NioEndpoint$SocketProcessor.doRun(NioEndpoint.java:1639)
	at org.apache.tomcat.util.net.SocketProcessorBase.run(SocketProcessorBase.java:49)
	at java.util.concurrent.ThreadPoolExecutor.runWorker(ThreadPoolExecutor.java:1149)
	at java.util.concurrent.ThreadPoolExecutor$Worker.run(ThreadPoolExecutor.java:624)
	at org.apache.tomcat.util.threads.TaskThread$WrappingRunnable.run(TaskThread.java:61)
	at java.lang.Thread.run(Thread.java:748)
2020-10-20 08:49:01 INFO  http-nio-8081-exec-3 cc.mrbird.febs.common.aspect.LimitAspect IP:192.168.56.1 第 1 次访问key为 [limit_login192.168.56.1]，描述为 [登录接口] 的接口
2020-10-20 08:49:01 INFO  http-nio-8081-exec-6 cc.mrbird.febs.common.aspect.LimitAspect IP:192.168.56.1 第 1 次访问key为 [limit_get_captcha192.168.56.1]，描述为 [获取验证码] 的接口
2020-10-20 08:49:05 INFO  http-nio-8081-exec-5 cc.mrbird.febs.common.aspect.LimitAspect IP:192.168.56.1 第 2 次访问key为 [limit_login192.168.56.1]，描述为 [登录接口] 的接口
2020-10-20 08:50:21 INFO  http-nio-8081-exec-10 cc.mrbird.febs.common.aspect.LimitAspect IP:192.168.56.1 第 1 次访问key为 [limit_get_captcha192.168.56.1]，描述为 [获取验证码] 的接口
2020-10-20 08:50:46 INFO  http-nio-8081-exec-2 cc.mrbird.febs.common.aspect.LimitAspect IP:192.168.56.1 第 1 次访问key为 [limit_login192.168.56.1]，描述为 [登录接口] 的接口
2020-10-20 08:58:57 INFO  http-nio-8081-exec-9 org.apache.coyote.http11.Http11Processor Error parsing HTTP request header
 Note: further occurrences of HTTP request parsing errors will be logged at DEBUG level.
java.lang.IllegalArgumentException: The HTTP header line [cookie:_ga=GA1.2.77772607.1602571867; td_cookie=3100207144; JSESSIONID=9432094c-e41c-4cf1-b8d9-05130d1ad3822] does not conform to RFC 7230 and has been ignored.
	at org.apache.coyote.http11.Http11InputBuffer.skipLine(Http11InputBuffer.java:986)
	at org.apache.coyote.http11.Http11InputBuffer.parseHeader(Http11InputBuffer.java:905)
	at org.apache.coyote.http11.Http11InputBuffer.parseHeaders(Http11InputBuffer.java:565)
	at org.apache.coyote.http11.Http11Processor.service(Http11Processor.java:277)
	at org.apache.coyote.AbstractProcessorLight.process(AbstractProcessorLight.java:65)
	at org.apache.coyote.AbstractProtocol$ConnectionHandler.process(AbstractProtocol.java:868)
	at org.apache.tomcat.util.net.NioEndpoint$SocketProcessor.doRun(NioEndpoint.java:1639)
	at org.apache.tomcat.util.net.SocketProcessorBase.run(SocketProcessorBase.java:49)
	at java.util.concurrent.ThreadPoolExecutor.runWorker(ThreadPoolExecutor.java:1149)
	at java.util.concurrent.ThreadPoolExecutor$Worker.run(ThreadPoolExecutor.java:624)
	at org.apache.tomcat.util.threads.TaskThread$WrappingRunnable.run(TaskThread.java:61)
	at java.lang.Thread.run(Thread.java:748)
2020-10-20 09:13:29 INFO  http-nio-8081-exec-10 cc.mrbird.febs.common.aspect.LimitAspect IP:192.168.56.1 第 1 次访问key为 [limit_get_captcha192.168.56.1]，描述为 [获取验证码] 的接口
2020-10-20 09:13:40 INFO  http-nio-8081-exec-4 cc.mrbird.febs.common.aspect.LimitAspect IP:192.168.56.1 第 1 次访问key为 [limit_login192.168.56.1]，描述为 [登录接口] 的接口
2020-10-20 09:36:54 INFO  SessionValidationThread-1 org.apache.shiro.session.mgt.AbstractValidatingSessionManager Validating all active sessions...
2020-10-20 09:36:54 INFO  SessionValidationThread-1 org.apache.shiro.session.mgt.AbstractValidatingSessionManager Finished session validation.  No sessions were stopped.
2020-10-20 10:00:02 INFO  http-nio-8081-exec-9 cc.mrbird.febs.common.aspect.LimitAspect IP:192.168.56.1 第 1 次访问key为 [limit_get_captcha192.168.56.1]，描述为 [获取验证码] 的接口
2020-10-20 10:00:08 INFO  http-nio-8081-exec-10 cc.mrbird.febs.common.aspect.LimitAspect IP:192.168.56.1 第 1 次访问key为 [limit_login192.168.56.1]，描述为 [登录接口] 的接口
2020-10-20 10:02:36 INFO  http-nio-8081-exec-6 cc.mrbird.febs.common.aspect.LimitAspect IP:192.168.56.1 第 1 次访问key为 [limit_get_captcha192.168.56.1]，描述为 [获取验证码] 的接口
2020-10-20 10:02:48 INFO  http-nio-8081-exec-2 cc.mrbird.febs.common.aspect.LimitAspect IP:192.168.56.1 第 1 次访问key为 [limit_login192.168.56.1]，描述为 [登录接口] 的接口
2020-10-20 11:14:17 INFO  main cc.mrbird.febs.FebsShiroApplication Starting FebsShiroApplication on LAPTOP-JVB4VUNK with PID 13396 (C:\Users\spring\Desktop\日程管理\febs\target\classes started by 姑娘脸红晕如潮 in C:\Users\spring\Desktop\日程管理\febs)
2020-10-20 11:14:17 INFO  main cc.mrbird.febs.FebsShiroApplication The following profiles are active: dev
2020-10-20 11:14:20 INFO  main org.springframework.data.repository.config.RepositoryConfigurationDelegate Multiple Spring Data modules found, entering strict repository configuration mode!
2020-10-20 11:14:20 INFO  main org.springframework.data.repository.config.RepositoryConfigurationDelegate Bootstrapping Spring Data Redis repositories in DEFAULT mode.
2020-10-20 11:14:20 INFO  main org.springframework.data.repository.config.RepositoryConfigurationDelegate Finished Spring Data repository scanning in 145ms. Found 0 Redis repository interfaces.
2020-10-20 11:14:20 INFO  main org.springframework.context.support.PostProcessorRegistrationDelegate$BeanPostProcessorChecker Bean 'febsProperties' of type [cc.mrbird.febs.common.properties.FebsProperties$$EnhancerBySpringCGLIB$$3eec0e6c] is not eligible for getting processed by all BeanPostProcessors (for example: not eligible for auto-proxying)
2020-10-20 11:14:20 INFO  main org.springframework.context.support.PostProcessorRegistrationDelegate$BeanPostProcessorChecker Bean 'shiroConfig' of type [cc.mrbird.febs.common.authentication.ShiroConfig$$EnhancerBySpringCGLIB$$3fa4f099] is not eligible for getting processed by all BeanPostProcessors (for example: not eligible for auto-proxying)
2020-10-20 11:14:21 INFO  main org.springframework.context.support.PostProcessorRegistrationDelegate$BeanPostProcessorChecker Bean 'mybatis-plus-com.baomidou.mybatisplus.autoconfigure.MybatisPlusProperties' of type [com.baomidou.mybatisplus.autoconfigure.MybatisPlusProperties] is not eligible for getting processed by all BeanPostProcessors (for example: not eligible for auto-proxying)
2020-10-20 11:14:21 INFO  main org.springframework.context.support.PostProcessorRegistrationDelegate$BeanPostProcessorChecker Bean 'mybatisPlusConfigure' of type [cc.mrbird.febs.common.configure.MybatisPlusConfigure$$EnhancerBySpringCGLIB$$3b82951d] is not eligible for getting processed by all BeanPostProcessors (for example: not eligible for auto-proxying)
2020-10-20 11:14:21 INFO  main org.springframework.context.support.PostProcessorRegistrationDelegate$BeanPostProcessorChecker Bean 'dataPermissionInterceptor' of type [cc.mrbird.febs.common.interceptor.DataPermissionInterceptor] is not eligible for getting processed by all BeanPostProcessors (for example: not eligible for auto-proxying)
2020-10-20 11:14:21 INFO  main org.springframework.context.support.PostProcessorRegistrationDelegate$BeanPostProcessorChecker Bean 'desensitizationInterceptor' of type [cc.mrbird.febs.common.interceptor.DesensitizationInterceptor] is not eligible for getting processed by all BeanPostProcessors (for example: not eligible for auto-proxying)
2020-10-20 11:14:21 INFO  main org.springframework.context.support.PostProcessorRegistrationDelegate$BeanPostProcessorChecker Bean 'paginationInterceptor' of type [com.baomidou.mybatisplus.extension.plugins.PaginationInterceptor] is not eligible for getting processed by all BeanPostProcessors (for example: not eligible for auto-proxying)
2020-10-20 11:14:21 INFO  main org.springframework.context.support.PostProcessorRegistrationDelegate$BeanPostProcessorChecker Bean 'optimisticLockerInterceptor' of type [com.baomidou.mybatisplus.extension.plugins.OptimisticLockerInterceptor] is not eligible for getting processed by all BeanPostProcessors (for example: not eligible for auto-proxying)
2020-10-20 11:14:21 INFO  main org.springframework.context.support.PostProcessorRegistrationDelegate$BeanPostProcessorChecker Bean 'com.baomidou.mybatisplus.autoconfigure.MybatisPlusAutoConfiguration' of type [com.baomidou.mybatisplus.autoconfigure.MybatisPlusAutoConfiguration$$EnhancerBySpringCGLIB$$11ed5b8a] is not eligible for getting processed by all BeanPostProcessors (for example: not eligible for auto-proxying)
2020-10-20 11:14:21 INFO  main org.springframework.context.support.PostProcessorRegistrationDelegate$BeanPostProcessorChecker Bean 'org.springframework.boot.autoconfigure.jdbc.DataSourceConfiguration$Hikari' of type [org.springframework.boot.autoconfigure.jdbc.DataSourceConfiguration$Hikari] is not eligible for getting processed by all BeanPostProcessors (for example: not eligible for auto-proxying)
2020-10-20 11:14:21 INFO  main org.springframework.context.support.PostProcessorRegistrationDelegate$BeanPostProcessorChecker Bean 'spring.datasource-org.springframework.boot.autoconfigure.jdbc.DataSourceProperties' of type [org.springframework.boot.autoconfigure.jdbc.DataSourceProperties] is not eligible for getting processed by all BeanPostProcessors (for example: not eligible for auto-proxying)
2020-10-20 11:14:21 INFO  main org.springframework.context.support.PostProcessorRegistrationDelegate$BeanPostProcessorChecker Bean 'dataSource' of type [com.zaxxer.hikari.HikariDataSource] is not eligible for getting processed by all BeanPostProcessors (for example: not eligible for auto-proxying)
2020-10-20 11:14:21 INFO  main org.springframework.context.support.PostProcessorRegistrationDelegate$BeanPostProcessorChecker Bean 'org.springframework.boot.autoconfigure.jdbc.DataSourceInitializerInvoker' of type [org.springframework.boot.autoconfigure.jdbc.DataSourceInitializerInvoker] is not eligible for getting processed by all BeanPostProcessors (for example: not eligible for auto-proxying)
2020-10-20 11:14:21 INFO  main org.springframework.context.support.PostProcessorRegistrationDelegate$BeanPostProcessorChecker Bean 'oracleKeyGenerator' of type [com.baomidou.mybatisplus.extension.incrementer.OracleKeyGenerator] is not eligible for getting processed by all BeanPostProcessors (for example: not eligible for auto-proxying)
2020-10-20 11:14:22 INFO  main org.springframework.context.support.PostProcessorRegistrationDelegate$BeanPostProcessorChecker Bean 'sqlSessionFactory' of type [org.apache.ibatis.session.defaults.DefaultSqlSessionFactory] is not eligible for getting processed by all BeanPostProcessors (for example: not eligible for auto-proxying)
2020-10-20 11:14:22 INFO  main org.springframework.context.support.PostProcessorRegistrationDelegate$BeanPostProcessorChecker Bean 'sqlSessionTemplate' of type [org.mybatis.spring.SqlSessionTemplate] is not eligible for getting processed by all BeanPostProcessors (for example: not eligible for auto-proxying)
2020-10-20 11:14:22 INFO  main org.springframework.context.support.PostProcessorRegistrationDelegate$BeanPostProcessorChecker Bean 'roleMenuMapper' of type [org.mybatis.spring.mapper.MapperFactoryBean] is not eligible for getting processed by all BeanPostProcessors (for example: not eligible for auto-proxying)
2020-10-20 11:14:22 INFO  main org.springframework.context.support.PostProcessorRegistrationDelegate$BeanPostProcessorChecker Bean 'roleMenuMapper' of type [com.sun.proxy.$Proxy114] is not eligible for getting processed by all BeanPostProcessors (for example: not eligible for auto-proxying)
2020-10-20 11:14:22 INFO  main org.springframework.context.support.PostProcessorRegistrationDelegate$BeanPostProcessorChecker Bean 'roleMenuServiceImpl' of type [cc.mrbird.febs.system.service.impl.RoleMenuServiceImpl] is not eligible for getting processed by all BeanPostProcessors (for example: not eligible for auto-proxying)
2020-10-20 11:14:22 INFO  main org.springframework.context.support.PostProcessorRegistrationDelegate$BeanPostProcessorChecker Bean 'menuMapper' of type [org.mybatis.spring.mapper.MapperFactoryBean] is not eligible for getting processed by all BeanPostProcessors (for example: not eligible for auto-proxying)
2020-10-20 11:14:22 INFO  main org.springframework.context.support.PostProcessorRegistrationDelegate$BeanPostProcessorChecker Bean 'menuMapper' of type [com.sun.proxy.$Proxy116] is not eligible for getting processed by all BeanPostProcessors (for example: not eligible for auto-proxying)
2020-10-20 11:14:22 INFO  main org.springframework.context.support.PostProcessorRegistrationDelegate$BeanPostProcessorChecker Bean 'menuServiceImpl' of type [cc.mrbird.febs.system.service.impl.MenuServiceImpl] is not eligible for getting processed by all BeanPostProcessors (for example: not eligible for auto-proxying)
2020-10-20 11:14:22 INFO  main org.springframework.context.support.PostProcessorRegistrationDelegate$BeanPostProcessorChecker Bean 'userRoleMapper' of type [org.mybatis.spring.mapper.MapperFactoryBean] is not eligible for getting processed by all BeanPostProcessors (for example: not eligible for auto-proxying)
2020-10-20 11:14:22 INFO  main org.springframework.context.support.PostProcessorRegistrationDelegate$BeanPostProcessorChecker Bean 'userRoleMapper' of type [com.sun.proxy.$Proxy118] is not eligible for getting processed by all BeanPostProcessors (for example: not eligible for auto-proxying)
2020-10-20 11:14:22 INFO  main org.springframework.context.support.PostProcessorRegistrationDelegate$BeanPostProcessorChecker Bean 'userRoleServiceImpl' of type [cc.mrbird.febs.system.service.impl.UserRoleServiceImpl] is not eligible for getting processed by all BeanPostProcessors (for example: not eligible for auto-proxying)
2020-10-20 11:14:22 INFO  main org.springframework.context.support.PostProcessorRegistrationDelegate$BeanPostProcessorChecker Bean 'userDataPermissionMapper' of type [org.mybatis.spring.mapper.MapperFactoryBean] is not eligible for getting processed by all BeanPostProcessors (for example: not eligible for auto-proxying)
2020-10-20 11:14:22 INFO  main org.springframework.context.support.PostProcessorRegistrationDelegate$BeanPostProcessorChecker Bean 'userDataPermissionMapper' of type [com.sun.proxy.$Proxy120] is not eligible for getting processed by all BeanPostProcessors (for example: not eligible for auto-proxying)
2020-10-20 11:14:22 INFO  main org.springframework.context.support.PostProcessorRegistrationDelegate$BeanPostProcessorChecker Bean 'userDataPermissionService' of type [cc.mrbird.febs.system.service.impl.UserDataPermissionServiceImpl] is not eligible for getting processed by all BeanPostProcessors (for example: not eligible for auto-proxying)
2020-10-20 11:14:22 INFO  main org.springframework.context.support.PostProcessorRegistrationDelegate$BeanPostProcessorChecker Bean 'userMapper' of type [org.mybatis.spring.mapper.MapperFactoryBean] is not eligible for getting processed by all BeanPostProcessors (for example: not eligible for auto-proxying)
2020-10-20 11:14:22 INFO  main org.springframework.context.support.PostProcessorRegistrationDelegate$BeanPostProcessorChecker Bean 'userMapper' of type [com.sun.proxy.$Proxy122] is not eligible for getting processed by all BeanPostProcessors (for example: not eligible for auto-proxying)
2020-10-20 11:14:22 INFO  main org.springframework.context.support.PostProcessorRegistrationDelegate$BeanPostProcessorChecker Bean 'userServiceImpl' of type [cc.mrbird.febs.system.service.impl.UserServiceImpl] is not eligible for getting processed by all BeanPostProcessors (for example: not eligible for auto-proxying)
2020-10-20 11:14:22 INFO  main org.springframework.context.support.PostProcessorRegistrationDelegate$BeanPostProcessorChecker Bean 'roleMapper' of type [org.mybatis.spring.mapper.MapperFactoryBean] is not eligible for getting processed by all BeanPostProcessors (for example: not eligible for auto-proxying)
2020-10-20 11:14:22 INFO  main org.springframework.context.support.PostProcessorRegistrationDelegate$BeanPostProcessorChecker Bean 'roleMapper' of type [com.sun.proxy.$Proxy125] is not eligible for getting processed by all BeanPostProcessors (for example: not eligible for auto-proxying)
2020-10-20 11:14:22 INFO  main org.springframework.context.support.PostProcessorRegistrationDelegate$BeanPostProcessorChecker Bean 'roleServiceImpl' of type [cc.mrbird.febs.system.service.impl.RoleServiceImpl] is not eligible for getting processed by all BeanPostProcessors (for example: not eligible for auto-proxying)
2020-10-20 11:14:22 INFO  main org.springframework.context.support.PostProcessorRegistrationDelegate$BeanPostProcessorChecker Bean 'shiroRealm' of type [cc.mrbird.febs.common.authentication.ShiroRealm] is not eligible for getting processed by all BeanPostProcessors (for example: not eligible for auto-proxying)
2020-10-20 11:14:23 INFO  main org.springframework.context.support.PostProcessorRegistrationDelegate$BeanPostProcessorChecker Bean 'redisSessionDAO' of type [org.crazycake.shiro.RedisSessionDAO] is not eligible for getting processed by all BeanPostProcessors (for example: not eligible for auto-proxying)
2020-10-20 11:14:23 INFO  main org.springframework.context.support.PostProcessorRegistrationDelegate$BeanPostProcessorChecker Bean 'sessionManager' of type [org.apache.shiro.web.session.mgt.DefaultWebSessionManager] is not eligible for getting processed by all BeanPostProcessors (for example: not eligible for auto-proxying)
2020-10-20 11:14:23 INFO  main org.springframework.context.support.PostProcessorRegistrationDelegate$BeanPostProcessorChecker Bean 'securityManager' of type [org.apache.shiro.web.mgt.DefaultWebSecurityManager] is not eligible for getting processed by all BeanPostProcessors (for example: not eligible for auto-proxying)
2020-10-20 11:14:23 INFO  main org.springframework.context.support.PostProcessorRegistrationDelegate$BeanPostProcessorChecker Bean 'authorizationAttributeSourceAdvisor' of type [org.apache.shiro.spring.security.interceptor.AuthorizationAttributeSourceAdvisor] is not eligible for getting processed by all BeanPostProcessors (for example: not eligible for auto-proxying)
2020-10-20 11:14:23 INFO  main org.springframework.boot.web.embedded.tomcat.TomcatWebServer Tomcat initialized with port(s): 8081 (http)
2020-10-20 11:14:23 INFO  main org.apache.coyote.http11.Http11NioProtocol Initializing ProtocolHandler ["http-nio-8081"]
2020-10-20 11:14:23 INFO  main org.apache.catalina.core.StandardService Starting service [Tomcat]
2020-10-20 11:14:23 INFO  main org.apache.catalina.core.StandardEngine Starting Servlet engine: [Apache Tomcat/9.0.31]
2020-10-20 11:14:23 INFO  main org.apache.catalina.core.ContainerBase.[Tomcat].[localhost].[/] Initializing Spring embedded WebApplicationContext
2020-10-20 11:14:23 INFO  main org.springframework.boot.web.servlet.context.ServletWebServerApplicationContext Root WebApplicationContext: initialization completed in 5666 ms
2020-10-20 11:14:24 INFO  main cc.mrbird.febs.common.xss.XssFilter ------------ xss filter init ------------
2020-10-20 11:14:25 INFO  main com.zaxxer.hikari.HikariDataSource HikariPool-1 - Starting...
2020-10-20 11:14:25 INFO  main com.zaxxer.hikari.pool.PoolBase HikariPool-1 - Driver does not support get/set network timeout for connections. (oracle.jdbc.driver.T4CConnection.getNetworkTimeout()I)
2020-10-20 11:14:25 INFO  main com.zaxxer.hikari.HikariDataSource HikariPool-1 - Start completed.
2020-10-20 11:14:26 INFO  main org.springframework.boot.actuate.endpoint.web.EndpointLinksResolver Exposing 2 endpoint(s) beneath base path '/actuator'
2020-10-20 11:14:26 INFO  main springfox.documentation.spring.web.PropertySourcedRequestMappingHandlerMapping Mapped URL path [/v2/api-docs] onto method [springfox.documentation.swagger2.web.Swagger2Controller#getDocumentation(String, HttpServletRequest)]
2020-10-20 11:14:26 INFO  main org.springframework.scheduling.concurrent.ThreadPoolTaskExecutor Initializing ExecutorService
2020-10-20 11:14:26 INFO  main org.springframework.scheduling.concurrent.ThreadPoolTaskExecutor Initializing ExecutorService 'febsAsyncThreadPool'
2020-10-20 11:14:26 INFO  main org.springframework.boot.autoconfigure.web.servlet.WelcomePageHandlerMapping Adding welcome page template: index
2020-10-20 11:14:27 INFO  main org.quartz.impl.StdSchedulerFactory Using default implementation for ThreadExecutor
2020-10-20 11:14:27 INFO  main org.quartz.core.SchedulerSignalerImpl Initialized Scheduler Signaller of type: class org.quartz.core.SchedulerSignalerImpl
2020-10-20 11:14:27 INFO  main org.quartz.core.QuartzScheduler Quartz Scheduler v.2.3.2 created.
2020-10-20 11:14:27 INFO  main org.quartz.simpl.RAMJobStore RAMJobStore initialized.
2020-10-20 11:14:27 INFO  main org.quartz.core.QuartzScheduler Scheduler meta-data: Quartz Scheduler (v2.3.2) 'quartzScheduler' with instanceId 'NON_CLUSTERED'
  Scheduler class: 'org.quartz.core.QuartzScheduler' - running locally.
  NOT STARTED.
  Currently in standby mode.
  Number of jobs executed: 0
  Using thread pool 'org.quartz.simpl.SimpleThreadPool' - with 10 threads.
  Using job-store 'org.quartz.simpl.RAMJobStore' - which does not support persistence. and is not clustered.

2020-10-20 11:14:27 INFO  main org.quartz.impl.StdSchedulerFactory Quartz scheduler 'quartzScheduler' initialized from an externally provided properties instance.
2020-10-20 11:14:27 INFO  main org.quartz.impl.StdSchedulerFactory Quartz scheduler version: 2.3.2
2020-10-20 11:14:27 INFO  main org.quartz.core.QuartzScheduler JobFactory set to: org.springframework.scheduling.quartz.SpringBeanJobFactory@25e353dc
2020-10-20 11:14:27 INFO  main org.springframework.scheduling.concurrent.ThreadPoolTaskScheduler Initializing ExecutorService 'taskScheduler'
2020-10-20 11:14:27 INFO  main org.apache.coyote.http11.Http11NioProtocol Starting ProtocolHandler ["http-nio-8081"]
2020-10-20 11:14:27 INFO  main org.apache.catalina.core.ContainerBase.[Tomcat].[localhost].[/] Initializing Spring DispatcherServlet 'dispatcherServlet'
2020-10-20 11:14:27 INFO  main org.springframework.web.servlet.DispatcherServlet Initializing Servlet 'dispatcherServlet'
2020-10-20 11:14:27 INFO  main org.springframework.web.servlet.DispatcherServlet Completed initialization in 6 ms
2020-10-20 11:14:27 INFO  main org.springframework.boot.web.embedded.tomcat.TomcatWebServer Tomcat started on port(s): 8081 (http) with context path ''
2020-10-20 11:14:27 INFO  main springfox.documentation.spring.web.plugins.DocumentationPluginsBootstrapper Context refreshed
2020-10-20 11:14:27 INFO  main springfox.documentation.spring.web.plugins.DocumentationPluginsBootstrapper Found 1 custom documentation plugin(s)
2020-10-20 11:14:27 INFO  main springfox.documentation.spring.web.scanners.ApiListingReferenceScanner Scanning for api listing references
2020-10-20 11:14:27 INFO  main springfox.documentation.spring.web.readers.operation.CachingOperationNameGenerator Generating unique operation named: getDeptTreeUsingGET_1
2020-10-20 11:14:27 INFO  main springfox.documentation.spring.web.readers.operation.CachingOperationNameGenerator Generating unique operation named: exportUsingGET_1
2020-10-20 11:14:27 INFO  main springfox.documentation.spring.web.readers.operation.CachingOperationNameGenerator Generating unique operation named: exportUsingGET_2
2020-10-20 11:14:27 INFO  main springfox.documentation.spring.web.readers.operation.CachingOperationNameGenerator Generating unique operation named: exportUsingGET_3
2020-10-20 11:14:27 INFO  main springfox.documentation.spring.web.readers.operation.CachingOperationNameGenerator Generating unique operation named: addMatterRemindUsingGET_1
2020-10-20 11:14:27 INFO  main springfox.documentation.spring.web.readers.operation.CachingOperationNameGenerator Generating unique operation named: getDeptTreeUsingGET_2
2020-10-20 11:14:27 INFO  main springfox.documentation.spring.web.readers.operation.CachingOperationNameGenerator Generating unique operation named: exportUsingGET_4
2020-10-20 11:14:27 INFO  main springfox.documentation.spring.web.readers.operation.CachingOperationNameGenerator Generating unique operation named: exportUsingPOST_1
2020-10-20 11:14:27 INFO  main springfox.documentation.spring.web.readers.operation.CachingOperationNameGenerator Generating unique operation named: exportUsingGET_5
2020-10-20 11:14:27 INFO  main springfox.documentation.spring.web.readers.operation.CachingOperationNameGenerator Generating unique operation named: addCycleUsingGET_1
2020-10-20 11:14:27 INFO  main springfox.documentation.spring.web.readers.operation.CachingOperationNameGenerator Generating unique operation named: indexUsingGET_1
2020-10-20 11:14:27 INFO  main springfox.documentation.spring.web.readers.operation.CachingOperationNameGenerator Generating unique operation named: systemMatterAdderUsingGET_1
2020-10-20 11:14:27 INFO  main org.springframework.scheduling.quartz.SchedulerFactoryBean Starting Quartz Scheduler now
2020-10-20 11:14:27 INFO  main org.quartz.core.QuartzScheduler Scheduler quartzScheduler_$_NON_CLUSTERED started.
2020-10-20 11:14:27 INFO  main cc.mrbird.febs.FebsShiroApplication Started FebsShiroApplication in 10.567 seconds (JVM running for 12.019)
2020-10-20 11:14:28 INFO  main cc.mrbird.febs.common.runner.FebsStartedUpRunner  __    ___   _      ___   _     ____ _____  ____ 
2020-10-20 11:14:28 INFO  main cc.mrbird.febs.common.runner.FebsStartedUpRunner / /`  / / \ | |\/| | |_) | |   | |_   | |  | |_  
2020-10-20 11:14:28 INFO  main cc.mrbird.febs.common.runner.FebsStartedUpRunner \_\_, \_\_/ |_|  | |_|   |_|__ |_|__  |_|  |_|__ 
2020-10-20 11:14:28 INFO  main cc.mrbird.febs.common.runner.FebsStartedUpRunner                                                       
2020-10-20 11:14:28 INFO  main cc.mrbird.febs.common.runner.FebsStartedUpRunner FEBS 权限系统启动完毕，地址：http://192.168.56.1:8081/login
2020-10-20 11:14:28 INFO  http-nio-8081-exec-1 org.apache.shiro.session.mgt.AbstractValidatingSessionManager Enabling session validation scheduler...
2020-10-20 11:14:30 INFO  http-nio-8081-exec-4 cc.mrbird.febs.common.aspect.LimitAspect IP:192.168.56.1 第 1 次访问key为 [limit_get_captcha192.168.56.1]，描述为 [获取验证码] 的接口
2020-10-20 11:59:21 INFO  http-nio-8081-exec-5 cc.mrbird.febs.common.aspect.LimitAspect IP:192.168.56.1 第 1 次访问key为 [limit_get_captcha192.168.56.1]，描述为 [获取验证码] 的接口
2020-10-20 11:59:22 INFO  http-nio-8081-exec-10 cc.mrbird.febs.common.aspect.LimitAspect IP:192.168.56.1 第 2 次访问key为 [limit_get_captcha192.168.56.1]，描述为 [获取验证码] 的接口
2020-10-20 11:59:23 INFO  http-nio-8081-exec-4 cc.mrbird.febs.common.aspect.LimitAspect IP:192.168.56.1 第 3 次访问key为 [limit_get_captcha192.168.56.1]，描述为 [获取验证码] 的接口
2020-10-20 12:14:28 INFO  SessionValidationThread-1 org.apache.shiro.session.mgt.AbstractValidatingSessionManager Validating all active sessions...
2020-10-20 12:14:28 INFO  SessionValidationThread-1 org.apache.shiro.session.mgt.AbstractValidatingSessionManager Finished session validation.  No sessions were stopped.
2020-10-20 13:35:37 INFO  http-nio-8081-exec-4 cc.mrbird.febs.common.aspect.LimitAspect IP:192.168.56.1 第 1 次访问key为 [limit_get_captcha192.168.56.1]，描述为 [获取验证码] 的接口
2020-10-20 13:56:33 INFO  http-nio-8081-exec-1 cc.mrbird.febs.common.aspect.LimitAspect IP:192.168.56.1 第 1 次访问key为 [limit_get_captcha192.168.56.1]，描述为 [获取验证码] 的接口
2020-10-20 13:56:40 INFO  http-nio-8081-exec-4 cc.mrbird.febs.common.aspect.LimitAspect IP:192.168.56.1 第 1 次访问key为 [limit_login192.168.56.1]，描述为 [登录接口] 的接口
2020-10-20 14:09:20 INFO  SessionValidationThread-1 org.apache.shiro.session.mgt.AbstractValidatingSessionManager Validating all active sessions...
2020-10-20 14:09:20 INFO  SessionValidationThread-1 org.apache.shiro.session.mgt.AbstractValidatingSessionManager Finished session validation.  No sessions were stopped.
2020-10-20 14:14:28 INFO  SessionValidationThread-1 org.apache.shiro.session.mgt.AbstractValidatingSessionManager Validating all active sessions...
2020-10-20 14:14:28 INFO  SessionValidationThread-1 org.apache.shiro.session.mgt.AbstractValidatingSessionManager Finished session validation.  No sessions were stopped.
2020-10-20 15:50:14 INFO  http-nio-8081-exec-10 cc.mrbird.febs.common.aspect.LimitAspect IP:192.168.56.1 第 1 次访问key为 [limit_get_captcha192.168.56.1]，描述为 [获取验证码] 的接口
2020-10-20 15:50:34 INFO  http-nio-8081-exec-6 cc.mrbird.febs.common.aspect.LimitAspect IP:192.168.56.1 第 2 次访问key为 [limit_get_captcha192.168.56.1]，描述为 [获取验证码] 的接口
2020-10-20 15:52:49 INFO  http-nio-8081-exec-4 cc.mrbird.febs.common.aspect.LimitAspect IP:192.168.56.1 第 1 次访问key为 [limit_get_captcha192.168.56.1]，描述为 [获取验证码] 的接口
2020-10-20 15:53:28 INFO  http-nio-8081-exec-6 cc.mrbird.febs.common.aspect.LimitAspect IP:192.168.56.1 第 2 次访问key为 [limit_get_captcha192.168.56.1]，描述为 [获取验证码] 的接口
2020-10-20 15:53:29 INFO  http-nio-8081-exec-7 cc.mrbird.febs.common.aspect.LimitAspect IP:192.168.56.1 第 3 次访问key为 [limit_get_captcha192.168.56.1]，描述为 [获取验证码] 的接口
2020-10-20 15:53:30 INFO  http-nio-8081-exec-8 cc.mrbird.febs.common.aspect.LimitAspect IP:192.168.56.1 第 4 次访问key为 [limit_get_captcha192.168.56.1]，描述为 [获取验证码] 的接口
2020-10-20 15:53:38 INFO  http-nio-8081-exec-1 cc.mrbird.febs.common.aspect.LimitAspect IP:192.168.56.1 第 5 次访问key为 [limit_get_captcha192.168.56.1]，描述为 [获取验证码] 的接口
2020-10-20 15:53:40 INFO  http-nio-8081-exec-6 cc.mrbird.febs.common.aspect.LimitAspect IP:192.168.56.1 第 6 次访问key为 [limit_get_captcha192.168.56.1]，描述为 [获取验证码] 的接口
2020-10-20 15:53:41 INFO  http-nio-8081-exec-7 cc.mrbird.febs.common.aspect.LimitAspect IP:192.168.56.1 第 7 次访问key为 [limit_get_captcha192.168.56.1]，描述为 [获取验证码] 的接口
2020-10-20 15:53:42 INFO  http-nio-8081-exec-8 cc.mrbird.febs.common.aspect.LimitAspect IP:192.168.56.1 第 8 次访问key为 [limit_get_captcha192.168.56.1]，描述为 [获取验证码] 的接口
2020-10-20 15:53:53 INFO  http-nio-8081-exec-9 cc.mrbird.febs.common.aspect.LimitAspect IP:192.168.56.1 第 1 次访问key为 [limit_get_captcha192.168.56.1]，描述为 [获取验证码] 的接口
2020-10-20 15:54:05 INFO  http-nio-8081-exec-8 cc.mrbird.febs.common.aspect.LimitAspect IP:192.168.56.1 第 2 次访问key为 [limit_get_captcha192.168.56.1]，描述为 [获取验证码] 的接口
2020-10-20 15:54:07 INFO  http-nio-8081-exec-2 cc.mrbird.febs.common.aspect.LimitAspect IP:192.168.56.1 第 1 次访问key为 [limit_login192.168.56.1]，描述为 [登录接口] 的接口
2020-10-20 15:54:27 INFO  http-nio-8081-exec-2 cc.mrbird.febs.common.aspect.LimitAspect IP:192.168.56.1 第 2 次访问key为 [limit_login192.168.56.1]，描述为 [登录接口] 的接口
2020-10-20 16:26:26 INFO  SessionValidationThread-1 org.apache.shiro.session.mgt.AbstractValidatingSessionManager Validating all active sessions...
2020-10-20 16:26:26 INFO  SessionValidationThread-1 org.apache.shiro.session.mgt.AbstractValidatingSessionManager Finished session validation.  No sessions were stopped.
2020-10-20 16:26:26 INFO  SessionValidationThread-1 org.apache.shiro.session.mgt.AbstractValidatingSessionManager Validating all active sessions...
2020-10-20 16:26:26 INFO  SessionValidationThread-1 org.apache.shiro.session.mgt.AbstractValidatingSessionManager Finished session validation.  No sessions were stopped.
2020-10-20 17:05:21 INFO  http-nio-8081-exec-5 cc.mrbird.febs.common.aspect.LimitAspect IP:192.168.56.1 第 1 次访问key为 [limit_get_captcha192.168.56.1]，描述为 [获取验证码] 的接口
2020-10-20 17:05:44 INFO  http-nio-8081-exec-3 cc.mrbird.febs.common.aspect.LimitAspect IP:192.168.56.1 第 2 次访问key为 [limit_get_captcha192.168.56.1]，描述为 [获取验证码] 的接口
2020-10-20 17:06:05 INFO  http-nio-8081-exec-5 cc.mrbird.febs.common.aspect.LimitAspect IP:192.168.56.1 第 3 次访问key为 [limit_get_captcha192.168.56.1]，描述为 [获取验证码] 的接口
2020-10-20 17:06:28 INFO  http-nio-8081-exec-8 cc.mrbird.febs.common.aspect.LimitAspect IP:192.168.56.1 第 1 次访问key为 [limit_get_captcha192.168.56.1]，描述为 [获取验证码] 的接口
2020-10-20 17:06:37 INFO  http-nio-8081-exec-2 cc.mrbird.febs.common.aspect.LimitAspect IP:192.168.56.1 第 1 次访问key为 [limit_login192.168.56.1]，描述为 [登录接口] 的接口
2020-10-20 17:07:26 INFO  http-nio-8081-exec-9 org.apache.coyote.http11.Http11Processor Error parsing HTTP request header
 Note: further occurrences of HTTP request parsing errors will be logged at DEBUG level.
java.lang.IllegalArgumentException: The HTTP header line [x-requested-with:XMLHttpRequestt0x0d0x0aUser-Agent: Mozilla/5.0 (Windows NT 6.1; Win64; x64) AppleWebKit/537.36 (KHTML, like Gecko) Chrome/81.0.4044.92 Safari/537.36] does not conform to RFC 7230 and has been ignored.
	at org.apache.coyote.http11.Http11InputBuffer.skipLine(Http11InputBuffer.java:986)
	at org.apache.coyote.http11.Http11InputBuffer.parseHeader(Http11InputBuffer.java:905)
	at org.apache.coyote.http11.Http11InputBuffer.parseHeaders(Http11InputBuffer.java:565)
	at org.apache.coyote.http11.Http11Processor.service(Http11Processor.java:277)
	at org.apache.coyote.AbstractProcessorLight.process(AbstractProcessorLight.java:65)
	at org.apache.coyote.AbstractProtocol$ConnectionHandler.process(AbstractProtocol.java:868)
	at org.apache.tomcat.util.net.NioEndpoint$SocketProcessor.doRun(NioEndpoint.java:1639)
	at org.apache.tomcat.util.net.SocketProcessorBase.run(SocketProcessorBase.java:49)
	at java.util.concurrent.ThreadPoolExecutor.runWorker(ThreadPoolExecutor.java:1149)
	at java.util.concurrent.ThreadPoolExecutor$Worker.run(ThreadPoolExecutor.java:624)
	at org.apache.tomcat.util.threads.TaskThread$WrappingRunnable.run(TaskThread.java:61)
	at java.lang.Thread.run(Thread.java:748)
2020-10-20 17:27:53 INFO  SessionValidationThread-1 org.apache.shiro.session.mgt.AbstractValidatingSessionManager Validating all active sessions...
2020-10-20 17:27:53 INFO  SessionValidationThread-1 org.apache.shiro.session.mgt.AbstractValidatingSessionManager Finished session validation.  No sessions were stopped.
