2020-10-28 09:25:44 ERROR http-nio-8081-exec-2 cc.mrbird.febs.common.handler.GlobalExceptionHandler AuthorizationException, This subject is anonymous - it does not have any identifying principals and authorization operations require an identity to check against.  A Subject instance will acquire these identifying principals automatically after a successful login is performed be executing org.apache.shiro.subject.Subject.login(AuthenticationToken) or when 'Remember Me' functionality is enabled by the SecurityManager.  This exception can also occur when a previously logged-in Subject has logged out which makes it anonymous again.  Because an identity is currently not known due to any of these conditions, authorization is denied.
2020-10-28 09:27:44 ERROR http-nio-8081-exec-8 cc.mrbird.febs.common.handler.GlobalExceptionHandler 系统错误
cc.mrbird.febs.common.exception.FebsException: 验证码已过期
	at cc.mrbird.febs.common.service.ValidateCodeService.check(ValidateCodeService.java:52)
	at cc.mrbird.febs.system.controller.LoginController.login(LoginController.java:50)
	at cc.mrbird.febs.system.controller.LoginController$$FastClassBySpringCGLIB$$5f1dea76.invoke(<generated>)
	at org.springframework.cglib.proxy.MethodProxy.invoke(MethodProxy.java:218)
	at org.springframework.aop.framework.CglibAopProxy$CglibMethodInvocation.invokeJoinpoint(CglibAopProxy.java:771)
	at org.springframework.aop.framework.ReflectiveMethodInvocation.proceed(ReflectiveMethodInvocation.java:163)
	at org.springframework.aop.framework.CglibAopProxy$CglibMethodInvocation.proceed(CglibAopProxy.java:749)
	at org.springframework.aop.aspectj.MethodInvocationProceedingJoinPoint.proceed(MethodInvocationProceedingJoinPoint.java:88)
	at cc.mrbird.febs.common.aspect.LimitAspect.around(LimitAspect.java:69)
	at sun.reflect.NativeMethodAccessorImpl.invoke0(Native Method)
	at sun.reflect.NativeMethodAccessorImpl.invoke(NativeMethodAccessorImpl.java:62)
	at sun.reflect.DelegatingMethodAccessorImpl.invoke(DelegatingMethodAccessorImpl.java:43)
	at java.lang.reflect.Method.invoke(Method.java:498)
	at org.springframework.aop.aspectj.AbstractAspectJAdvice.invokeAdviceMethodWithGivenArgs(AbstractAspectJAdvice.java:644)
	at org.springframework.aop.aspectj.AbstractAspectJAdvice.invokeAdviceMethod(AbstractAspectJAdvice.java:633)
	at org.springframework.aop.aspectj.AspectJAroundAdvice.invoke(AspectJAroundAdvice.java:70)
	at org.springframework.aop.framework.ReflectiveMethodInvocation.proceed(ReflectiveMethodInvocation.java:175)
	at org.springframework.aop.framework.CglibAopProxy$CglibMethodInvocation.proceed(CglibAopProxy.java:749)
	at org.springframework.aop.interceptor.ExposeInvocationInterceptor.invoke(ExposeInvocationInterceptor.java:95)
	at org.springframework.aop.framework.ReflectiveMethodInvocation.proceed(ReflectiveMethodInvocation.java:186)
	at org.springframework.aop.framework.CglibAopProxy$CglibMethodInvocation.proceed(CglibAopProxy.java:749)
	at org.springframework.aop.framework.CglibAopProxy$DynamicAdvisedInterceptor.intercept(CglibAopProxy.java:691)
	at cc.mrbird.febs.system.controller.LoginController$$EnhancerBySpringCGLIB$$9b2713b2.login(<generated>)
	at sun.reflect.NativeMethodAccessorImpl.invoke0(Native Method)
	at sun.reflect.NativeMethodAccessorImpl.invoke(NativeMethodAccessorImpl.java:62)
	at sun.reflect.DelegatingMethodAccessorImpl.invoke(DelegatingMethodAccessorImpl.java:43)
	at java.lang.reflect.Method.invoke(Method.java:498)
	at org.springframework.web.method.support.InvocableHandlerMethod.doInvoke(InvocableHandlerMethod.java:190)
	at org.springframework.web.method.support.InvocableHandlerMethod.invokeForRequest(InvocableHandlerMethod.java:138)
	at org.springframework.web.servlet.mvc.method.annotation.ServletInvocableHandlerMethod.invokeAndHandle(ServletInvocableHandlerMethod.java:105)
	at org.springframework.web.servlet.mvc.method.annotation.RequestMappingHandlerAdapter.invokeHandlerMethod(RequestMappingHandlerAdapter.java:879)
	at org.springframework.web.servlet.mvc.method.annotation.RequestMappingHandlerAdapter.handleInternal(RequestMappingHandlerAdapter.java:793)
	at org.springframework.web.servlet.mvc.method.AbstractHandlerMethodAdapter.handle(AbstractHandlerMethodAdapter.java:87)
	at org.springframework.web.servlet.DispatcherServlet.doDispatch(DispatcherServlet.java:1040)
	at org.springframework.web.servlet.DispatcherServlet.doService(DispatcherServlet.java:943)
	at org.springframework.web.servlet.FrameworkServlet.processRequest(FrameworkServlet.java:1006)
	at org.springframework.web.servlet.FrameworkServlet.doPost(FrameworkServlet.java:909)
	at javax.servlet.http.HttpServlet.service(HttpServlet.java:648)
	at org.springframework.web.servlet.FrameworkServlet.service(FrameworkServlet.java:883)
	at javax.servlet.http.HttpServlet.service(HttpServlet.java:729)
	at org.apache.catalina.core.ApplicationFilterChain.internalDoFilter(ApplicationFilterChain.java:231)
	at org.apache.catalina.core.ApplicationFilterChain.doFilter(ApplicationFilterChain.java:166)
	at org.apache.tomcat.websocket.server.WsFilter.doFilter(WsFilter.java:53)
	at org.apache.catalina.core.ApplicationFilterChain.internalDoFilter(ApplicationFilterChain.java:193)
	at org.apache.catalina.core.ApplicationFilterChain.doFilter(ApplicationFilterChain.java:166)
	at org.apache.shiro.web.servlet.ProxiedFilterChain.doFilter(ProxiedFilterChain.java:61)
	at org.apache.shiro.web.servlet.AdviceFilter.executeChain(AdviceFilter.java:108)
	at org.apache.shiro.web.servlet.AdviceFilter.doFilterInternal(AdviceFilter.java:137)
	at org.apache.shiro.web.servlet.OncePerRequestFilter.doFilter(OncePerRequestFilter.java:125)
	at org.apache.shiro.web.servlet.ProxiedFilterChain.doFilter(ProxiedFilterChain.java:66)
	at org.apache.shiro.web.servlet.AbstractShiroFilter.executeChain(AbstractShiroFilter.java:449)
	at org.apache.shiro.web.servlet.AbstractShiroFilter$1.call(AbstractShiroFilter.java:365)
	at org.apache.shiro.subject.support.SubjectCallable.doCall(SubjectCallable.java:90)
	at org.apache.shiro.subject.support.SubjectCallable.call(SubjectCallable.java:83)
	at org.apache.shiro.subject.support.DelegatingSubject.execute(DelegatingSubject.java:387)
	at org.apache.shiro.web.servlet.AbstractShiroFilter.doFilterInternal(AbstractShiroFilter.java:362)
	at org.apache.shiro.web.servlet.OncePerRequestFilter.doFilter(OncePerRequestFilter.java:125)
	at org.apache.catalina.core.ApplicationFilterChain.internalDoFilter(ApplicationFilterChain.java:193)
	at org.apache.catalina.core.ApplicationFilterChain.doFilter(ApplicationFilterChain.java:166)
	at cc.mrbird.febs.common.configure.CORSFilter.doFilter(CORSFilter.java:30)
	at org.apache.catalina.core.ApplicationFilterChain.internalDoFilter(ApplicationFilterChain.java:193)
	at org.apache.catalina.core.ApplicationFilterChain.doFilter(ApplicationFilterChain.java:166)
	at org.springframework.boot.actuate.web.trace.servlet.HttpTraceFilter.doFilterInternal(HttpTraceFilter.java:88)
	at org.springframework.web.filter.OncePerRequestFilter.doFilter(OncePerRequestFilter.java:119)
	at org.apache.catalina.core.ApplicationFilterChain.internalDoFilter(ApplicationFilterChain.java:193)
	at org.apache.catalina.core.ApplicationFilterChain.doFilter(ApplicationFilterChain.java:166)
	at cc.mrbird.febs.common.xss.XssFilter.doFilter(XssFilter.java:55)
	at org.apache.catalina.core.ApplicationFilterChain.internalDoFilter(ApplicationFilterChain.java:193)
	at org.apache.catalina.core.ApplicationFilterChain.doFilter(ApplicationFilterChain.java:166)
	at org.springframework.web.filter.RequestContextFilter.doFilterInternal(RequestContextFilter.java:100)
	at org.springframework.web.filter.OncePerRequestFilter.doFilter(OncePerRequestFilter.java:119)
	at org.apache.catalina.core.ApplicationFilterChain.internalDoFilter(ApplicationFilterChain.java:193)
	at org.apache.catalina.core.ApplicationFilterChain.doFilter(ApplicationFilterChain.java:166)
	at org.springframework.web.filter.FormContentFilter.doFilterInternal(FormContentFilter.java:93)
	at org.springframework.web.filter.OncePerRequestFilter.doFilter(OncePerRequestFilter.java:119)
	at org.apache.catalina.core.ApplicationFilterChain.internalDoFilter(ApplicationFilterChain.java:193)
	at org.apache.catalina.core.ApplicationFilterChain.doFilter(ApplicationFilterChain.java:166)
	at org.springframework.boot.actuate.metrics.web.servlet.WebMvcMetricsFilter.doFilterInternal(WebMvcMetricsFilter.java:93)
	at org.springframework.web.filter.OncePerRequestFilter.doFilter(OncePerRequestFilter.java:119)
	at org.apache.catalina.core.ApplicationFilterChain.internalDoFilter(ApplicationFilterChain.java:193)
	at org.apache.catalina.core.ApplicationFilterChain.doFilter(ApplicationFilterChain.java:166)
	at org.springframework.web.filter.CharacterEncodingFilter.doFilterInternal(CharacterEncodingFilter.java:201)
	at org.springframework.web.filter.OncePerRequestFilter.doFilter(OncePerRequestFilter.java:119)
	at org.apache.catalina.core.ApplicationFilterChain.internalDoFilter(ApplicationFilterChain.java:193)
	at org.apache.catalina.core.ApplicationFilterChain.doFilter(ApplicationFilterChain.java:166)
	at org.apache.catalina.core.StandardWrapperValve.invoke(StandardWrapperValve.java:202)
	at org.apache.catalina.core.StandardContextValve.invoke(StandardContextValve.java:96)
	at org.apache.catalina.authenticator.AuthenticatorBase.invoke(AuthenticatorBase.java:541)
	at org.apache.catalina.core.StandardHostValve.invoke(StandardHostValve.java:139)
	at org.apache.catalina.valves.ErrorReportValve.invoke(ErrorReportValve.java:92)
	at org.apache.catalina.core.StandardEngineValve.invoke(StandardEngineValve.java:74)
	at org.apache.catalina.connector.CoyoteAdapter.service(CoyoteAdapter.java:343)
	at org.apache.coyote.http11.Http11Processor.service(Http11Processor.java:367)
	at org.apache.coyote.AbstractProcessorLight.process(AbstractProcessorLight.java:65)
	at org.apache.coyote.AbstractProtocol$ConnectionHandler.process(AbstractProtocol.java:868)
	at org.apache.tomcat.util.net.NioEndpoint$SocketProcessor.doRun(NioEndpoint.java:1639)
	at org.apache.tomcat.util.net.SocketProcessorBase.run(SocketProcessorBase.java:49)
	at java.util.concurrent.ThreadPoolExecutor.runWorker(ThreadPoolExecutor.java:1149)
	at java.util.concurrent.ThreadPoolExecutor$Worker.run(ThreadPoolExecutor.java:624)
	at org.apache.tomcat.util.threads.TaskThread$WrappingRunnable.run(TaskThread.java:61)
	at java.lang.Thread.run(Thread.java:748)
2020-10-28 09:27:48 ERROR http-nio-8081-exec-5 cc.mrbird.febs.common.handler.GlobalExceptionHandler 系统错误
cc.mrbird.febs.common.exception.FebsException: 验证码不正确
	at cc.mrbird.febs.common.service.ValidateCodeService.check(ValidateCodeService.java:55)
	at cc.mrbird.febs.system.controller.LoginController.login(LoginController.java:50)
	at cc.mrbird.febs.system.controller.LoginController$$FastClassBySpringCGLIB$$5f1dea76.invoke(<generated>)
	at org.springframework.cglib.proxy.MethodProxy.invoke(MethodProxy.java:218)
	at org.springframework.aop.framework.CglibAopProxy$CglibMethodInvocation.invokeJoinpoint(CglibAopProxy.java:771)
	at org.springframework.aop.framework.ReflectiveMethodInvocation.proceed(ReflectiveMethodInvocation.java:163)
	at org.springframework.aop.framework.CglibAopProxy$CglibMethodInvocation.proceed(CglibAopProxy.java:749)
	at org.springframework.aop.aspectj.MethodInvocationProceedingJoinPoint.proceed(MethodInvocationProceedingJoinPoint.java:88)
	at cc.mrbird.febs.common.aspect.LimitAspect.around(LimitAspect.java:69)
	at sun.reflect.NativeMethodAccessorImpl.invoke0(Native Method)
	at sun.reflect.NativeMethodAccessorImpl.invoke(NativeMethodAccessorImpl.java:62)
	at sun.reflect.DelegatingMethodAccessorImpl.invoke(DelegatingMethodAccessorImpl.java:43)
	at java.lang.reflect.Method.invoke(Method.java:498)
	at org.springframework.aop.aspectj.AbstractAspectJAdvice.invokeAdviceMethodWithGivenArgs(AbstractAspectJAdvice.java:644)
	at org.springframework.aop.aspectj.AbstractAspectJAdvice.invokeAdviceMethod(AbstractAspectJAdvice.java:633)
	at org.springframework.aop.aspectj.AspectJAroundAdvice.invoke(AspectJAroundAdvice.java:70)
	at org.springframework.aop.framework.ReflectiveMethodInvocation.proceed(ReflectiveMethodInvocation.java:175)
	at org.springframework.aop.framework.CglibAopProxy$CglibMethodInvocation.proceed(CglibAopProxy.java:749)
	at org.springframework.aop.interceptor.ExposeInvocationInterceptor.invoke(ExposeInvocationInterceptor.java:95)
	at org.springframework.aop.framework.ReflectiveMethodInvocation.proceed(ReflectiveMethodInvocation.java:186)
	at org.springframework.aop.framework.CglibAopProxy$CglibMethodInvocation.proceed(CglibAopProxy.java:749)
	at org.springframework.aop.framework.CglibAopProxy$DynamicAdvisedInterceptor.intercept(CglibAopProxy.java:691)
	at cc.mrbird.febs.system.controller.LoginController$$EnhancerBySpringCGLIB$$9b2713b2.login(<generated>)
	at sun.reflect.NativeMethodAccessorImpl.invoke0(Native Method)
	at sun.reflect.NativeMethodAccessorImpl.invoke(NativeMethodAccessorImpl.java:62)
	at sun.reflect.DelegatingMethodAccessorImpl.invoke(DelegatingMethodAccessorImpl.java:43)
	at java.lang.reflect.Method.invoke(Method.java:498)
	at org.springframework.web.method.support.InvocableHandlerMethod.doInvoke(InvocableHandlerMethod.java:190)
	at org.springframework.web.method.support.InvocableHandlerMethod.invokeForRequest(InvocableHandlerMethod.java:138)
	at org.springframework.web.servlet.mvc.method.annotation.ServletInvocableHandlerMethod.invokeAndHandle(ServletInvocableHandlerMethod.java:105)
	at org.springframework.web.servlet.mvc.method.annotation.RequestMappingHandlerAdapter.invokeHandlerMethod(RequestMappingHandlerAdapter.java:879)
	at org.springframework.web.servlet.mvc.method.annotation.RequestMappingHandlerAdapter.handleInternal(RequestMappingHandlerAdapter.java:793)
	at org.springframework.web.servlet.mvc.method.AbstractHandlerMethodAdapter.handle(AbstractHandlerMethodAdapter.java:87)
	at org.springframework.web.servlet.DispatcherServlet.doDispatch(DispatcherServlet.java:1040)
	at org.springframework.web.servlet.DispatcherServlet.doService(DispatcherServlet.java:943)
	at org.springframework.web.servlet.FrameworkServlet.processRequest(FrameworkServlet.java:1006)
	at org.springframework.web.servlet.FrameworkServlet.doPost(FrameworkServlet.java:909)
	at javax.servlet.http.HttpServlet.service(HttpServlet.java:648)
	at org.springframework.web.servlet.FrameworkServlet.service(FrameworkServlet.java:883)
	at javax.servlet.http.HttpServlet.service(HttpServlet.java:729)
	at org.apache.catalina.core.ApplicationFilterChain.internalDoFilter(ApplicationFilterChain.java:231)
	at org.apache.catalina.core.ApplicationFilterChain.doFilter(ApplicationFilterChain.java:166)
	at org.apache.tomcat.websocket.server.WsFilter.doFilter(WsFilter.java:53)
	at org.apache.catalina.core.ApplicationFilterChain.internalDoFilter(ApplicationFilterChain.java:193)
	at org.apache.catalina.core.ApplicationFilterChain.doFilter(ApplicationFilterChain.java:166)
	at org.apache.shiro.web.servlet.ProxiedFilterChain.doFilter(ProxiedFilterChain.java:61)
	at org.apache.shiro.web.servlet.AdviceFilter.executeChain(AdviceFilter.java:108)
	at org.apache.shiro.web.servlet.AdviceFilter.doFilterInternal(AdviceFilter.java:137)
	at org.apache.shiro.web.servlet.OncePerRequestFilter.doFilter(OncePerRequestFilter.java:125)
	at org.apache.shiro.web.servlet.ProxiedFilterChain.doFilter(ProxiedFilterChain.java:66)
	at org.apache.shiro.web.servlet.AbstractShiroFilter.executeChain(AbstractShiroFilter.java:449)
	at org.apache.shiro.web.servlet.AbstractShiroFilter$1.call(AbstractShiroFilter.java:365)
	at org.apache.shiro.subject.support.SubjectCallable.doCall(SubjectCallable.java:90)
	at org.apache.shiro.subject.support.SubjectCallable.call(SubjectCallable.java:83)
	at org.apache.shiro.subject.support.DelegatingSubject.execute(DelegatingSubject.java:387)
	at org.apache.shiro.web.servlet.AbstractShiroFilter.doFilterInternal(AbstractShiroFilter.java:362)
	at org.apache.shiro.web.servlet.OncePerRequestFilter.doFilter(OncePerRequestFilter.java:125)
	at org.apache.catalina.core.ApplicationFilterChain.internalDoFilter(ApplicationFilterChain.java:193)
	at org.apache.catalina.core.ApplicationFilterChain.doFilter(ApplicationFilterChain.java:166)
	at cc.mrbird.febs.common.configure.CORSFilter.doFilter(CORSFilter.java:30)
	at org.apache.catalina.core.ApplicationFilterChain.internalDoFilter(ApplicationFilterChain.java:193)
	at org.apache.catalina.core.ApplicationFilterChain.doFilter(ApplicationFilterChain.java:166)
	at org.springframework.boot.actuate.web.trace.servlet.HttpTraceFilter.doFilterInternal(HttpTraceFilter.java:88)
	at org.springframework.web.filter.OncePerRequestFilter.doFilter(OncePerRequestFilter.java:119)
	at org.apache.catalina.core.ApplicationFilterChain.internalDoFilter(ApplicationFilterChain.java:193)
	at org.apache.catalina.core.ApplicationFilterChain.doFilter(ApplicationFilterChain.java:166)
	at cc.mrbird.febs.common.xss.XssFilter.doFilter(XssFilter.java:55)
	at org.apache.catalina.core.ApplicationFilterChain.internalDoFilter(ApplicationFilterChain.java:193)
	at org.apache.catalina.core.ApplicationFilterChain.doFilter(ApplicationFilterChain.java:166)
	at org.springframework.web.filter.RequestContextFilter.doFilterInternal(RequestContextFilter.java:100)
	at org.springframework.web.filter.OncePerRequestFilter.doFilter(OncePerRequestFilter.java:119)
	at org.apache.catalina.core.ApplicationFilterChain.internalDoFilter(ApplicationFilterChain.java:193)
	at org.apache.catalina.core.ApplicationFilterChain.doFilter(ApplicationFilterChain.java:166)
	at org.springframework.web.filter.FormContentFilter.doFilterInternal(FormContentFilter.java:93)
	at org.springframework.web.filter.OncePerRequestFilter.doFilter(OncePerRequestFilter.java:119)
	at org.apache.catalina.core.ApplicationFilterChain.internalDoFilter(ApplicationFilterChain.java:193)
	at org.apache.catalina.core.ApplicationFilterChain.doFilter(ApplicationFilterChain.java:166)
	at org.springframework.boot.actuate.metrics.web.servlet.WebMvcMetricsFilter.doFilterInternal(WebMvcMetricsFilter.java:93)
	at org.springframework.web.filter.OncePerRequestFilter.doFilter(OncePerRequestFilter.java:119)
	at org.apache.catalina.core.ApplicationFilterChain.internalDoFilter(ApplicationFilterChain.java:193)
	at org.apache.catalina.core.ApplicationFilterChain.doFilter(ApplicationFilterChain.java:166)
	at org.springframework.web.filter.CharacterEncodingFilter.doFilterInternal(CharacterEncodingFilter.java:201)
	at org.springframework.web.filter.OncePerRequestFilter.doFilter(OncePerRequestFilter.java:119)
	at org.apache.catalina.core.ApplicationFilterChain.internalDoFilter(ApplicationFilterChain.java:193)
	at org.apache.catalina.core.ApplicationFilterChain.doFilter(ApplicationFilterChain.java:166)
	at org.apache.catalina.core.StandardWrapperValve.invoke(StandardWrapperValve.java:202)
	at org.apache.catalina.core.StandardContextValve.invoke(StandardContextValve.java:96)
	at org.apache.catalina.authenticator.AuthenticatorBase.invoke(AuthenticatorBase.java:541)
	at org.apache.catalina.core.StandardHostValve.invoke(StandardHostValve.java:139)
	at org.apache.catalina.valves.ErrorReportValve.invoke(ErrorReportValve.java:92)
	at org.apache.catalina.core.StandardEngineValve.invoke(StandardEngineValve.java:74)
	at org.apache.catalina.connector.CoyoteAdapter.service(CoyoteAdapter.java:343)
	at org.apache.coyote.http11.Http11Processor.service(Http11Processor.java:367)
	at org.apache.coyote.AbstractProcessorLight.process(AbstractProcessorLight.java:65)
	at org.apache.coyote.AbstractProtocol$ConnectionHandler.process(AbstractProtocol.java:868)
	at org.apache.tomcat.util.net.NioEndpoint$SocketProcessor.doRun(NioEndpoint.java:1639)
	at org.apache.tomcat.util.net.SocketProcessorBase.run(SocketProcessorBase.java:49)
	at java.util.concurrent.ThreadPoolExecutor.runWorker(ThreadPoolExecutor.java:1149)
	at java.util.concurrent.ThreadPoolExecutor$Worker.run(ThreadPoolExecutor.java:624)
	at org.apache.tomcat.util.threads.TaskThread$WrappingRunnable.run(TaskThread.java:61)
	at java.lang.Thread.run(Thread.java:748)
2020-10-28 09:27:51 ERROR http-nio-8081-exec-2 cc.mrbird.febs.common.handler.GlobalExceptionHandler 系统错误
cc.mrbird.febs.common.exception.FebsException: 验证码不正确
	at cc.mrbird.febs.common.service.ValidateCodeService.check(ValidateCodeService.java:55)
	at cc.mrbird.febs.system.controller.LoginController.login(LoginController.java:50)
	at cc.mrbird.febs.system.controller.LoginController$$FastClassBySpringCGLIB$$5f1dea76.invoke(<generated>)
	at org.springframework.cglib.proxy.MethodProxy.invoke(MethodProxy.java:218)
	at org.springframework.aop.framework.CglibAopProxy$CglibMethodInvocation.invokeJoinpoint(CglibAopProxy.java:771)
	at org.springframework.aop.framework.ReflectiveMethodInvocation.proceed(ReflectiveMethodInvocation.java:163)
	at org.springframework.aop.framework.CglibAopProxy$CglibMethodInvocation.proceed(CglibAopProxy.java:749)
	at org.springframework.aop.aspectj.MethodInvocationProceedingJoinPoint.proceed(MethodInvocationProceedingJoinPoint.java:88)
	at cc.mrbird.febs.common.aspect.LimitAspect.around(LimitAspect.java:69)
	at sun.reflect.NativeMethodAccessorImpl.invoke0(Native Method)
	at sun.reflect.NativeMethodAccessorImpl.invoke(NativeMethodAccessorImpl.java:62)
	at sun.reflect.DelegatingMethodAccessorImpl.invoke(DelegatingMethodAccessorImpl.java:43)
	at java.lang.reflect.Method.invoke(Method.java:498)
	at org.springframework.aop.aspectj.AbstractAspectJAdvice.invokeAdviceMethodWithGivenArgs(AbstractAspectJAdvice.java:644)
	at org.springframework.aop.aspectj.AbstractAspectJAdvice.invokeAdviceMethod(AbstractAspectJAdvice.java:633)
	at org.springframework.aop.aspectj.AspectJAroundAdvice.invoke(AspectJAroundAdvice.java:70)
	at org.springframework.aop.framework.ReflectiveMethodInvocation.proceed(ReflectiveMethodInvocation.java:175)
	at org.springframework.aop.framework.CglibAopProxy$CglibMethodInvocation.proceed(CglibAopProxy.java:749)
	at org.springframework.aop.interceptor.ExposeInvocationInterceptor.invoke(ExposeInvocationInterceptor.java:95)
	at org.springframework.aop.framework.ReflectiveMethodInvocation.proceed(ReflectiveMethodInvocation.java:186)
	at org.springframework.aop.framework.CglibAopProxy$CglibMethodInvocation.proceed(CglibAopProxy.java:749)
	at org.springframework.aop.framework.CglibAopProxy$DynamicAdvisedInterceptor.intercept(CglibAopProxy.java:691)
	at cc.mrbird.febs.system.controller.LoginController$$EnhancerBySpringCGLIB$$9b2713b2.login(<generated>)
	at sun.reflect.NativeMethodAccessorImpl.invoke0(Native Method)
	at sun.reflect.NativeMethodAccessorImpl.invoke(NativeMethodAccessorImpl.java:62)
	at sun.reflect.DelegatingMethodAccessorImpl.invoke(DelegatingMethodAccessorImpl.java:43)
	at java.lang.reflect.Method.invoke(Method.java:498)
	at org.springframework.web.method.support.InvocableHandlerMethod.doInvoke(InvocableHandlerMethod.java:190)
	at org.springframework.web.method.support.InvocableHandlerMethod.invokeForRequest(InvocableHandlerMethod.java:138)
	at org.springframework.web.servlet.mvc.method.annotation.ServletInvocableHandlerMethod.invokeAndHandle(ServletInvocableHandlerMethod.java:105)
	at org.springframework.web.servlet.mvc.method.annotation.RequestMappingHandlerAdapter.invokeHandlerMethod(RequestMappingHandlerAdapter.java:879)
	at org.springframework.web.servlet.mvc.method.annotation.RequestMappingHandlerAdapter.handleInternal(RequestMappingHandlerAdapter.java:793)
	at org.springframework.web.servlet.mvc.method.AbstractHandlerMethodAdapter.handle(AbstractHandlerMethodAdapter.java:87)
	at org.springframework.web.servlet.DispatcherServlet.doDispatch(DispatcherServlet.java:1040)
	at org.springframework.web.servlet.DispatcherServlet.doService(DispatcherServlet.java:943)
	at org.springframework.web.servlet.FrameworkServlet.processRequest(FrameworkServlet.java:1006)
	at org.springframework.web.servlet.FrameworkServlet.doPost(FrameworkServlet.java:909)
	at javax.servlet.http.HttpServlet.service(HttpServlet.java:648)
	at org.springframework.web.servlet.FrameworkServlet.service(FrameworkServlet.java:883)
	at javax.servlet.http.HttpServlet.service(HttpServlet.java:729)
	at org.apache.catalina.core.ApplicationFilterChain.internalDoFilter(ApplicationFilterChain.java:231)
	at org.apache.catalina.core.ApplicationFilterChain.doFilter(ApplicationFilterChain.java:166)
	at org.apache.tomcat.websocket.server.WsFilter.doFilter(WsFilter.java:53)
	at org.apache.catalina.core.ApplicationFilterChain.internalDoFilter(ApplicationFilterChain.java:193)
	at org.apache.catalina.core.ApplicationFilterChain.doFilter(ApplicationFilterChain.java:166)
	at org.apache.shiro.web.servlet.ProxiedFilterChain.doFilter(ProxiedFilterChain.java:61)
	at org.apache.shiro.web.servlet.AdviceFilter.executeChain(AdviceFilter.java:108)
	at org.apache.shiro.web.servlet.AdviceFilter.doFilterInternal(AdviceFilter.java:137)
	at org.apache.shiro.web.servlet.OncePerRequestFilter.doFilter(OncePerRequestFilter.java:125)
	at org.apache.shiro.web.servlet.ProxiedFilterChain.doFilter(ProxiedFilterChain.java:66)
	at org.apache.shiro.web.servlet.AbstractShiroFilter.executeChain(AbstractShiroFilter.java:449)
	at org.apache.shiro.web.servlet.AbstractShiroFilter$1.call(AbstractShiroFilter.java:365)
	at org.apache.shiro.subject.support.SubjectCallable.doCall(SubjectCallable.java:90)
	at org.apache.shiro.subject.support.SubjectCallable.call(SubjectCallable.java:83)
	at org.apache.shiro.subject.support.DelegatingSubject.execute(DelegatingSubject.java:387)
	at org.apache.shiro.web.servlet.AbstractShiroFilter.doFilterInternal(AbstractShiroFilter.java:362)
	at org.apache.shiro.web.servlet.OncePerRequestFilter.doFilter(OncePerRequestFilter.java:125)
	at org.apache.catalina.core.ApplicationFilterChain.internalDoFilter(ApplicationFilterChain.java:193)
	at org.apache.catalina.core.ApplicationFilterChain.doFilter(ApplicationFilterChain.java:166)
	at cc.mrbird.febs.common.configure.CORSFilter.doFilter(CORSFilter.java:30)
	at org.apache.catalina.core.ApplicationFilterChain.internalDoFilter(ApplicationFilterChain.java:193)
	at org.apache.catalina.core.ApplicationFilterChain.doFilter(ApplicationFilterChain.java:166)
	at org.springframework.boot.actuate.web.trace.servlet.HttpTraceFilter.doFilterInternal(HttpTraceFilter.java:88)
	at org.springframework.web.filter.OncePerRequestFilter.doFilter(OncePerRequestFilter.java:119)
	at org.apache.catalina.core.ApplicationFilterChain.internalDoFilter(ApplicationFilterChain.java:193)
	at org.apache.catalina.core.ApplicationFilterChain.doFilter(ApplicationFilterChain.java:166)
	at cc.mrbird.febs.common.xss.XssFilter.doFilter(XssFilter.java:55)
	at org.apache.catalina.core.ApplicationFilterChain.internalDoFilter(ApplicationFilterChain.java:193)
	at org.apache.catalina.core.ApplicationFilterChain.doFilter(ApplicationFilterChain.java:166)
	at org.springframework.web.filter.RequestContextFilter.doFilterInternal(RequestContextFilter.java:100)
	at org.springframework.web.filter.OncePerRequestFilter.doFilter(OncePerRequestFilter.java:119)
	at org.apache.catalina.core.ApplicationFilterChain.internalDoFilter(ApplicationFilterChain.java:193)
	at org.apache.catalina.core.ApplicationFilterChain.doFilter(ApplicationFilterChain.java:166)
	at org.springframework.web.filter.FormContentFilter.doFilterInternal(FormContentFilter.java:93)
	at org.springframework.web.filter.OncePerRequestFilter.doFilter(OncePerRequestFilter.java:119)
	at org.apache.catalina.core.ApplicationFilterChain.internalDoFilter(ApplicationFilterChain.java:193)
	at org.apache.catalina.core.ApplicationFilterChain.doFilter(ApplicationFilterChain.java:166)
	at org.springframework.boot.actuate.metrics.web.servlet.WebMvcMetricsFilter.doFilterInternal(WebMvcMetricsFilter.java:93)
	at org.springframework.web.filter.OncePerRequestFilter.doFilter(OncePerRequestFilter.java:119)
	at org.apache.catalina.core.ApplicationFilterChain.internalDoFilter(ApplicationFilterChain.java:193)
	at org.apache.catalina.core.ApplicationFilterChain.doFilter(ApplicationFilterChain.java:166)
	at org.springframework.web.filter.CharacterEncodingFilter.doFilterInternal(CharacterEncodingFilter.java:201)
	at org.springframework.web.filter.OncePerRequestFilter.doFilter(OncePerRequestFilter.java:119)
	at org.apache.catalina.core.ApplicationFilterChain.internalDoFilter(ApplicationFilterChain.java:193)
	at org.apache.catalina.core.ApplicationFilterChain.doFilter(ApplicationFilterChain.java:166)
	at org.apache.catalina.core.StandardWrapperValve.invoke(StandardWrapperValve.java:202)
	at org.apache.catalina.core.StandardContextValve.invoke(StandardContextValve.java:96)
	at org.apache.catalina.authenticator.AuthenticatorBase.invoke(AuthenticatorBase.java:541)
	at org.apache.catalina.core.StandardHostValve.invoke(StandardHostValve.java:139)
	at org.apache.catalina.valves.ErrorReportValve.invoke(ErrorReportValve.java:92)
	at org.apache.catalina.core.StandardEngineValve.invoke(StandardEngineValve.java:74)
	at org.apache.catalina.connector.CoyoteAdapter.service(CoyoteAdapter.java:343)
	at org.apache.coyote.http11.Http11Processor.service(Http11Processor.java:367)
	at org.apache.coyote.AbstractProcessorLight.process(AbstractProcessorLight.java:65)
	at org.apache.coyote.AbstractProtocol$ConnectionHandler.process(AbstractProtocol.java:868)
	at org.apache.tomcat.util.net.NioEndpoint$SocketProcessor.doRun(NioEndpoint.java:1639)
	at org.apache.tomcat.util.net.SocketProcessorBase.run(SocketProcessorBase.java:49)
	at java.util.concurrent.ThreadPoolExecutor.runWorker(ThreadPoolExecutor.java:1149)
	at java.util.concurrent.ThreadPoolExecutor$Worker.run(ThreadPoolExecutor.java:624)
	at org.apache.tomcat.util.threads.TaskThread$WrappingRunnable.run(TaskThread.java:61)
	at java.lang.Thread.run(Thread.java:748)
2020-10-28 09:28:03 ERROR http-nio-8081-exec-6 cc.mrbird.febs.common.utils.AddressUtil 获取IP地址失败，null
2020-10-28 09:41:45 ERROR http-nio-8081-exec-2 cc.mrbird.febs.common.handler.GlobalExceptionHandler AuthorizationException, This subject is anonymous - it does not have any identifying principals and authorization operations require an identity to check against.  A Subject instance will acquire these identifying principals automatically after a successful login is performed be executing org.apache.shiro.subject.Subject.login(AuthenticationToken) or when 'Remember Me' functionality is enabled by the SecurityManager.  This exception can also occur when a previously logged-in Subject has logged out which makes it anonymous again.  Because an identity is currently not known due to any of these conditions, authorization is denied.
2020-10-28 09:44:17 ERROR http-nio-8081-exec-8 cc.mrbird.febs.common.handler.GlobalExceptionHandler AuthorizationException, This subject is anonymous - it does not have any identifying principals and authorization operations require an identity to check against.  A Subject instance will acquire these identifying principals automatically after a successful login is performed be executing org.apache.shiro.subject.Subject.login(AuthenticationToken) or when 'Remember Me' functionality is enabled by the SecurityManager.  This exception can also occur when a previously logged-in Subject has logged out which makes it anonymous again.  Because an identity is currently not known due to any of these conditions, authorization is denied.
2020-10-28 09:47:27 ERROR http-nio-8081-exec-8 cc.mrbird.febs.common.utils.AddressUtil 获取IP地址失败，null
2020-10-28 09:47:59 ERROR http-nio-8081-exec-3 cc.mrbird.febs.common.utils.AddressUtil 获取IP地址失败，null
2020-10-28 09:49:16 ERROR http-nio-8081-exec-3 cc.mrbird.febs.common.handler.GlobalExceptionHandler AuthorizationException, This subject is anonymous - it does not have any identifying principals and authorization operations require an identity to check against.  A Subject instance will acquire these identifying principals automatically after a successful login is performed be executing org.apache.shiro.subject.Subject.login(AuthenticationToken) or when 'Remember Me' functionality is enabled by the SecurityManager.  This exception can also occur when a previously logged-in Subject has logged out which makes it anonymous again.  Because an identity is currently not known due to any of these conditions, authorization is denied.
2020-10-28 09:50:10 ERROR http-nio-8081-exec-7 cc.mrbird.febs.common.handler.GlobalExceptionHandler AuthorizationException, This subject is anonymous - it does not have any identifying principals and authorization operations require an identity to check against.  A Subject instance will acquire these identifying principals automatically after a successful login is performed be executing org.apache.shiro.subject.Subject.login(AuthenticationToken) or when 'Remember Me' functionality is enabled by the SecurityManager.  This exception can also occur when a previously logged-in Subject has logged out which makes it anonymous again.  Because an identity is currently not known due to any of these conditions, authorization is denied.
2020-10-28 09:50:11 ERROR http-nio-8081-exec-10 cc.mrbird.febs.common.handler.GlobalExceptionHandler AuthorizationException, This subject is anonymous - it does not have any identifying principals and authorization operations require an identity to check against.  A Subject instance will acquire these identifying principals automatically after a successful login is performed be executing org.apache.shiro.subject.Subject.login(AuthenticationToken) or when 'Remember Me' functionality is enabled by the SecurityManager.  This exception can also occur when a previously logged-in Subject has logged out which makes it anonymous again.  Because an identity is currently not known due to any of these conditions, authorization is denied.
2020-10-28 09:50:14 ERROR http-nio-8081-exec-3 cc.mrbird.febs.common.handler.GlobalExceptionHandler AuthorizationException, This subject is anonymous - it does not have any identifying principals and authorization operations require an identity to check against.  A Subject instance will acquire these identifying principals automatically after a successful login is performed be executing org.apache.shiro.subject.Subject.login(AuthenticationToken) or when 'Remember Me' functionality is enabled by the SecurityManager.  This exception can also occur when a previously logged-in Subject has logged out which makes it anonymous again.  Because an identity is currently not known due to any of these conditions, authorization is denied.
2020-10-28 09:50:25 ERROR http-nio-8081-exec-8 cc.mrbird.febs.common.handler.GlobalExceptionHandler AuthorizationException, This subject is anonymous - it does not have any identifying principals and authorization operations require an identity to check against.  A Subject instance will acquire these identifying principals automatically after a successful login is performed be executing org.apache.shiro.subject.Subject.login(AuthenticationToken) or when 'Remember Me' functionality is enabled by the SecurityManager.  This exception can also occur when a previously logged-in Subject has logged out which makes it anonymous again.  Because an identity is currently not known due to any of these conditions, authorization is denied.
2020-10-28 09:51:05 ERROR http-nio-8081-exec-3 cc.mrbird.febs.common.handler.GlobalExceptionHandler AuthorizationException, This subject is anonymous - it does not have any identifying principals and authorization operations require an identity to check against.  A Subject instance will acquire these identifying principals automatically after a successful login is performed be executing org.apache.shiro.subject.Subject.login(AuthenticationToken) or when 'Remember Me' functionality is enabled by the SecurityManager.  This exception can also occur when a previously logged-in Subject has logged out which makes it anonymous again.  Because an identity is currently not known due to any of these conditions, authorization is denied.
2020-10-28 09:52:27 ERROR http-nio-8081-exec-5 cc.mrbird.febs.common.handler.GlobalExceptionHandler AuthorizationException, This subject is anonymous - it does not have any identifying principals and authorization operations require an identity to check against.  A Subject instance will acquire these identifying principals automatically after a successful login is performed be executing org.apache.shiro.subject.Subject.login(AuthenticationToken) or when 'Remember Me' functionality is enabled by the SecurityManager.  This exception can also occur when a previously logged-in Subject has logged out which makes it anonymous again.  Because an identity is currently not known due to any of these conditions, authorization is denied.
2020-10-28 09:53:29 ERROR http-nio-8081-exec-7 cc.mrbird.febs.common.handler.GlobalExceptionHandler AuthorizationException, This subject is anonymous - it does not have any identifying principals and authorization operations require an identity to check against.  A Subject instance will acquire these identifying principals automatically after a successful login is performed be executing org.apache.shiro.subject.Subject.login(AuthenticationToken) or when 'Remember Me' functionality is enabled by the SecurityManager.  This exception can also occur when a previously logged-in Subject has logged out which makes it anonymous again.  Because an identity is currently not known due to any of these conditions, authorization is denied.
2020-10-28 09:54:20 ERROR http-nio-8081-exec-1 cc.mrbird.febs.common.handler.GlobalExceptionHandler AuthorizationException, This subject is anonymous - it does not have any identifying principals and authorization operations require an identity to check against.  A Subject instance will acquire these identifying principals automatically after a successful login is performed be executing org.apache.shiro.subject.Subject.login(AuthenticationToken) or when 'Remember Me' functionality is enabled by the SecurityManager.  This exception can also occur when a previously logged-in Subject has logged out which makes it anonymous again.  Because an identity is currently not known due to any of these conditions, authorization is denied.
2020-10-28 09:55:10 ERROR http-nio-8081-exec-8 cc.mrbird.febs.common.handler.GlobalExceptionHandler AuthorizationException, This subject is anonymous - it does not have any identifying principals and authorization operations require an identity to check against.  A Subject instance will acquire these identifying principals automatically after a successful login is performed be executing org.apache.shiro.subject.Subject.login(AuthenticationToken) or when 'Remember Me' functionality is enabled by the SecurityManager.  This exception can also occur when a previously logged-in Subject has logged out which makes it anonymous again.  Because an identity is currently not known due to any of these conditions, authorization is denied.
2020-10-28 09:55:53 ERROR http-nio-8081-exec-3 cc.mrbird.febs.common.handler.GlobalExceptionHandler AuthorizationException, This subject is anonymous - it does not have any identifying principals and authorization operations require an identity to check against.  A Subject instance will acquire these identifying principals automatically after a successful login is performed be executing org.apache.shiro.subject.Subject.login(AuthenticationToken) or when 'Remember Me' functionality is enabled by the SecurityManager.  This exception can also occur when a previously logged-in Subject has logged out which makes it anonymous again.  Because an identity is currently not known due to any of these conditions, authorization is denied.
2020-10-28 09:55:58 ERROR http-nio-8081-exec-2 cc.mrbird.febs.common.handler.GlobalExceptionHandler AuthorizationException, This subject is anonymous - it does not have any identifying principals and authorization operations require an identity to check against.  A Subject instance will acquire these identifying principals automatically after a successful login is performed be executing org.apache.shiro.subject.Subject.login(AuthenticationToken) or when 'Remember Me' functionality is enabled by the SecurityManager.  This exception can also occur when a previously logged-in Subject has logged out which makes it anonymous again.  Because an identity is currently not known due to any of these conditions, authorization is denied.
2020-10-28 09:56:47 ERROR http-nio-8081-exec-6 cc.mrbird.febs.common.handler.GlobalExceptionHandler AuthorizationException, This subject is anonymous - it does not have any identifying principals and authorization operations require an identity to check against.  A Subject instance will acquire these identifying principals automatically after a successful login is performed be executing org.apache.shiro.subject.Subject.login(AuthenticationToken) or when 'Remember Me' functionality is enabled by the SecurityManager.  This exception can also occur when a previously logged-in Subject has logged out which makes it anonymous again.  Because an identity is currently not known due to any of these conditions, authorization is denied.
2020-10-28 09:57:46 ERROR Febs-Async-Thread4 cc.mrbird.febs.common.utils.AddressUtil 获取IP地址失败，null
2020-10-28 09:57:56 ERROR http-nio-8081-exec-8 cc.mrbird.febs.common.handler.GlobalExceptionHandler AuthorizationException, This subject is anonymous - it does not have any identifying principals and authorization operations require an identity to check against.  A Subject instance will acquire these identifying principals automatically after a successful login is performed be executing org.apache.shiro.subject.Subject.login(AuthenticationToken) or when 'Remember Me' functionality is enabled by the SecurityManager.  This exception can also occur when a previously logged-in Subject has logged out which makes it anonymous again.  Because an identity is currently not known due to any of these conditions, authorization is denied.
2020-10-28 10:00:35 ERROR http-nio-8081-exec-10 cc.mrbird.febs.common.handler.GlobalExceptionHandler AuthorizationException, This subject is anonymous - it does not have any identifying principals and authorization operations require an identity to check against.  A Subject instance will acquire these identifying principals automatically after a successful login is performed be executing org.apache.shiro.subject.Subject.login(AuthenticationToken) or when 'Remember Me' functionality is enabled by the SecurityManager.  This exception can also occur when a previously logged-in Subject has logged out which makes it anonymous again.  Because an identity is currently not known due to any of these conditions, authorization is denied.
2020-10-28 10:04:31 ERROR http-nio-8081-exec-1 cc.mrbird.febs.common.handler.GlobalExceptionHandler AuthorizationException, This subject is anonymous - it does not have any identifying principals and authorization operations require an identity to check against.  A Subject instance will acquire these identifying principals automatically after a successful login is performed be executing org.apache.shiro.subject.Subject.login(AuthenticationToken) or when 'Remember Me' functionality is enabled by the SecurityManager.  This exception can also occur when a previously logged-in Subject has logged out which makes it anonymous again.  Because an identity is currently not known due to any of these conditions, authorization is denied.
2020-10-28 10:32:25 ERROR http-nio-8081-exec-4 cc.mrbird.febs.common.utils.AddressUtil 获取IP地址失败，null
2020-10-28 10:40:12 ERROR http-nio-8081-exec-9 cc.mrbird.febs.common.utils.AddressUtil 获取IP地址失败，null
2020-10-28 10:41:51 ERROR http-nio-8081-exec-8 org.apache.catalina.core.ContainerBase.[Tomcat].[localhost] Exception Processing ErrorPage[errorCode=0, location=/error]
java.lang.NoSuchMethodError: javax.servlet.http.HttpServletRequest.getHttpServletMapping()Ljavax/servlet/http/HttpServletMapping;
	at org.apache.catalina.core.ApplicationHttpRequest.setRequest(ApplicationHttpRequest.java:708)
	at org.apache.catalina.core.ApplicationHttpRequest.<init>(ApplicationHttpRequest.java:114)
	at org.apache.catalina.core.ApplicationDispatcher.wrapRequest(ApplicationDispatcher.java:917)
	at org.apache.catalina.core.ApplicationDispatcher.doForward(ApplicationDispatcher.java:358)
	at org.apache.catalina.core.ApplicationDispatcher.forward(ApplicationDispatcher.java:312)
	at org.apache.catalina.core.StandardHostValve.custom(StandardHostValve.java:394)
	at org.apache.catalina.core.StandardHostValve.status(StandardHostValve.java:253)
	at org.apache.catalina.core.StandardHostValve.invoke(StandardHostValve.java:175)
	at org.apache.catalina.valves.ErrorReportValve.invoke(ErrorReportValve.java:92)
	at org.apache.catalina.core.StandardEngineValve.invoke(StandardEngineValve.java:74)
	at org.apache.catalina.connector.CoyoteAdapter.service(CoyoteAdapter.java:343)
	at org.apache.coyote.http11.Http11Processor.service(Http11Processor.java:367)
	at org.apache.coyote.AbstractProcessorLight.process(AbstractProcessorLight.java:65)
	at org.apache.coyote.AbstractProtocol$ConnectionHandler.process(AbstractProtocol.java:868)
	at org.apache.tomcat.util.net.NioEndpoint$SocketProcessor.doRun(NioEndpoint.java:1639)
	at org.apache.tomcat.util.net.SocketProcessorBase.run(SocketProcessorBase.java:49)
	at java.util.concurrent.ThreadPoolExecutor.runWorker(ThreadPoolExecutor.java:1149)
	at java.util.concurrent.ThreadPoolExecutor$Worker.run(ThreadPoolExecutor.java:624)
	at org.apache.tomcat.util.threads.TaskThread$WrappingRunnable.run(TaskThread.java:61)
	at java.lang.Thread.run(Thread.java:748)
2020-10-28 10:43:09 ERROR http-nio-8081-exec-1 org.apache.catalina.core.ContainerBase.[Tomcat].[localhost] Exception Processing ErrorPage[errorCode=0, location=/error]
java.lang.NoSuchMethodError: javax.servlet.http.HttpServletRequest.getHttpServletMapping()Ljavax/servlet/http/HttpServletMapping;
	at org.apache.catalina.core.ApplicationHttpRequest.setRequest(ApplicationHttpRequest.java:708)
	at org.apache.catalina.core.ApplicationHttpRequest.<init>(ApplicationHttpRequest.java:114)
	at org.apache.catalina.core.ApplicationDispatcher.wrapRequest(ApplicationDispatcher.java:917)
	at org.apache.catalina.core.ApplicationDispatcher.doForward(ApplicationDispatcher.java:358)
	at org.apache.catalina.core.ApplicationDispatcher.forward(ApplicationDispatcher.java:312)
	at org.apache.catalina.core.StandardHostValve.custom(StandardHostValve.java:394)
	at org.apache.catalina.core.StandardHostValve.status(StandardHostValve.java:253)
	at org.apache.catalina.core.StandardHostValve.invoke(StandardHostValve.java:175)
	at org.apache.catalina.valves.ErrorReportValve.invoke(ErrorReportValve.java:92)
	at org.apache.catalina.core.StandardEngineValve.invoke(StandardEngineValve.java:74)
	at org.apache.catalina.connector.CoyoteAdapter.service(CoyoteAdapter.java:343)
	at org.apache.coyote.http11.Http11Processor.service(Http11Processor.java:367)
	at org.apache.coyote.AbstractProcessorLight.process(AbstractProcessorLight.java:65)
	at org.apache.coyote.AbstractProtocol$ConnectionHandler.process(AbstractProtocol.java:868)
	at org.apache.tomcat.util.net.NioEndpoint$SocketProcessor.doRun(NioEndpoint.java:1639)
	at org.apache.tomcat.util.net.SocketProcessorBase.run(SocketProcessorBase.java:49)
	at java.util.concurrent.ThreadPoolExecutor.runWorker(ThreadPoolExecutor.java:1149)
	at java.util.concurrent.ThreadPoolExecutor$Worker.run(ThreadPoolExecutor.java:624)
	at org.apache.tomcat.util.threads.TaskThread$WrappingRunnable.run(TaskThread.java:61)
	at java.lang.Thread.run(Thread.java:748)
2020-10-28 10:43:24 ERROR Febs-Async-Thread2 cc.mrbird.febs.common.utils.AddressUtil 获取IP地址失败，null
2020-10-28 10:43:36 ERROR http-nio-8081-exec-2 org.apache.catalina.core.ContainerBase.[Tomcat].[localhost] Exception Processing ErrorPage[errorCode=0, location=/error]
java.lang.NoSuchMethodError: javax.servlet.http.HttpServletRequest.getHttpServletMapping()Ljavax/servlet/http/HttpServletMapping;
	at org.apache.catalina.core.ApplicationHttpRequest.setRequest(ApplicationHttpRequest.java:708)
	at org.apache.catalina.core.ApplicationHttpRequest.<init>(ApplicationHttpRequest.java:114)
	at org.apache.catalina.core.ApplicationDispatcher.wrapRequest(ApplicationDispatcher.java:917)
	at org.apache.catalina.core.ApplicationDispatcher.doForward(ApplicationDispatcher.java:358)
	at org.apache.catalina.core.ApplicationDispatcher.forward(ApplicationDispatcher.java:312)
	at org.apache.catalina.core.StandardHostValve.custom(StandardHostValve.java:394)
	at org.apache.catalina.core.StandardHostValve.status(StandardHostValve.java:253)
	at org.apache.catalina.core.StandardHostValve.invoke(StandardHostValve.java:175)
	at org.apache.catalina.valves.ErrorReportValve.invoke(ErrorReportValve.java:92)
	at org.apache.catalina.core.StandardEngineValve.invoke(StandardEngineValve.java:74)
	at org.apache.catalina.connector.CoyoteAdapter.service(CoyoteAdapter.java:343)
	at org.apache.coyote.http11.Http11Processor.service(Http11Processor.java:367)
	at org.apache.coyote.AbstractProcessorLight.process(AbstractProcessorLight.java:65)
	at org.apache.coyote.AbstractProtocol$ConnectionHandler.process(AbstractProtocol.java:868)
	at org.apache.tomcat.util.net.NioEndpoint$SocketProcessor.doRun(NioEndpoint.java:1639)
	at org.apache.tomcat.util.net.SocketProcessorBase.run(SocketProcessorBase.java:49)
	at java.util.concurrent.ThreadPoolExecutor.runWorker(ThreadPoolExecutor.java:1149)
	at java.util.concurrent.ThreadPoolExecutor$Worker.run(ThreadPoolExecutor.java:624)
	at org.apache.tomcat.util.threads.TaskThread$WrappingRunnable.run(TaskThread.java:61)
	at java.lang.Thread.run(Thread.java:748)
2020-10-28 10:44:03 ERROR Febs-Async-Thread3 cc.mrbird.febs.common.utils.AddressUtil 获取IP地址失败，null
