2020-10-07 09:26:58 ERROR main org.apache.catalina.core.ContainerBase.[Tomcat].[localhost].[/] Failed to destroy the filter named [Tomcat WebSocket (JSR356) Filter] of type [org.apache.tomcat.websocket.server.WsFilter]
java.lang.AbstractMethodError: null
	at org.apache.catalina.core.ApplicationFilterConfig.release(ApplicationFilterConfig.java:301)
	at org.apache.catalina.core.StandardContext.filterStop(StandardContext.java:4565)
	at org.apache.catalina.core.StandardContext.stopInternal(StandardContext.java:5388)
	at org.apache.catalina.util.LifecycleBase.stop(LifecycleBase.java:257)
	at org.apache.catalina.core.ContainerBase$StopChild.call(ContainerBase.java:1400)
	at org.apache.catalina.core.ContainerBase$StopChild.call(ContainerBase.java:1389)
	at java.util.concurrent.FutureTask.run(FutureTask.java:266)
	at org.apache.tomcat.util.threads.InlineExecutorService.execute(InlineExecutorService.java:75)
	at java.util.concurrent.AbstractExecutorService.submit(AbstractExecutorService.java:134)
	at org.apache.catalina.core.ContainerBase.stopInternal(ContainerBase.java:976)
	at org.apache.catalina.util.LifecycleBase.stop(LifecycleBase.java:257)
	at org.apache.catalina.core.ContainerBase$StopChild.call(ContainerBase.java:1400)
	at org.apache.catalina.core.ContainerBase$StopChild.call(ContainerBase.java:1389)
	at java.util.concurrent.FutureTask.run(FutureTask.java:266)
	at org.apache.tomcat.util.threads.InlineExecutorService.execute(InlineExecutorService.java:75)
	at java.util.concurrent.AbstractExecutorService.submit(AbstractExecutorService.java:134)
	at org.apache.catalina.core.ContainerBase.stopInternal(ContainerBase.java:976)
	at org.apache.catalina.util.LifecycleBase.stop(LifecycleBase.java:257)
	at org.apache.catalina.core.StandardService.stopInternal(StandardService.java:473)
	at org.apache.catalina.util.LifecycleBase.stop(LifecycleBase.java:257)
	at org.apache.catalina.core.StandardServer.stopInternal(StandardServer.java:992)
	at org.apache.catalina.util.LifecycleBase.stop(LifecycleBase.java:257)
	at org.apache.catalina.startup.Tomcat.stop(Tomcat.java:477)
	at org.springframework.boot.web.embedded.tomcat.TomcatWebServer.stopTomcat(TomcatWebServer.java:273)
	at org.springframework.boot.web.embedded.tomcat.TomcatWebServer.stop(TomcatWebServer.java:331)
	at org.springframework.boot.web.servlet.context.ServletWebServerApplicationContext.refresh(ServletWebServerApplicationContext.java:148)
	at org.springframework.boot.SpringApplication.refresh(SpringApplication.java:758)
	at org.springframework.boot.SpringApplication.refresh(SpringApplication.java:750)
	at org.springframework.boot.SpringApplication.refreshContext(SpringApplication.java:397)
	at org.springframework.boot.SpringApplication.run(SpringApplication.java:315)
	at org.springframework.boot.builder.SpringApplicationBuilder.run(SpringApplicationBuilder.java:140)
	at cc.mrbird.febs.FebsShiroApplication.main(FebsShiroApplication.java:27)
2020-10-07 09:26:58 ERROR main org.springframework.boot.SpringApplication Application run failed
org.springframework.beans.factory.BeanCreationException: Error creating bean with name 'alarmTask' defined in file [C:\Users\spring\Desktop\日程管理\febs\target\classes\cc\mrbird\febs\task\AlarmTask.class]: Invocation of init method failed; nested exception is org.springframework.jdbc.BadSqlGrammarException: 
### Error querying database.  Cause: java.sql.SQLSyntaxErrorException: ORA-00979: 不是 GROUP BY 表达式

### The error may exist in file [C:\Users\spring\Desktop\日程管理\febs\target\classes\mapper\system\MatterMapper.xml]
### The error may involve cc.mrbird.febs.system.mapper.MatterMapper.findMatterDetail-Inline
### The error occurred while setting parameters
### SQL: SELECT m.MATTER_ID matterId, m.MATTER_NAME matterName, m.MATTER_TEXT matterText, m.MATTER_OPEN matterOpen, TO_CHAR(m.MATTER_OPEN, 'yyyy-MM-dd') matterOpenStr, m.END, TO_CHAR(m.END, 'yyyy-MM-dd') endStr, m.IS_OPEN isOpen, m.IMPORTANT, m.URGENT, m.PERIOD, m.DEPT_ID deptId, m.CREATE_TIME createTime, m.FOR_EACH forEach, m.CYCLE_ID cycleId, m.TEAM_ID teamId, m.PATRIARCH_ID patriarchId, m.IS_PATRIARCH isPatriarch, cy.CYCLE_NAME cycleName, um.IMPORTANT_ONE importantOne, um.URGENT_ONE urgentOne, TO_CHAR(m.CREATE_TIME, 'yyyy-MM-dd') createTimeStr, d.DEPT_NAME deptName, um.FINISH finish, um.ACTUALLY_TIME actuallyTime, LISTAGG(u.USER_ID, ',') WITHIN GROUP (ORDER BY u.USER_ID) userId, LISTAGG(TO_CHAR(u.NAME), ',') WITHIN GROUP (ORDER BY TO_CHAR(u.NAME)) AS name, LISTAGG(r.REMIND_ID, ',') WITHIN GROUP (ORDER BY r.REMIND_ID) remindId FROM t_MATTER M LEFT JOIN t_DEPT d ON (m.DEPT_ID = d.DEPT_ID) LEFT JOIN T_CYCLE cy ON (m.CYCLE_ID = cy.CYCLE_ID) LEFT JOIN t_REMIND r ON (r.MATTER_ID = m.MATTER_ID) LEFT JOIN t_USER_MATTER um ON (um.MATTER_ID = m.MATTER_ID) LEFT JOIN t_USER u ON (u.USER_ID = um.USER_ID) WHERE 1 = 1 AND m.IS_OPEN = ? AND m.FOR_EACH = ? AND TO_CHAR(m.MATTER_OPEN, 'yyyy-MM-dd') = ? GROUP BY m.MATTER_ID, m.MATTER_NAME, m.MATTER_TEXT, m.MATTER_OPEN, m.END, m.IS_OPEN, m.IMPORTANT, m.URGENT, m.PERIOD, m.DEPT_ID, m.CREATE_TIME, m.FOR_EACH, m.CYCLE_ID, m.TEAM_ID, cy.CYCLE_NAME, um.IMPORTANT_ONE, um.URGENT_ONE, d.DEPT_NAME, um.FINISH, um.ACTUALLY_TIME ORDER BY m.END DESC
### Cause: java.sql.SQLSyntaxErrorException: ORA-00979: 不是 GROUP BY 表达式

; bad SQL grammar []; nested exception is java.sql.SQLSyntaxErrorException: ORA-00979: 不是 GROUP BY 表达式

	at org.springframework.beans.factory.support.AbstractAutowireCapableBeanFactory.initializeBean(AbstractAutowireCapableBeanFactory.java:1796)
	at org.springframework.beans.factory.support.AbstractAutowireCapableBeanFactory.doCreateBean(AbstractAutowireCapableBeanFactory.java:595)
	at org.springframework.beans.factory.support.AbstractAutowireCapableBeanFactory.createBean(AbstractAutowireCapableBeanFactory.java:517)
	at org.springframework.beans.factory.support.AbstractBeanFactory.lambda$doGetBean$0(AbstractBeanFactory.java:323)
	at org.springframework.beans.factory.support.DefaultSingletonBeanRegistry.getSingleton(DefaultSingletonBeanRegistry.java:226)
	at org.springframework.beans.factory.support.AbstractBeanFactory.doGetBean(AbstractBeanFactory.java:321)
	at org.springframework.beans.factory.support.AbstractBeanFactory.getBean(AbstractBeanFactory.java:202)
	at org.springframework.beans.factory.support.DefaultListableBeanFactory.preInstantiateSingletons(DefaultListableBeanFactory.java:893)
	at org.springframework.context.support.AbstractApplicationContext.finishBeanFactoryInitialization(AbstractApplicationContext.java:879)
	at org.springframework.context.support.AbstractApplicationContext.refresh(AbstractApplicationContext.java:551)
	at org.springframework.boot.web.servlet.context.ServletWebServerApplicationContext.refresh(ServletWebServerApplicationContext.java:143)
	at org.springframework.boot.SpringApplication.refresh(SpringApplication.java:758)
	at org.springframework.boot.SpringApplication.refresh(SpringApplication.java:750)
	at org.springframework.boot.SpringApplication.refreshContext(SpringApplication.java:397)
	at org.springframework.boot.SpringApplication.run(SpringApplication.java:315)
	at org.springframework.boot.builder.SpringApplicationBuilder.run(SpringApplicationBuilder.java:140)
	at cc.mrbird.febs.FebsShiroApplication.main(FebsShiroApplication.java:27)
Caused by: org.springframework.jdbc.BadSqlGrammarException: 
### Error querying database.  Cause: java.sql.SQLSyntaxErrorException: ORA-00979: 不是 GROUP BY 表达式

### The error may exist in file [C:\Users\spring\Desktop\日程管理\febs\target\classes\mapper\system\MatterMapper.xml]
### The error may involve cc.mrbird.febs.system.mapper.MatterMapper.findMatterDetail-Inline
### The error occurred while setting parameters
### SQL: SELECT m.MATTER_ID matterId, m.MATTER_NAME matterName, m.MATTER_TEXT matterText, m.MATTER_OPEN matterOpen, TO_CHAR(m.MATTER_OPEN, 'yyyy-MM-dd') matterOpenStr, m.END, TO_CHAR(m.END, 'yyyy-MM-dd') endStr, m.IS_OPEN isOpen, m.IMPORTANT, m.URGENT, m.PERIOD, m.DEPT_ID deptId, m.CREATE_TIME createTime, m.FOR_EACH forEach, m.CYCLE_ID cycleId, m.TEAM_ID teamId, m.PATRIARCH_ID patriarchId, m.IS_PATRIARCH isPatriarch, cy.CYCLE_NAME cycleName, um.IMPORTANT_ONE importantOne, um.URGENT_ONE urgentOne, TO_CHAR(m.CREATE_TIME, 'yyyy-MM-dd') createTimeStr, d.DEPT_NAME deptName, um.FINISH finish, um.ACTUALLY_TIME actuallyTime, LISTAGG(u.USER_ID, ',') WITHIN GROUP (ORDER BY u.USER_ID) userId, LISTAGG(TO_CHAR(u.NAME), ',') WITHIN GROUP (ORDER BY TO_CHAR(u.NAME)) AS name, LISTAGG(r.REMIND_ID, ',') WITHIN GROUP (ORDER BY r.REMIND_ID) remindId FROM t_MATTER M LEFT JOIN t_DEPT d ON (m.DEPT_ID = d.DEPT_ID) LEFT JOIN T_CYCLE cy ON (m.CYCLE_ID = cy.CYCLE_ID) LEFT JOIN t_REMIND r ON (r.MATTER_ID = m.MATTER_ID) LEFT JOIN t_USER_MATTER um ON (um.MATTER_ID = m.MATTER_ID) LEFT JOIN t_USER u ON (u.USER_ID = um.USER_ID) WHERE 1 = 1 AND m.IS_OPEN = ? AND m.FOR_EACH = ? AND TO_CHAR(m.MATTER_OPEN, 'yyyy-MM-dd') = ? GROUP BY m.MATTER_ID, m.MATTER_NAME, m.MATTER_TEXT, m.MATTER_OPEN, m.END, m.IS_OPEN, m.IMPORTANT, m.URGENT, m.PERIOD, m.DEPT_ID, m.CREATE_TIME, m.FOR_EACH, m.CYCLE_ID, m.TEAM_ID, cy.CYCLE_NAME, um.IMPORTANT_ONE, um.URGENT_ONE, d.DEPT_NAME, um.FINISH, um.ACTUALLY_TIME ORDER BY m.END DESC
### Cause: java.sql.SQLSyntaxErrorException: ORA-00979: 不是 GROUP BY 表达式

; bad SQL grammar []; nested exception is java.sql.SQLSyntaxErrorException: ORA-00979: 不是 GROUP BY 表达式

	at org.springframework.jdbc.support.SQLExceptionSubclassTranslator.doTranslate(SQLExceptionSubclassTranslator.java:93)
	at org.springframework.jdbc.support.AbstractFallbackSQLExceptionTranslator.translate(AbstractFallbackSQLExceptionTranslator.java:72)
	at org.springframework.jdbc.support.AbstractFallbackSQLExceptionTranslator.translate(AbstractFallbackSQLExceptionTranslator.java:81)
	at org.mybatis.spring.MyBatisExceptionTranslator.translateExceptionIfPossible(MyBatisExceptionTranslator.java:88)
	at org.mybatis.spring.SqlSessionTemplate$SqlSessionInterceptor.invoke(SqlSessionTemplate.java:440)
	at com.sun.proxy.$Proxy113.selectList(Unknown Source)
	at org.mybatis.spring.SqlSessionTemplate.selectList(SqlSessionTemplate.java:223)
	at com.baomidou.mybatisplus.core.override.MybatisMapperMethod.executeForMany(MybatisMapperMethod.java:177)
	at com.baomidou.mybatisplus.core.override.MybatisMapperMethod.execute(MybatisMapperMethod.java:78)
	at com.baomidou.mybatisplus.core.override.MybatisMapperProxy.invoke(MybatisMapperProxy.java:96)
	at com.sun.proxy.$Proxy156.findMatterDetail(Unknown Source)
	at cc.mrbird.febs.system.service.impl.MatterServiceImpl.findMatters(MatterServiceImpl.java:128)
	at cc.mrbird.febs.system.service.impl.MatterServiceImpl$$FastClassBySpringCGLIB$$ca6ce362.invoke(<generated>)
	at org.springframework.cglib.proxy.MethodProxy.invoke(MethodProxy.java:218)
	at org.springframework.aop.framework.CglibAopProxy$CglibMethodInvocation.invokeJoinpoint(CglibAopProxy.java:771)
	at org.springframework.aop.framework.ReflectiveMethodInvocation.proceed(ReflectiveMethodInvocation.java:163)
	at org.springframework.aop.framework.CglibAopProxy$CglibMethodInvocation.proceed(CglibAopProxy.java:749)
	at org.springframework.transaction.interceptor.TransactionAspectSupport.invokeWithinTransaction(TransactionAspectSupport.java:367)
	at org.springframework.transaction.interceptor.TransactionInterceptor.invoke(TransactionInterceptor.java:118)
	at org.springframework.aop.framework.ReflectiveMethodInvocation.proceed(ReflectiveMethodInvocation.java:186)
	at org.springframework.aop.framework.CglibAopProxy$CglibMethodInvocation.proceed(CglibAopProxy.java:749)
	at org.springframework.aop.framework.CglibAopProxy$DynamicAdvisedInterceptor.intercept(CglibAopProxy.java:691)
	at cc.mrbird.febs.system.service.impl.MatterServiceImpl$$EnhancerBySpringCGLIB$$1293f2e6.findMatters(<generated>)
	at cc.mrbird.febs.task.AlarmTask.forEACH(AlarmTask.java:126)
	at cc.mrbird.febs.task.AlarmTask.afterPropertiesSet(AlarmTask.java:480)
	at org.springframework.beans.factory.support.AbstractAutowireCapableBeanFactory.invokeInitMethods(AbstractAutowireCapableBeanFactory.java:1855)
	at org.springframework.beans.factory.support.AbstractAutowireCapableBeanFactory.initializeBean(AbstractAutowireCapableBeanFactory.java:1792)
	... 16 common frames omitted
Caused by: java.sql.SQLSyntaxErrorException: ORA-00979: 不是 GROUP BY 表达式

	at oracle.jdbc.driver.T4CTTIoer.processError(T4CTTIoer.java:450)
	at oracle.jdbc.driver.T4CTTIoer.processError(T4CTTIoer.java:399)
	at oracle.jdbc.driver.T4C8Oall.processError(T4C8Oall.java:1017)
	at oracle.jdbc.driver.T4CTTIfun.receive(T4CTTIfun.java:655)
	at oracle.jdbc.driver.T4CTTIfun.doRPC(T4CTTIfun.java:249)
	at oracle.jdbc.driver.T4C8Oall.doOALL(T4C8Oall.java:566)
	at oracle.jdbc.driver.T4CPreparedStatement.doOall8(T4CPreparedStatement.java:215)
	at oracle.jdbc.driver.T4CPreparedStatement.doOall8(T4CPreparedStatement.java:58)
	at oracle.jdbc.driver.T4CPreparedStatement.executeForDescribe(T4CPreparedStatement.java:776)
	at oracle.jdbc.driver.OracleStatement.executeMaybeDescribe(OracleStatement.java:897)
	at oracle.jdbc.driver.OracleStatement.doExecuteWithTimeout(OracleStatement.java:1034)
	at oracle.jdbc.driver.OraclePreparedStatement.executeInternal(OraclePreparedStatement.java:3820)
	at oracle.jdbc.driver.OraclePreparedStatement.execute(OraclePreparedStatement.java:3923)
	at oracle.jdbc.driver.OraclePreparedStatementWrapper.execute(OraclePreparedStatementWrapper.java:1385)
	at com.zaxxer.hikari.pool.ProxyPreparedStatement.execute(ProxyPreparedStatement.java:44)
	at com.zaxxer.hikari.pool.HikariProxyPreparedStatement.execute(HikariProxyPreparedStatement.java)
	at org.apache.ibatis.executor.statement.PreparedStatementHandler.query(PreparedStatementHandler.java:64)
	at org.apache.ibatis.executor.statement.RoutingStatementHandler.query(RoutingStatementHandler.java:79)
	at sun.reflect.NativeMethodAccessorImpl.invoke0(Native Method)
	at sun.reflect.NativeMethodAccessorImpl.invoke(NativeMethodAccessorImpl.java:62)
	at sun.reflect.DelegatingMethodAccessorImpl.invoke(DelegatingMethodAccessorImpl.java:43)
	at java.lang.reflect.Method.invoke(Method.java:498)
	at org.apache.ibatis.plugin.Plugin.invoke(Plugin.java:63)
	at com.sun.proxy.$Proxy168.query(Unknown Source)
	at sun.reflect.NativeMethodAccessorImpl.invoke0(Native Method)
	at sun.reflect.NativeMethodAccessorImpl.invoke(NativeMethodAccessorImpl.java:62)
	at sun.reflect.DelegatingMethodAccessorImpl.invoke(DelegatingMethodAccessorImpl.java:43)
	at java.lang.reflect.Method.invoke(Method.java:498)
	at org.apache.ibatis.plugin.Plugin.invoke(Plugin.java:63)
	at com.sun.proxy.$Proxy168.query(Unknown Source)
	at com.baomidou.mybatisplus.core.executor.MybatisSimpleExecutor.doQuery(MybatisSimpleExecutor.java:67)
	at org.apache.ibatis.executor.BaseExecutor.queryFromDatabase(BaseExecutor.java:324)
	at org.apache.ibatis.executor.BaseExecutor.query(BaseExecutor.java:156)
	at com.baomidou.mybatisplus.core.executor.MybatisCachingExecutor.query(MybatisCachingExecutor.java:163)
	at com.baomidou.mybatisplus.core.executor.MybatisCachingExecutor.query(MybatisCachingExecutor.java:90)
	at sun.reflect.NativeMethodAccessorImpl.invoke0(Native Method)
	at sun.reflect.NativeMethodAccessorImpl.invoke(NativeMethodAccessorImpl.java:62)
	at sun.reflect.DelegatingMethodAccessorImpl.invoke(DelegatingMethodAccessorImpl.java:43)
	at java.lang.reflect.Method.invoke(Method.java:498)
	at org.apache.ibatis.plugin.Invocation.proceed(Invocation.java:49)
	at cc.mrbird.febs.common.interceptor.DesensitizationInterceptor.intercept(DesensitizationInterceptor.java:34)
	at org.apache.ibatis.plugin.Plugin.invoke(Plugin.java:61)
	at com.sun.proxy.$Proxy167.query(Unknown Source)
	at sun.reflect.NativeMethodAccessorImpl.invoke0(Native Method)
	at sun.reflect.NativeMethodAccessorImpl.invoke(NativeMethodAccessorImpl.java:62)
	at sun.reflect.DelegatingMethodAccessorImpl.invoke(DelegatingMethodAccessorImpl.java:43)
	at java.lang.reflect.Method.invoke(Method.java:498)
	at org.apache.ibatis.plugin.Plugin.invoke(Plugin.java:63)
	at com.sun.proxy.$Proxy167.query(Unknown Source)
	at org.apache.ibatis.session.defaults.DefaultSqlSession.selectList(DefaultSqlSession.java:147)
	at org.apache.ibatis.session.defaults.DefaultSqlSession.selectList(DefaultSqlSession.java:140)
	at sun.reflect.NativeMethodAccessorImpl.invoke0(Native Method)
	at sun.reflect.NativeMethodAccessorImpl.invoke(NativeMethodAccessorImpl.java:62)
	at sun.reflect.DelegatingMethodAccessorImpl.invoke(DelegatingMethodAccessorImpl.java:43)
	at java.lang.reflect.Method.invoke(Method.java:498)
	at org.mybatis.spring.SqlSessionTemplate$SqlSessionInterceptor.invoke(SqlSessionTemplate.java:426)
	... 38 common frames omitted
2020-10-07 09:28:06 ERROR http-nio-8081-exec-3 cc.mrbird.febs.common.utils.AddressUtil 获取IP地址失败，null
2020-10-07 09:28:13 ERROR Febs-Async-Thread2 cc.mrbird.febs.common.utils.AddressUtil 获取IP地址失败，null
2020-10-07 09:29:31 ERROR Febs-Async-Thread3 cc.mrbird.febs.common.utils.AddressUtil 获取IP地址失败，null
2020-10-07 09:32:15 ERROR Febs-Async-Thread4 cc.mrbird.febs.common.utils.AddressUtil 获取IP地址失败，null
2020-10-07 09:32:29 ERROR Febs-Async-Thread5 cc.mrbird.febs.common.utils.AddressUtil 获取IP地址失败，null
2020-10-07 10:44:46 ERROR http-nio-8081-exec-7 cc.mrbird.febs.common.utils.AddressUtil 获取IP地址失败，null
2020-10-07 11:05:21 ERROR http-nio-8081-exec-5 cc.mrbird.febs.common.utils.AddressUtil 获取IP地址失败，null
2020-10-07 11:05:25 ERROR Febs-Async-Thread2 cc.mrbird.febs.common.utils.AddressUtil 获取IP地址失败，null
2020-10-07 11:05:28 ERROR Febs-Async-Thread3 cc.mrbird.febs.common.utils.AddressUtil 获取IP地址失败，null
2020-10-07 11:05:32 ERROR Febs-Async-Thread4 cc.mrbird.febs.common.utils.AddressUtil 获取IP地址失败，null
2020-10-07 11:06:11 ERROR Febs-Async-Thread5 cc.mrbird.febs.common.utils.AddressUtil 获取IP地址失败，null
2020-10-07 13:47:30 ERROR http-nio-8081-exec-3 cc.mrbird.febs.common.utils.AddressUtil 获取IP地址失败，null
2020-10-07 15:55:32 ERROR Febs-Async-Thread1 cc.mrbird.febs.common.utils.AddressUtil 获取IP地址失败，null
2020-10-07 16:03:59 ERROR Febs-Async-Thread2 cc.mrbird.febs.common.utils.AddressUtil 获取IP地址失败，null
2020-10-07 16:20:00 ERROR Febs-Async-Thread1 cc.mrbird.febs.common.utils.AddressUtil 获取IP地址失败，null
2020-10-07 16:20:03 ERROR Febs-Async-Thread2 cc.mrbird.febs.common.utils.AddressUtil 获取IP地址失败，null
2020-10-07 16:26:45 ERROR Febs-Async-Thread1 cc.mrbird.febs.common.utils.AddressUtil 获取IP地址失败，null
2020-10-07 16:50:41 ERROR Febs-Async-Thread1 cc.mrbird.febs.common.utils.AddressUtil 获取IP地址失败，null
2020-10-07 16:50:50 ERROR Febs-Async-Thread2 cc.mrbird.febs.common.utils.AddressUtil 获取IP地址失败，null
2020-10-07 16:51:01 ERROR Febs-Async-Thread3 cc.mrbird.febs.common.utils.AddressUtil 获取IP地址失败，null
2020-10-07 17:00:51 ERROR Febs-Async-Thread4 cc.mrbird.febs.common.utils.AddressUtil 获取IP地址失败，null
2020-10-07 17:00:55 ERROR Febs-Async-Thread5 cc.mrbird.febs.common.utils.AddressUtil 获取IP地址失败，null
2020-10-07 17:03:24 ERROR Febs-Async-Thread1 cc.mrbird.febs.common.utils.AddressUtil 获取IP地址失败，null
2020-10-07 17:07:19 ERROR Febs-Async-Thread2 cc.mrbird.febs.common.utils.AddressUtil 获取IP地址失败，null
2020-10-07 17:36:47 ERROR Febs-Async-Thread1 cc.mrbird.febs.common.utils.AddressUtil 获取IP地址失败，null
2020-10-07 17:36:58 ERROR Febs-Async-Thread2 cc.mrbird.febs.common.utils.AddressUtil 获取IP地址失败，null
2020-10-07 17:38:27 ERROR Febs-Async-Thread3 cc.mrbird.febs.common.utils.AddressUtil 获取IP地址失败，null
2020-10-07 17:59:25 ERROR Febs-Async-Thread1 cc.mrbird.febs.common.utils.AddressUtil 获取IP地址失败，null
2020-10-07 17:59:36 ERROR Febs-Async-Thread2 cc.mrbird.febs.common.utils.AddressUtil 获取IP地址失败，null
2020-10-07 18:08:07 ERROR Febs-Async-Thread1 cc.mrbird.febs.common.utils.AddressUtil 获取IP地址失败，null
2020-10-07 18:09:42 ERROR Febs-Async-Thread2 cc.mrbird.febs.common.utils.AddressUtil 获取IP地址失败，null
